[2023-03-27T19:51:53.356+0000] {taskinstance.py:1084} INFO - Dependencies all met for dep_context=non-requeueable deps ti=<TaskInstance: first_load_tables.start_dag manual__2023-03-27T19:51:48.192176+00:00 [queued]>
[2023-03-27T19:51:53.405+0000] {taskinstance.py:1084} INFO - Dependencies all met for dep_context=requeueable deps ti=<TaskInstance: first_load_tables.start_dag manual__2023-03-27T19:51:48.192176+00:00 [queued]>
[2023-03-27T19:51:53.407+0000] {taskinstance.py:1282} INFO - 
--------------------------------------------------------------------------------
[2023-03-27T19:51:53.409+0000] {taskinstance.py:1283} INFO - Starting attempt 1 of 2
[2023-03-27T19:51:53.411+0000] {taskinstance.py:1284} INFO - 
--------------------------------------------------------------------------------
[2023-03-27T19:51:53.475+0000] {taskinstance.py:1303} INFO - Executing <Task(BashOperator): start_dag> on 2023-03-27 19:51:48.192176+00:00
[2023-03-27T19:51:53.482+0000] {standard_task_runner.py:55} INFO - Started process 294 to run task
[2023-03-27T19:51:53.489+0000] {standard_task_runner.py:82} INFO - Running: ['airflow', 'tasks', 'run', 'first_load_tables', 'start_dag', 'manual__2023-03-27T19:51:48.192176+00:00', '--job-id', '2', '--raw', '--subdir', 'DAGS_FOLDER/dag_first_load_tables.py', '--cfg-path', '/tmp/tmpq4m843ix']
[2023-03-27T19:51:53.492+0000] {standard_task_runner.py:83} INFO - Job 2: Subtask start_dag
[2023-03-27T19:51:53.869+0000] {task_command.py:388} INFO - Running <TaskInstance: first_load_tables.start_dag manual__2023-03-27T19:51:48.192176+00:00 [running]> on host 9cbe97b22cd5
[2023-03-27T19:51:54.303+0000] {taskinstance.py:1509} INFO - Exporting the following env vars:
AIRFLOW_CTX_DAG_OWNER=airflow
AIRFLOW_CTX_DAG_ID=first_load_tables
AIRFLOW_CTX_TASK_ID=start_dag
AIRFLOW_CTX_EXECUTION_DATE=2023-03-27T19:51:48.192176+00:00
AIRFLOW_CTX_TRY_NUMBER=1
AIRFLOW_CTX_DAG_RUN_ID=manual__2023-03-27T19:51:48.192176+00:00
[2023-03-27T19:51:54.311+0000] {subprocess.py:63} INFO - Tmp dir root location: 
 /tmp
[2023-03-27T19:51:54.314+0000] {subprocess.py:75} INFO - Running command: ['/bin/bash', '-c', 'echo "Starting first_load_tables DAG"']
[2023-03-27T19:51:54.329+0000] {subprocess.py:86} INFO - Output:
[2023-03-27T19:51:54.365+0000] {subprocess.py:93} INFO - Starting first_load_tables DAG
[2023-03-27T19:51:54.368+0000] {subprocess.py:97} INFO - Command exited with return code 0
[2023-03-27T19:51:54.541+0000] {taskinstance.py:1321} INFO - Marking task as SUCCESS. dag_id=first_load_tables, task_id=start_dag, execution_date=20230327T195148, start_date=20230327T195153, end_date=20230327T195154
[2023-03-27T19:51:54.635+0000] {local_task_job.py:212} INFO - Task exited with return code 0
[2023-03-27T19:51:54.798+0000] {taskinstance.py:2585} INFO - 1 downstream tasks scheduled from follow-on schedule check
