[2023-03-27T19:40:11.495+0000] {processor.py:153} INFO - Started process (PID=283) to work on /opt/bitnami/airflow/dags/dag_extraction_podcast.py
[2023-03-27T19:40:11.498+0000] {processor.py:743} INFO - Processing file /opt/bitnami/airflow/dags/dag_extraction_podcast.py for tasks to queue
[2023-03-27T19:40:11.502+0000] {logging_mixin.py:137} INFO - [2023-03-27T19:40:11.501+0000] {dagbag.py:532} INFO - Filling up the DagBag from /opt/bitnami/airflow/dags/dag_extraction_podcast.py
[2023-03-27T19:40:13.919+0000] {processor.py:753} INFO - DAG(s) dict_keys(['podcast_dag']) retrieved from /opt/bitnami/airflow/dags/dag_extraction_podcast.py
[2023-03-27T19:40:14.501+0000] {logging_mixin.py:137} INFO - [2023-03-27T19:40:14.500+0000] {manager.py:504} INFO - Created Permission View: can edit on DAG:podcast_dag
[2023-03-27T19:40:14.553+0000] {logging_mixin.py:137} INFO - [2023-03-27T19:40:14.552+0000] {manager.py:504} INFO - Created Permission View: can delete on DAG:podcast_dag
[2023-03-27T19:40:14.605+0000] {logging_mixin.py:137} INFO - [2023-03-27T19:40:14.604+0000] {manager.py:504} INFO - Created Permission View: can read on DAG:podcast_dag
[2023-03-27T19:40:14.609+0000] {logging_mixin.py:137} INFO - [2023-03-27T19:40:14.606+0000] {dag.py:2693} INFO - Sync 1 DAGs
[2023-03-27T19:40:14.667+0000] {logging_mixin.py:137} INFO - [2023-03-27T19:40:14.665+0000] {dag.py:2714} INFO - Creating ORM DAG for podcast_dag
[2023-03-27T19:40:14.732+0000] {logging_mixin.py:137} INFO - [2023-03-27T19:40:14.732+0000] {dag.py:3440} INFO - Setting next_dagrun for podcast_dag to 2023-03-28T01:00:00+00:00, run_after=2023-03-29T01:00:00+00:00
[2023-03-27T19:40:14.795+0000] {processor.py:175} INFO - Processing /opt/bitnami/airflow/dags/dag_extraction_podcast.py took 3.308 seconds
[2023-03-27T19:40:45.014+0000] {processor.py:153} INFO - Started process (PID=299) to work on /opt/bitnami/airflow/dags/dag_extraction_podcast.py
[2023-03-27T19:40:45.017+0000] {processor.py:743} INFO - Processing file /opt/bitnami/airflow/dags/dag_extraction_podcast.py for tasks to queue
[2023-03-27T19:40:45.022+0000] {logging_mixin.py:137} INFO - [2023-03-27T19:40:45.021+0000] {dagbag.py:532} INFO - Filling up the DagBag from /opt/bitnami/airflow/dags/dag_extraction_podcast.py
[2023-03-27T19:40:48.188+0000] {processor.py:753} INFO - DAG(s) dict_keys(['podcast_dag']) retrieved from /opt/bitnami/airflow/dags/dag_extraction_podcast.py
[2023-03-27T19:40:48.488+0000] {logging_mixin.py:137} INFO - [2023-03-27T19:40:48.486+0000] {dag.py:2693} INFO - Sync 1 DAGs
[2023-03-27T19:40:48.608+0000] {logging_mixin.py:137} INFO - [2023-03-27T19:40:48.607+0000] {dag.py:3440} INFO - Setting next_dagrun for podcast_dag to 2023-03-28T01:00:00+00:00, run_after=2023-03-29T01:00:00+00:00
[2023-03-27T19:40:48.686+0000] {processor.py:175} INFO - Processing /opt/bitnami/airflow/dags/dag_extraction_podcast.py took 3.682 seconds
[2023-03-27T19:41:18.759+0000] {processor.py:153} INFO - Started process (PID=315) to work on /opt/bitnami/airflow/dags/dag_extraction_podcast.py
[2023-03-27T19:41:18.761+0000] {processor.py:743} INFO - Processing file /opt/bitnami/airflow/dags/dag_extraction_podcast.py for tasks to queue
[2023-03-27T19:41:18.764+0000] {logging_mixin.py:137} INFO - [2023-03-27T19:41:18.764+0000] {dagbag.py:532} INFO - Filling up the DagBag from /opt/bitnami/airflow/dags/dag_extraction_podcast.py
[2023-03-27T19:41:21.302+0000] {processor.py:753} INFO - DAG(s) dict_keys(['podcast_dag']) retrieved from /opt/bitnami/airflow/dags/dag_extraction_podcast.py
[2023-03-27T19:41:21.618+0000] {logging_mixin.py:137} INFO - [2023-03-27T19:41:21.615+0000] {dag.py:2693} INFO - Sync 1 DAGs
[2023-03-27T19:41:21.739+0000] {logging_mixin.py:137} INFO - [2023-03-27T19:41:21.738+0000] {dag.py:3440} INFO - Setting next_dagrun for podcast_dag to 2023-03-28T01:00:00+00:00, run_after=2023-03-29T01:00:00+00:00
[2023-03-27T19:41:21.824+0000] {processor.py:175} INFO - Processing /opt/bitnami/airflow/dags/dag_extraction_podcast.py took 3.073 seconds
[2023-03-27T19:41:52.090+0000] {processor.py:153} INFO - Started process (PID=331) to work on /opt/bitnami/airflow/dags/dag_extraction_podcast.py
[2023-03-27T19:41:52.096+0000] {processor.py:743} INFO - Processing file /opt/bitnami/airflow/dags/dag_extraction_podcast.py for tasks to queue
[2023-03-27T19:41:52.101+0000] {logging_mixin.py:137} INFO - [2023-03-27T19:41:52.100+0000] {dagbag.py:532} INFO - Filling up the DagBag from /opt/bitnami/airflow/dags/dag_extraction_podcast.py
[2023-03-27T19:41:54.614+0000] {processor.py:753} INFO - DAG(s) dict_keys(['podcast_dag']) retrieved from /opt/bitnami/airflow/dags/dag_extraction_podcast.py
[2023-03-27T19:41:54.923+0000] {logging_mixin.py:137} INFO - [2023-03-27T19:41:54.921+0000] {dag.py:2693} INFO - Sync 1 DAGs
[2023-03-27T19:41:55.040+0000] {logging_mixin.py:137} INFO - [2023-03-27T19:41:55.039+0000] {dag.py:3440} INFO - Setting next_dagrun for podcast_dag to 2023-03-28T01:00:00+00:00, run_after=2023-03-29T01:00:00+00:00
[2023-03-27T19:41:55.124+0000] {processor.py:175} INFO - Processing /opt/bitnami/airflow/dags/dag_extraction_podcast.py took 3.045 seconds
[2023-03-27T19:42:25.387+0000] {processor.py:153} INFO - Started process (PID=347) to work on /opt/bitnami/airflow/dags/dag_extraction_podcast.py
[2023-03-27T19:42:25.391+0000] {processor.py:743} INFO - Processing file /opt/bitnami/airflow/dags/dag_extraction_podcast.py for tasks to queue
[2023-03-27T19:42:25.395+0000] {logging_mixin.py:137} INFO - [2023-03-27T19:42:25.394+0000] {dagbag.py:532} INFO - Filling up the DagBag from /opt/bitnami/airflow/dags/dag_extraction_podcast.py
[2023-03-27T19:42:27.718+0000] {processor.py:753} INFO - DAG(s) dict_keys(['podcast_dag']) retrieved from /opt/bitnami/airflow/dags/dag_extraction_podcast.py
[2023-03-27T19:42:28.045+0000] {logging_mixin.py:137} INFO - [2023-03-27T19:42:28.042+0000] {dag.py:2693} INFO - Sync 1 DAGs
[2023-03-27T19:42:28.187+0000] {logging_mixin.py:137} INFO - [2023-03-27T19:42:28.186+0000] {dag.py:3440} INFO - Setting next_dagrun for podcast_dag to 2023-03-28T01:00:00+00:00, run_after=2023-03-29T01:00:00+00:00
[2023-03-27T19:42:28.279+0000] {processor.py:175} INFO - Processing /opt/bitnami/airflow/dags/dag_extraction_podcast.py took 2.900 seconds
[2023-03-27T19:42:58.705+0000] {processor.py:153} INFO - Started process (PID=363) to work on /opt/bitnami/airflow/dags/dag_extraction_podcast.py
[2023-03-27T19:42:58.708+0000] {processor.py:743} INFO - Processing file /opt/bitnami/airflow/dags/dag_extraction_podcast.py for tasks to queue
[2023-03-27T19:42:58.711+0000] {logging_mixin.py:137} INFO - [2023-03-27T19:42:58.711+0000] {dagbag.py:532} INFO - Filling up the DagBag from /opt/bitnami/airflow/dags/dag_extraction_podcast.py
[2023-03-27T19:43:00.933+0000] {processor.py:753} INFO - DAG(s) dict_keys(['podcast_dag']) retrieved from /opt/bitnami/airflow/dags/dag_extraction_podcast.py
[2023-03-27T19:43:01.218+0000] {logging_mixin.py:137} INFO - [2023-03-27T19:43:01.216+0000] {dag.py:2693} INFO - Sync 1 DAGs
[2023-03-27T19:43:01.328+0000] {logging_mixin.py:137} INFO - [2023-03-27T19:43:01.327+0000] {dag.py:3440} INFO - Setting next_dagrun for podcast_dag to 2023-03-28T01:00:00+00:00, run_after=2023-03-29T01:00:00+00:00
[2023-03-27T19:43:01.400+0000] {processor.py:175} INFO - Processing /opt/bitnami/airflow/dags/dag_extraction_podcast.py took 2.703 seconds
[2023-03-27T19:43:31.473+0000] {processor.py:153} INFO - Started process (PID=379) to work on /opt/bitnami/airflow/dags/dag_extraction_podcast.py
[2023-03-27T19:43:31.476+0000] {processor.py:743} INFO - Processing file /opt/bitnami/airflow/dags/dag_extraction_podcast.py for tasks to queue
[2023-03-27T19:43:31.480+0000] {logging_mixin.py:137} INFO - [2023-03-27T19:43:31.479+0000] {dagbag.py:532} INFO - Filling up the DagBag from /opt/bitnami/airflow/dags/dag_extraction_podcast.py
[2023-03-27T19:43:33.797+0000] {processor.py:753} INFO - DAG(s) dict_keys(['podcast_dag']) retrieved from /opt/bitnami/airflow/dags/dag_extraction_podcast.py
[2023-03-27T19:43:34.085+0000] {logging_mixin.py:137} INFO - [2023-03-27T19:43:34.083+0000] {dag.py:2693} INFO - Sync 1 DAGs
[2023-03-27T19:43:34.197+0000] {logging_mixin.py:137} INFO - [2023-03-27T19:43:34.196+0000] {dag.py:3440} INFO - Setting next_dagrun for podcast_dag to 2023-03-28T01:00:00+00:00, run_after=2023-03-29T01:00:00+00:00
[2023-03-27T19:43:34.270+0000] {processor.py:175} INFO - Processing /opt/bitnami/airflow/dags/dag_extraction_podcast.py took 2.805 seconds
[2023-03-27T19:44:04.580+0000] {processor.py:153} INFO - Started process (PID=395) to work on /opt/bitnami/airflow/dags/dag_extraction_podcast.py
[2023-03-27T19:44:04.584+0000] {processor.py:743} INFO - Processing file /opt/bitnami/airflow/dags/dag_extraction_podcast.py for tasks to queue
[2023-03-27T19:44:04.588+0000] {logging_mixin.py:137} INFO - [2023-03-27T19:44:04.587+0000] {dagbag.py:532} INFO - Filling up the DagBag from /opt/bitnami/airflow/dags/dag_extraction_podcast.py
[2023-03-27T19:44:07.024+0000] {processor.py:753} INFO - DAG(s) dict_keys(['podcast_dag']) retrieved from /opt/bitnami/airflow/dags/dag_extraction_podcast.py
[2023-03-27T19:44:07.350+0000] {logging_mixin.py:137} INFO - [2023-03-27T19:44:07.348+0000] {dag.py:2693} INFO - Sync 1 DAGs
[2023-03-27T19:44:07.480+0000] {logging_mixin.py:137} INFO - [2023-03-27T19:44:07.479+0000] {dag.py:3440} INFO - Setting next_dagrun for podcast_dag to 2023-03-28T01:00:00+00:00, run_after=2023-03-29T01:00:00+00:00
[2023-03-27T19:44:07.573+0000] {processor.py:175} INFO - Processing /opt/bitnami/airflow/dags/dag_extraction_podcast.py took 3.002 seconds
[2023-03-27T19:44:37.727+0000] {processor.py:153} INFO - Started process (PID=411) to work on /opt/bitnami/airflow/dags/dag_extraction_podcast.py
[2023-03-27T19:44:37.730+0000] {processor.py:743} INFO - Processing file /opt/bitnami/airflow/dags/dag_extraction_podcast.py for tasks to queue
[2023-03-27T19:44:37.735+0000] {logging_mixin.py:137} INFO - [2023-03-27T19:44:37.735+0000] {dagbag.py:532} INFO - Filling up the DagBag from /opt/bitnami/airflow/dags/dag_extraction_podcast.py
[2023-03-27T19:44:40.019+0000] {processor.py:753} INFO - DAG(s) dict_keys(['podcast_dag']) retrieved from /opt/bitnami/airflow/dags/dag_extraction_podcast.py
[2023-03-27T19:44:40.303+0000] {logging_mixin.py:137} INFO - [2023-03-27T19:44:40.300+0000] {dag.py:2693} INFO - Sync 1 DAGs
[2023-03-27T19:44:40.423+0000] {logging_mixin.py:137} INFO - [2023-03-27T19:44:40.422+0000] {dag.py:3440} INFO - Setting next_dagrun for podcast_dag to 2023-03-28T01:00:00+00:00, run_after=2023-03-29T01:00:00+00:00
[2023-03-27T19:44:40.497+0000] {processor.py:175} INFO - Processing /opt/bitnami/airflow/dags/dag_extraction_podcast.py took 2.781 seconds
[2023-03-27T19:45:11.122+0000] {processor.py:153} INFO - Started process (PID=427) to work on /opt/bitnami/airflow/dags/dag_extraction_podcast.py
[2023-03-27T19:45:11.126+0000] {processor.py:743} INFO - Processing file /opt/bitnami/airflow/dags/dag_extraction_podcast.py for tasks to queue
[2023-03-27T19:45:11.129+0000] {logging_mixin.py:137} INFO - [2023-03-27T19:45:11.128+0000] {dagbag.py:532} INFO - Filling up the DagBag from /opt/bitnami/airflow/dags/dag_extraction_podcast.py
[2023-03-27T19:45:13.327+0000] {processor.py:753} INFO - DAG(s) dict_keys(['podcast_dag']) retrieved from /opt/bitnami/airflow/dags/dag_extraction_podcast.py
[2023-03-27T19:45:13.608+0000] {logging_mixin.py:137} INFO - [2023-03-27T19:45:13.606+0000] {dag.py:2693} INFO - Sync 1 DAGs
[2023-03-27T19:45:13.720+0000] {logging_mixin.py:137} INFO - [2023-03-27T19:45:13.719+0000] {dag.py:3440} INFO - Setting next_dagrun for podcast_dag to 2023-03-28T01:00:00+00:00, run_after=2023-03-29T01:00:00+00:00
[2023-03-27T19:45:13.794+0000] {processor.py:175} INFO - Processing /opt/bitnami/airflow/dags/dag_extraction_podcast.py took 2.681 seconds
[2023-03-27T19:45:44.207+0000] {processor.py:153} INFO - Started process (PID=443) to work on /opt/bitnami/airflow/dags/dag_extraction_podcast.py
[2023-03-27T19:45:44.229+0000] {processor.py:743} INFO - Processing file /opt/bitnami/airflow/dags/dag_extraction_podcast.py for tasks to queue
[2023-03-27T19:45:44.249+0000] {logging_mixin.py:137} INFO - [2023-03-27T19:45:44.249+0000] {dagbag.py:532} INFO - Filling up the DagBag from /opt/bitnami/airflow/dags/dag_extraction_podcast.py
[2023-03-27T19:45:46.703+0000] {processor.py:753} INFO - DAG(s) dict_keys(['podcast_dag']) retrieved from /opt/bitnami/airflow/dags/dag_extraction_podcast.py
[2023-03-27T19:45:46.982+0000] {logging_mixin.py:137} INFO - [2023-03-27T19:45:46.980+0000] {dag.py:2693} INFO - Sync 1 DAGs
[2023-03-27T19:45:47.094+0000] {logging_mixin.py:137} INFO - [2023-03-27T19:45:47.094+0000] {dag.py:3440} INFO - Setting next_dagrun for podcast_dag to 2023-03-28T01:00:00+00:00, run_after=2023-03-29T01:00:00+00:00
[2023-03-27T19:45:47.194+0000] {processor.py:175} INFO - Processing /opt/bitnami/airflow/dags/dag_extraction_podcast.py took 2.995 seconds
[2023-03-27T19:46:17.567+0000] {processor.py:153} INFO - Started process (PID=459) to work on /opt/bitnami/airflow/dags/dag_extraction_podcast.py
[2023-03-27T19:46:17.572+0000] {processor.py:743} INFO - Processing file /opt/bitnami/airflow/dags/dag_extraction_podcast.py for tasks to queue
[2023-03-27T19:46:17.576+0000] {logging_mixin.py:137} INFO - [2023-03-27T19:46:17.575+0000] {dagbag.py:532} INFO - Filling up the DagBag from /opt/bitnami/airflow/dags/dag_extraction_podcast.py
[2023-03-27T19:46:19.866+0000] {processor.py:753} INFO - DAG(s) dict_keys(['podcast_dag']) retrieved from /opt/bitnami/airflow/dags/dag_extraction_podcast.py
[2023-03-27T19:46:20.181+0000] {logging_mixin.py:137} INFO - [2023-03-27T19:46:20.178+0000] {dag.py:2693} INFO - Sync 1 DAGs
[2023-03-27T19:46:20.310+0000] {logging_mixin.py:137} INFO - [2023-03-27T19:46:20.309+0000] {dag.py:3440} INFO - Setting next_dagrun for podcast_dag to 2023-03-28T01:00:00+00:00, run_after=2023-03-29T01:00:00+00:00
[2023-03-27T19:46:20.392+0000] {processor.py:175} INFO - Processing /opt/bitnami/airflow/dags/dag_extraction_podcast.py took 2.833 seconds
[2023-03-27T19:46:50.814+0000] {processor.py:153} INFO - Started process (PID=475) to work on /opt/bitnami/airflow/dags/dag_extraction_podcast.py
[2023-03-27T19:46:50.818+0000] {processor.py:743} INFO - Processing file /opt/bitnami/airflow/dags/dag_extraction_podcast.py for tasks to queue
[2023-03-27T19:46:50.822+0000] {logging_mixin.py:137} INFO - [2023-03-27T19:46:50.821+0000] {dagbag.py:532} INFO - Filling up the DagBag from /opt/bitnami/airflow/dags/dag_extraction_podcast.py
[2023-03-27T19:46:53.063+0000] {processor.py:753} INFO - DAG(s) dict_keys(['podcast_dag']) retrieved from /opt/bitnami/airflow/dags/dag_extraction_podcast.py
[2023-03-27T19:46:53.344+0000] {logging_mixin.py:137} INFO - [2023-03-27T19:46:53.341+0000] {dag.py:2693} INFO - Sync 1 DAGs
[2023-03-27T19:46:53.458+0000] {logging_mixin.py:137} INFO - [2023-03-27T19:46:53.458+0000] {dag.py:3440} INFO - Setting next_dagrun for podcast_dag to 2023-03-28T01:00:00+00:00, run_after=2023-03-29T01:00:00+00:00
[2023-03-27T19:46:53.535+0000] {processor.py:175} INFO - Processing /opt/bitnami/airflow/dags/dag_extraction_podcast.py took 2.733 seconds
[2023-03-27T19:47:24.144+0000] {processor.py:153} INFO - Started process (PID=491) to work on /opt/bitnami/airflow/dags/dag_extraction_podcast.py
[2023-03-27T19:47:24.147+0000] {processor.py:743} INFO - Processing file /opt/bitnami/airflow/dags/dag_extraction_podcast.py for tasks to queue
[2023-03-27T19:47:24.151+0000] {logging_mixin.py:137} INFO - [2023-03-27T19:47:24.150+0000] {dagbag.py:532} INFO - Filling up the DagBag from /opt/bitnami/airflow/dags/dag_extraction_podcast.py
[2023-03-27T19:47:26.333+0000] {processor.py:753} INFO - DAG(s) dict_keys(['podcast_dag']) retrieved from /opt/bitnami/airflow/dags/dag_extraction_podcast.py
[2023-03-27T19:47:26.625+0000] {logging_mixin.py:137} INFO - [2023-03-27T19:47:26.622+0000] {dag.py:2693} INFO - Sync 1 DAGs
[2023-03-27T19:47:26.738+0000] {logging_mixin.py:137} INFO - [2023-03-27T19:47:26.737+0000] {dag.py:3440} INFO - Setting next_dagrun for podcast_dag to 2023-03-28T01:00:00+00:00, run_after=2023-03-29T01:00:00+00:00
[2023-03-27T19:47:26.815+0000] {processor.py:175} INFO - Processing /opt/bitnami/airflow/dags/dag_extraction_podcast.py took 2.683 seconds
[2023-03-27T19:47:57.256+0000] {processor.py:153} INFO - Started process (PID=507) to work on /opt/bitnami/airflow/dags/dag_extraction_podcast.py
[2023-03-27T19:47:57.260+0000] {processor.py:743} INFO - Processing file /opt/bitnami/airflow/dags/dag_extraction_podcast.py for tasks to queue
[2023-03-27T19:47:57.263+0000] {logging_mixin.py:137} INFO - [2023-03-27T19:47:57.262+0000] {dagbag.py:532} INFO - Filling up the DagBag from /opt/bitnami/airflow/dags/dag_extraction_podcast.py
[2023-03-27T19:47:59.807+0000] {processor.py:753} INFO - DAG(s) dict_keys(['podcast_dag']) retrieved from /opt/bitnami/airflow/dags/dag_extraction_podcast.py
[2023-03-27T19:48:00.115+0000] {logging_mixin.py:137} INFO - [2023-03-27T19:48:00.112+0000] {dag.py:2693} INFO - Sync 1 DAGs
[2023-03-27T19:48:00.248+0000] {logging_mixin.py:137} INFO - [2023-03-27T19:48:00.247+0000] {dag.py:3440} INFO - Setting next_dagrun for podcast_dag to 2023-03-28T01:00:00+00:00, run_after=2023-03-29T01:00:00+00:00
[2023-03-27T19:48:00.357+0000] {processor.py:175} INFO - Processing /opt/bitnami/airflow/dags/dag_extraction_podcast.py took 3.111 seconds
[2023-03-27T19:48:30.699+0000] {processor.py:153} INFO - Started process (PID=523) to work on /opt/bitnami/airflow/dags/dag_extraction_podcast.py
[2023-03-27T19:48:30.703+0000] {processor.py:743} INFO - Processing file /opt/bitnami/airflow/dags/dag_extraction_podcast.py for tasks to queue
[2023-03-27T19:48:30.708+0000] {logging_mixin.py:137} INFO - [2023-03-27T19:48:30.707+0000] {dagbag.py:532} INFO - Filling up the DagBag from /opt/bitnami/airflow/dags/dag_extraction_podcast.py
[2023-03-27T19:48:33.024+0000] {processor.py:753} INFO - DAG(s) dict_keys(['podcast_dag']) retrieved from /opt/bitnami/airflow/dags/dag_extraction_podcast.py
[2023-03-27T19:48:33.321+0000] {logging_mixin.py:137} INFO - [2023-03-27T19:48:33.319+0000] {dag.py:2693} INFO - Sync 1 DAGs
[2023-03-27T19:48:33.434+0000] {logging_mixin.py:137} INFO - [2023-03-27T19:48:33.433+0000] {dag.py:3440} INFO - Setting next_dagrun for podcast_dag to 2023-03-28T01:00:00+00:00, run_after=2023-03-29T01:00:00+00:00
[2023-03-27T19:48:33.507+0000] {processor.py:175} INFO - Processing /opt/bitnami/airflow/dags/dag_extraction_podcast.py took 2.822 seconds
[2023-03-27T19:49:03.694+0000] {processor.py:153} INFO - Started process (PID=539) to work on /opt/bitnami/airflow/dags/dag_extraction_podcast.py
[2023-03-27T19:49:03.698+0000] {processor.py:743} INFO - Processing file /opt/bitnami/airflow/dags/dag_extraction_podcast.py for tasks to queue
[2023-03-27T19:49:03.702+0000] {logging_mixin.py:137} INFO - [2023-03-27T19:49:03.701+0000] {dagbag.py:532} INFO - Filling up the DagBag from /opt/bitnami/airflow/dags/dag_extraction_podcast.py
[2023-03-27T19:49:05.919+0000] {processor.py:753} INFO - DAG(s) dict_keys(['podcast_dag']) retrieved from /opt/bitnami/airflow/dags/dag_extraction_podcast.py
[2023-03-27T19:49:06.198+0000] {logging_mixin.py:137} INFO - [2023-03-27T19:49:06.196+0000] {dag.py:2693} INFO - Sync 1 DAGs
[2023-03-27T19:49:06.312+0000] {logging_mixin.py:137} INFO - [2023-03-27T19:49:06.311+0000] {dag.py:3440} INFO - Setting next_dagrun for podcast_dag to 2023-03-28T01:00:00+00:00, run_after=2023-03-29T01:00:00+00:00
[2023-03-27T19:49:06.387+0000] {processor.py:175} INFO - Processing /opt/bitnami/airflow/dags/dag_extraction_podcast.py took 2.705 seconds
[2023-03-27T19:49:36.642+0000] {processor.py:153} INFO - Started process (PID=555) to work on /opt/bitnami/airflow/dags/dag_extraction_podcast.py
[2023-03-27T19:49:36.645+0000] {processor.py:743} INFO - Processing file /opt/bitnami/airflow/dags/dag_extraction_podcast.py for tasks to queue
[2023-03-27T19:49:36.649+0000] {logging_mixin.py:137} INFO - [2023-03-27T19:49:36.648+0000] {dagbag.py:532} INFO - Filling up the DagBag from /opt/bitnami/airflow/dags/dag_extraction_podcast.py
[2023-03-27T19:49:38.854+0000] {processor.py:753} INFO - DAG(s) dict_keys(['podcast_dag']) retrieved from /opt/bitnami/airflow/dags/dag_extraction_podcast.py
[2023-03-27T19:49:39.150+0000] {logging_mixin.py:137} INFO - [2023-03-27T19:49:39.148+0000] {dag.py:2693} INFO - Sync 1 DAGs
[2023-03-27T19:49:39.269+0000] {logging_mixin.py:137} INFO - [2023-03-27T19:49:39.269+0000] {dag.py:3440} INFO - Setting next_dagrun for podcast_dag to 2023-03-28T01:00:00+00:00, run_after=2023-03-29T01:00:00+00:00
[2023-03-27T19:49:39.343+0000] {processor.py:175} INFO - Processing /opt/bitnami/airflow/dags/dag_extraction_podcast.py took 2.714 seconds
[2023-03-27T19:50:09.533+0000] {processor.py:153} INFO - Started process (PID=571) to work on /opt/bitnami/airflow/dags/dag_extraction_podcast.py
[2023-03-27T19:50:09.537+0000] {processor.py:743} INFO - Processing file /opt/bitnami/airflow/dags/dag_extraction_podcast.py for tasks to queue
[2023-03-27T19:50:09.540+0000] {logging_mixin.py:137} INFO - [2023-03-27T19:50:09.540+0000] {dagbag.py:532} INFO - Filling up the DagBag from /opt/bitnami/airflow/dags/dag_extraction_podcast.py
[2023-03-27T19:50:11.783+0000] {processor.py:753} INFO - DAG(s) dict_keys(['podcast_dag']) retrieved from /opt/bitnami/airflow/dags/dag_extraction_podcast.py
[2023-03-27T19:50:12.091+0000] {logging_mixin.py:137} INFO - [2023-03-27T19:50:12.089+0000] {dag.py:2693} INFO - Sync 1 DAGs
[2023-03-27T19:50:12.218+0000] {logging_mixin.py:137} INFO - [2023-03-27T19:50:12.217+0000] {dag.py:3440} INFO - Setting next_dagrun for podcast_dag to 2023-03-28T01:00:00+00:00, run_after=2023-03-29T01:00:00+00:00
[2023-03-27T19:50:12.302+0000] {processor.py:175} INFO - Processing /opt/bitnami/airflow/dags/dag_extraction_podcast.py took 2.777 seconds
[2023-03-27T19:50:42.548+0000] {processor.py:153} INFO - Started process (PID=587) to work on /opt/bitnami/airflow/dags/dag_extraction_podcast.py
[2023-03-27T19:50:42.551+0000] {processor.py:743} INFO - Processing file /opt/bitnami/airflow/dags/dag_extraction_podcast.py for tasks to queue
[2023-03-27T19:50:42.555+0000] {logging_mixin.py:137} INFO - [2023-03-27T19:50:42.554+0000] {dagbag.py:532} INFO - Filling up the DagBag from /opt/bitnami/airflow/dags/dag_extraction_podcast.py
[2023-03-27T19:50:44.813+0000] {processor.py:753} INFO - DAG(s) dict_keys(['podcast_dag']) retrieved from /opt/bitnami/airflow/dags/dag_extraction_podcast.py
[2023-03-27T19:50:45.126+0000] {logging_mixin.py:137} INFO - [2023-03-27T19:50:45.122+0000] {dag.py:2693} INFO - Sync 1 DAGs
[2023-03-27T19:50:45.253+0000] {logging_mixin.py:137} INFO - [2023-03-27T19:50:45.252+0000] {dag.py:3440} INFO - Setting next_dagrun for podcast_dag to 2023-03-28T01:00:00+00:00, run_after=2023-03-29T01:00:00+00:00
[2023-03-27T19:50:45.331+0000] {processor.py:175} INFO - Processing /opt/bitnami/airflow/dags/dag_extraction_podcast.py took 2.793 seconds
[2023-03-27T19:51:15.681+0000] {processor.py:153} INFO - Started process (PID=603) to work on /opt/bitnami/airflow/dags/dag_extraction_podcast.py
[2023-03-27T19:51:15.685+0000] {processor.py:743} INFO - Processing file /opt/bitnami/airflow/dags/dag_extraction_podcast.py for tasks to queue
[2023-03-27T19:51:15.689+0000] {logging_mixin.py:137} INFO - [2023-03-27T19:51:15.688+0000] {dagbag.py:532} INFO - Filling up the DagBag from /opt/bitnami/airflow/dags/dag_extraction_podcast.py
[2023-03-27T19:51:17.971+0000] {processor.py:753} INFO - DAG(s) dict_keys(['podcast_dag']) retrieved from /opt/bitnami/airflow/dags/dag_extraction_podcast.py
[2023-03-27T19:51:18.276+0000] {logging_mixin.py:137} INFO - [2023-03-27T19:51:18.274+0000] {dag.py:2693} INFO - Sync 1 DAGs
[2023-03-27T19:51:18.402+0000] {logging_mixin.py:137} INFO - [2023-03-27T19:51:18.402+0000] {dag.py:3440} INFO - Setting next_dagrun for podcast_dag to 2023-03-28T01:00:00+00:00, run_after=2023-03-29T01:00:00+00:00
[2023-03-27T19:51:18.547+0000] {processor.py:175} INFO - Processing /opt/bitnami/airflow/dags/dag_extraction_podcast.py took 2.879 seconds
[2023-03-27T19:51:49.288+0000] {processor.py:153} INFO - Started process (PID=619) to work on /opt/bitnami/airflow/dags/dag_extraction_podcast.py
[2023-03-27T19:51:49.293+0000] {processor.py:743} INFO - Processing file /opt/bitnami/airflow/dags/dag_extraction_podcast.py for tasks to queue
[2023-03-27T19:51:49.305+0000] {logging_mixin.py:137} INFO - [2023-03-27T19:51:49.305+0000] {dagbag.py:532} INFO - Filling up the DagBag from /opt/bitnami/airflow/dags/dag_extraction_podcast.py
[2023-03-27T19:51:52.165+0000] {processor.py:753} INFO - DAG(s) dict_keys(['podcast_dag']) retrieved from /opt/bitnami/airflow/dags/dag_extraction_podcast.py
[2023-03-27T19:51:52.477+0000] {logging_mixin.py:137} INFO - [2023-03-27T19:51:52.474+0000] {dag.py:2693} INFO - Sync 1 DAGs
[2023-03-27T19:51:52.602+0000] {logging_mixin.py:137} INFO - [2023-03-27T19:51:52.601+0000] {dag.py:3440} INFO - Setting next_dagrun for podcast_dag to 2023-03-28T01:00:00+00:00, run_after=2023-03-29T01:00:00+00:00
[2023-03-27T19:51:52.690+0000] {processor.py:175} INFO - Processing /opt/bitnami/airflow/dags/dag_extraction_podcast.py took 3.415 seconds
[2023-03-27T19:52:23.158+0000] {processor.py:153} INFO - Started process (PID=635) to work on /opt/bitnami/airflow/dags/dag_extraction_podcast.py
[2023-03-27T19:52:23.161+0000] {processor.py:743} INFO - Processing file /opt/bitnami/airflow/dags/dag_extraction_podcast.py for tasks to queue
[2023-03-27T19:52:23.163+0000] {logging_mixin.py:137} INFO - [2023-03-27T19:52:23.163+0000] {dagbag.py:532} INFO - Filling up the DagBag from /opt/bitnami/airflow/dags/dag_extraction_podcast.py
[2023-03-27T19:52:25.511+0000] {processor.py:753} INFO - DAG(s) dict_keys(['podcast_dag']) retrieved from /opt/bitnami/airflow/dags/dag_extraction_podcast.py
[2023-03-27T19:52:25.831+0000] {logging_mixin.py:137} INFO - [2023-03-27T19:52:25.828+0000] {dag.py:2693} INFO - Sync 1 DAGs
[2023-03-27T19:52:25.954+0000] {logging_mixin.py:137} INFO - [2023-03-27T19:52:25.953+0000] {dag.py:3440} INFO - Setting next_dagrun for podcast_dag to 2023-03-28T01:00:00+00:00, run_after=2023-03-29T01:00:00+00:00
[2023-03-27T19:52:26.029+0000] {processor.py:175} INFO - Processing /opt/bitnami/airflow/dags/dag_extraction_podcast.py took 2.879 seconds
[2023-03-27T19:52:56.286+0000] {processor.py:153} INFO - Started process (PID=651) to work on /opt/bitnami/airflow/dags/dag_extraction_podcast.py
[2023-03-27T19:52:56.289+0000] {processor.py:743} INFO - Processing file /opt/bitnami/airflow/dags/dag_extraction_podcast.py for tasks to queue
[2023-03-27T19:52:56.294+0000] {logging_mixin.py:137} INFO - [2023-03-27T19:52:56.293+0000] {dagbag.py:532} INFO - Filling up the DagBag from /opt/bitnami/airflow/dags/dag_extraction_podcast.py
[2023-03-27T19:52:58.676+0000] {processor.py:753} INFO - DAG(s) dict_keys(['podcast_dag']) retrieved from /opt/bitnami/airflow/dags/dag_extraction_podcast.py
[2023-03-27T19:52:59.061+0000] {logging_mixin.py:137} INFO - [2023-03-27T19:52:59.059+0000] {dag.py:2693} INFO - Sync 1 DAGs
[2023-03-27T19:52:59.218+0000] {logging_mixin.py:137} INFO - [2023-03-27T19:52:59.217+0000] {dag.py:3440} INFO - Setting next_dagrun for podcast_dag to 2023-03-28T01:00:00+00:00, run_after=2023-03-29T01:00:00+00:00
[2023-03-27T19:52:59.326+0000] {processor.py:175} INFO - Processing /opt/bitnami/airflow/dags/dag_extraction_podcast.py took 3.051 seconds
[2023-03-27T19:53:29.771+0000] {processor.py:153} INFO - Started process (PID=667) to work on /opt/bitnami/airflow/dags/dag_extraction_podcast.py
[2023-03-27T19:53:29.774+0000] {processor.py:743} INFO - Processing file /opt/bitnami/airflow/dags/dag_extraction_podcast.py for tasks to queue
[2023-03-27T19:53:29.777+0000] {logging_mixin.py:137} INFO - [2023-03-27T19:53:29.776+0000] {dagbag.py:532} INFO - Filling up the DagBag from /opt/bitnami/airflow/dags/dag_extraction_podcast.py
[2023-03-27T19:53:32.036+0000] {processor.py:753} INFO - DAG(s) dict_keys(['podcast_dag']) retrieved from /opt/bitnami/airflow/dags/dag_extraction_podcast.py
[2023-03-27T19:53:32.358+0000] {logging_mixin.py:137} INFO - [2023-03-27T19:53:32.355+0000] {dag.py:2693} INFO - Sync 1 DAGs
[2023-03-27T19:53:32.471+0000] {logging_mixin.py:137} INFO - [2023-03-27T19:53:32.470+0000] {dag.py:3440} INFO - Setting next_dagrun for podcast_dag to 2023-03-28T01:00:00+00:00, run_after=2023-03-29T01:00:00+00:00
[2023-03-27T19:53:32.545+0000] {processor.py:175} INFO - Processing /opt/bitnami/airflow/dags/dag_extraction_podcast.py took 2.782 seconds
[2023-03-27T19:54:02.670+0000] {processor.py:153} INFO - Started process (PID=683) to work on /opt/bitnami/airflow/dags/dag_extraction_podcast.py
[2023-03-27T19:54:02.673+0000] {processor.py:743} INFO - Processing file /opt/bitnami/airflow/dags/dag_extraction_podcast.py for tasks to queue
[2023-03-27T19:54:02.675+0000] {logging_mixin.py:137} INFO - [2023-03-27T19:54:02.675+0000] {dagbag.py:532} INFO - Filling up the DagBag from /opt/bitnami/airflow/dags/dag_extraction_podcast.py
[2023-03-27T19:54:04.915+0000] {processor.py:753} INFO - DAG(s) dict_keys(['podcast_dag']) retrieved from /opt/bitnami/airflow/dags/dag_extraction_podcast.py
[2023-03-27T19:54:05.195+0000] {logging_mixin.py:137} INFO - [2023-03-27T19:54:05.193+0000] {dag.py:2693} INFO - Sync 1 DAGs
[2023-03-27T19:54:05.306+0000] {logging_mixin.py:137} INFO - [2023-03-27T19:54:05.305+0000] {dag.py:3440} INFO - Setting next_dagrun for podcast_dag to 2023-03-28T01:00:00+00:00, run_after=2023-03-29T01:00:00+00:00
[2023-03-27T19:54:05.383+0000] {processor.py:175} INFO - Processing /opt/bitnami/airflow/dags/dag_extraction_podcast.py took 2.720 seconds
[2023-03-27T19:54:35.803+0000] {processor.py:153} INFO - Started process (PID=699) to work on /opt/bitnami/airflow/dags/dag_extraction_podcast.py
[2023-03-27T19:54:35.806+0000] {processor.py:743} INFO - Processing file /opt/bitnami/airflow/dags/dag_extraction_podcast.py for tasks to queue
[2023-03-27T19:54:35.810+0000] {logging_mixin.py:137} INFO - [2023-03-27T19:54:35.810+0000] {dagbag.py:532} INFO - Filling up the DagBag from /opt/bitnami/airflow/dags/dag_extraction_podcast.py
[2023-03-27T19:54:38.033+0000] {processor.py:753} INFO - DAG(s) dict_keys(['podcast_dag']) retrieved from /opt/bitnami/airflow/dags/dag_extraction_podcast.py
[2023-03-27T19:54:38.348+0000] {logging_mixin.py:137} INFO - [2023-03-27T19:54:38.346+0000] {dag.py:2693} INFO - Sync 1 DAGs
[2023-03-27T19:54:38.465+0000] {logging_mixin.py:137} INFO - [2023-03-27T19:54:38.464+0000] {dag.py:3440} INFO - Setting next_dagrun for podcast_dag to 2023-03-28T01:00:00+00:00, run_after=2023-03-29T01:00:00+00:00
[2023-03-27T19:54:38.539+0000] {processor.py:175} INFO - Processing /opt/bitnami/airflow/dags/dag_extraction_podcast.py took 2.748 seconds
[2023-03-27T19:55:08.930+0000] {processor.py:153} INFO - Started process (PID=715) to work on /opt/bitnami/airflow/dags/dag_extraction_podcast.py
[2023-03-27T19:55:08.934+0000] {processor.py:743} INFO - Processing file /opt/bitnami/airflow/dags/dag_extraction_podcast.py for tasks to queue
[2023-03-27T19:55:08.938+0000] {logging_mixin.py:137} INFO - [2023-03-27T19:55:08.937+0000] {dagbag.py:532} INFO - Filling up the DagBag from /opt/bitnami/airflow/dags/dag_extraction_podcast.py
[2023-03-27T19:55:11.729+0000] {processor.py:753} INFO - DAG(s) dict_keys(['podcast_dag']) retrieved from /opt/bitnami/airflow/dags/dag_extraction_podcast.py
[2023-03-27T19:55:12.066+0000] {logging_mixin.py:137} INFO - [2023-03-27T19:55:12.063+0000] {dag.py:2693} INFO - Sync 1 DAGs
[2023-03-27T19:55:12.202+0000] {logging_mixin.py:137} INFO - [2023-03-27T19:55:12.201+0000] {dag.py:3440} INFO - Setting next_dagrun for podcast_dag to 2023-03-28T01:00:00+00:00, run_after=2023-03-29T01:00:00+00:00
[2023-03-27T19:55:12.286+0000] {processor.py:175} INFO - Processing /opt/bitnami/airflow/dags/dag_extraction_podcast.py took 3.366 seconds
[2023-03-27T19:55:42.385+0000] {processor.py:153} INFO - Started process (PID=731) to work on /opt/bitnami/airflow/dags/dag_extraction_podcast.py
[2023-03-27T19:55:42.390+0000] {processor.py:743} INFO - Processing file /opt/bitnami/airflow/dags/dag_extraction_podcast.py for tasks to queue
[2023-03-27T19:55:42.395+0000] {logging_mixin.py:137} INFO - [2023-03-27T19:55:42.394+0000] {dagbag.py:532} INFO - Filling up the DagBag from /opt/bitnami/airflow/dags/dag_extraction_podcast.py
[2023-03-27T19:55:44.672+0000] {processor.py:753} INFO - DAG(s) dict_keys(['podcast_dag']) retrieved from /opt/bitnami/airflow/dags/dag_extraction_podcast.py
[2023-03-27T19:55:44.956+0000] {logging_mixin.py:137} INFO - [2023-03-27T19:55:44.954+0000] {dag.py:2693} INFO - Sync 1 DAGs
[2023-03-27T19:55:45.081+0000] {logging_mixin.py:137} INFO - [2023-03-27T19:55:45.080+0000] {dag.py:3440} INFO - Setting next_dagrun for podcast_dag to 2023-03-28T01:00:00+00:00, run_after=2023-03-29T01:00:00+00:00
[2023-03-27T19:55:45.164+0000] {processor.py:175} INFO - Processing /opt/bitnami/airflow/dags/dag_extraction_podcast.py took 2.791 seconds
[2023-03-27T19:56:15.374+0000] {processor.py:153} INFO - Started process (PID=747) to work on /opt/bitnami/airflow/dags/dag_extraction_podcast.py
[2023-03-27T19:56:15.377+0000] {processor.py:743} INFO - Processing file /opt/bitnami/airflow/dags/dag_extraction_podcast.py for tasks to queue
[2023-03-27T19:56:15.380+0000] {logging_mixin.py:137} INFO - [2023-03-27T19:56:15.380+0000] {dagbag.py:532} INFO - Filling up the DagBag from /opt/bitnami/airflow/dags/dag_extraction_podcast.py
[2023-03-27T19:56:17.692+0000] {processor.py:753} INFO - DAG(s) dict_keys(['podcast_dag']) retrieved from /opt/bitnami/airflow/dags/dag_extraction_podcast.py
[2023-03-27T19:56:18.000+0000] {logging_mixin.py:137} INFO - [2023-03-27T19:56:17.998+0000] {dag.py:2693} INFO - Sync 1 DAGs
[2023-03-27T19:56:18.113+0000] {logging_mixin.py:137} INFO - [2023-03-27T19:56:18.112+0000] {dag.py:3440} INFO - Setting next_dagrun for podcast_dag to 2023-03-28T01:00:00+00:00, run_after=2023-03-29T01:00:00+00:00
[2023-03-27T19:56:18.188+0000] {processor.py:175} INFO - Processing /opt/bitnami/airflow/dags/dag_extraction_podcast.py took 2.823 seconds
[2023-03-27T19:56:48.774+0000] {processor.py:153} INFO - Started process (PID=763) to work on /opt/bitnami/airflow/dags/dag_extraction_podcast.py
[2023-03-27T19:56:48.777+0000] {processor.py:743} INFO - Processing file /opt/bitnami/airflow/dags/dag_extraction_podcast.py for tasks to queue
[2023-03-27T19:56:48.780+0000] {logging_mixin.py:137} INFO - [2023-03-27T19:56:48.780+0000] {dagbag.py:532} INFO - Filling up the DagBag from /opt/bitnami/airflow/dags/dag_extraction_podcast.py
[2023-03-27T19:56:51.056+0000] {processor.py:753} INFO - DAG(s) dict_keys(['podcast_dag']) retrieved from /opt/bitnami/airflow/dags/dag_extraction_podcast.py
[2023-03-27T19:56:51.367+0000] {logging_mixin.py:137} INFO - [2023-03-27T19:56:51.365+0000] {dag.py:2693} INFO - Sync 1 DAGs
[2023-03-27T19:56:51.482+0000] {logging_mixin.py:137} INFO - [2023-03-27T19:56:51.481+0000] {dag.py:3440} INFO - Setting next_dagrun for podcast_dag to 2023-03-28T01:00:00+00:00, run_after=2023-03-29T01:00:00+00:00
[2023-03-27T19:56:51.558+0000] {processor.py:175} INFO - Processing /opt/bitnami/airflow/dags/dag_extraction_podcast.py took 2.792 seconds
[2023-03-27T19:57:21.998+0000] {processor.py:153} INFO - Started process (PID=788) to work on /opt/bitnami/airflow/dags/dag_extraction_podcast.py
[2023-03-27T19:57:22.001+0000] {processor.py:743} INFO - Processing file /opt/bitnami/airflow/dags/dag_extraction_podcast.py for tasks to queue
[2023-03-27T19:57:22.004+0000] {logging_mixin.py:137} INFO - [2023-03-27T19:57:22.003+0000] {dagbag.py:532} INFO - Filling up the DagBag from /opt/bitnami/airflow/dags/dag_extraction_podcast.py
[2023-03-27T19:57:24.386+0000] {processor.py:753} INFO - DAG(s) dict_keys(['podcast_dag']) retrieved from /opt/bitnami/airflow/dags/dag_extraction_podcast.py
[2023-03-27T19:57:24.708+0000] {logging_mixin.py:137} INFO - [2023-03-27T19:57:24.706+0000] {dag.py:2693} INFO - Sync 1 DAGs
[2023-03-27T19:57:24.837+0000] {logging_mixin.py:137} INFO - [2023-03-27T19:57:24.836+0000] {dag.py:3440} INFO - Setting next_dagrun for podcast_dag to 2023-03-28T01:00:00+00:00, run_after=2023-03-29T01:00:00+00:00
[2023-03-27T19:57:24.930+0000] {processor.py:175} INFO - Processing /opt/bitnami/airflow/dags/dag_extraction_podcast.py took 2.940 seconds
[2023-03-27T19:57:38.324+0000] {processor.py:153} INFO - Started process (PID=804) to work on /opt/bitnami/airflow/dags/dag_extraction_podcast.py
[2023-03-27T19:57:38.327+0000] {processor.py:743} INFO - Processing file /opt/bitnami/airflow/dags/dag_extraction_podcast.py for tasks to queue
[2023-03-27T19:57:38.330+0000] {logging_mixin.py:137} INFO - [2023-03-27T19:57:38.330+0000] {dagbag.py:532} INFO - Filling up the DagBag from /opt/bitnami/airflow/dags/dag_extraction_podcast.py
[2023-03-27T19:57:40.661+0000] {processor.py:753} INFO - DAG(s) dict_keys(['podcast_dag']) retrieved from /opt/bitnami/airflow/dags/dag_extraction_podcast.py
[2023-03-27T19:57:40.752+0000] {logging_mixin.py:137} INFO - [2023-03-27T19:57:40.750+0000] {dag.py:2693} INFO - Sync 1 DAGs
[2023-03-27T19:57:40.873+0000] {logging_mixin.py:137} INFO - [2023-03-27T19:57:40.873+0000] {dag.py:3440} INFO - Setting next_dagrun for podcast_dag to 2023-03-28T01:00:00+00:00, run_after=2023-03-29T01:00:00+00:00
[2023-03-27T19:57:40.963+0000] {processor.py:175} INFO - Processing /opt/bitnami/airflow/dags/dag_extraction_podcast.py took 2.646 seconds
[2023-03-27T19:57:45.081+0000] {processor.py:153} INFO - Started process (PID=807) to work on /opt/bitnami/airflow/dags/dag_extraction_podcast.py
[2023-03-27T19:57:45.084+0000] {processor.py:743} INFO - Processing file /opt/bitnami/airflow/dags/dag_extraction_podcast.py for tasks to queue
[2023-03-27T19:57:45.087+0000] {logging_mixin.py:137} INFO - [2023-03-27T19:57:45.086+0000] {dagbag.py:532} INFO - Filling up the DagBag from /opt/bitnami/airflow/dags/dag_extraction_podcast.py
[2023-03-27T19:57:47.363+0000] {processor.py:753} INFO - DAG(s) dict_keys(['podcast_dag']) retrieved from /opt/bitnami/airflow/dags/dag_extraction_podcast.py
[2023-03-27T19:57:47.445+0000] {logging_mixin.py:137} INFO - [2023-03-27T19:57:47.443+0000] {dag.py:2693} INFO - Sync 1 DAGs
[2023-03-27T19:57:47.565+0000] {logging_mixin.py:137} INFO - [2023-03-27T19:57:47.564+0000] {dag.py:3440} INFO - Setting next_dagrun for podcast_dag to 2023-03-27T01:00:00+00:00, run_after=2023-03-28T01:00:00+00:00
[2023-03-27T19:57:47.647+0000] {processor.py:175} INFO - Processing /opt/bitnami/airflow/dags/dag_extraction_podcast.py took 2.575 seconds
