[2023-03-27T19:40:10.209+0000] {processor.py:153} INFO - Started process (PID=278) to work on /opt/bitnami/airflow/dags/dag_first_load_tables.py
[2023-03-27T19:40:10.212+0000] {processor.py:743} INFO - Processing file /opt/bitnami/airflow/dags/dag_first_load_tables.py for tasks to queue
[2023-03-27T19:40:10.217+0000] {logging_mixin.py:137} INFO - [2023-03-27T19:40:10.216+0000] {dagbag.py:532} INFO - Filling up the DagBag from /opt/bitnami/airflow/dags/dag_first_load_tables.py
[2023-03-27T19:40:10.388+0000] {processor.py:753} INFO - DAG(s) dict_keys(['first_load_tables']) retrieved from /opt/bitnami/airflow/dags/dag_first_load_tables.py
[2023-03-27T19:40:11.206+0000] {logging_mixin.py:137} INFO - [2023-03-27T19:40:11.205+0000] {manager.py:504} INFO - Created Permission View: can edit on DAG:first_load_tables
[2023-03-27T19:40:11.239+0000] {logging_mixin.py:137} INFO - [2023-03-27T19:40:11.239+0000] {manager.py:504} INFO - Created Permission View: can delete on DAG:first_load_tables
[2023-03-27T19:40:11.265+0000] {logging_mixin.py:137} INFO - [2023-03-27T19:40:11.265+0000] {manager.py:504} INFO - Created Permission View: can read on DAG:first_load_tables
[2023-03-27T19:40:11.268+0000] {logging_mixin.py:137} INFO - [2023-03-27T19:40:11.267+0000] {dag.py:2693} INFO - Sync 1 DAGs
[2023-03-27T19:40:11.323+0000] {logging_mixin.py:137} INFO - [2023-03-27T19:40:11.322+0000] {dag.py:2714} INFO - Creating ORM DAG for first_load_tables
[2023-03-27T19:40:11.382+0000] {logging_mixin.py:137} INFO - [2023-03-27T19:40:11.382+0000] {dag.py:3440} INFO - Setting next_dagrun for first_load_tables to None, run_after=None
[2023-03-27T19:40:11.446+0000] {processor.py:175} INFO - Processing /opt/bitnami/airflow/dags/dag_first_load_tables.py took 1.247 seconds
[2023-03-27T19:40:42.973+0000] {processor.py:153} INFO - Started process (PID=294) to work on /opt/bitnami/airflow/dags/dag_first_load_tables.py
[2023-03-27T19:40:42.976+0000] {processor.py:743} INFO - Processing file /opt/bitnami/airflow/dags/dag_first_load_tables.py for tasks to queue
[2023-03-27T19:40:42.981+0000] {logging_mixin.py:137} INFO - [2023-03-27T19:40:42.980+0000] {dagbag.py:532} INFO - Filling up the DagBag from /opt/bitnami/airflow/dags/dag_first_load_tables.py
[2023-03-27T19:40:43.064+0000] {processor.py:753} INFO - DAG(s) dict_keys(['first_load_tables']) retrieved from /opt/bitnami/airflow/dags/dag_first_load_tables.py
[2023-03-27T19:40:43.215+0000] {logging_mixin.py:137} INFO - [2023-03-27T19:40:43.214+0000] {dag.py:2693} INFO - Sync 1 DAGs
[2023-03-27T19:40:43.343+0000] {logging_mixin.py:137} INFO - [2023-03-27T19:40:43.343+0000] {dag.py:3440} INFO - Setting next_dagrun for first_load_tables to None, run_after=None
[2023-03-27T19:40:43.440+0000] {processor.py:175} INFO - Processing /opt/bitnami/airflow/dags/dag_first_load_tables.py took 0.476 seconds
[2023-03-27T19:41:16.024+0000] {processor.py:153} INFO - Started process (PID=310) to work on /opt/bitnami/airflow/dags/dag_first_load_tables.py
[2023-03-27T19:41:16.028+0000] {processor.py:743} INFO - Processing file /opt/bitnami/airflow/dags/dag_first_load_tables.py for tasks to queue
[2023-03-27T19:41:16.031+0000] {logging_mixin.py:137} INFO - [2023-03-27T19:41:16.031+0000] {dagbag.py:532} INFO - Filling up the DagBag from /opt/bitnami/airflow/dags/dag_first_load_tables.py
[2023-03-27T19:41:16.109+0000] {processor.py:753} INFO - DAG(s) dict_keys(['first_load_tables']) retrieved from /opt/bitnami/airflow/dags/dag_first_load_tables.py
[2023-03-27T19:41:16.246+0000] {logging_mixin.py:137} INFO - [2023-03-27T19:41:16.245+0000] {dag.py:2693} INFO - Sync 1 DAGs
[2023-03-27T19:41:16.358+0000] {logging_mixin.py:137} INFO - [2023-03-27T19:41:16.358+0000] {dag.py:3440} INFO - Setting next_dagrun for first_load_tables to None, run_after=None
[2023-03-27T19:41:16.480+0000] {processor.py:175} INFO - Processing /opt/bitnami/airflow/dags/dag_first_load_tables.py took 0.463 seconds
[2023-03-27T19:41:48.904+0000] {processor.py:153} INFO - Started process (PID=326) to work on /opt/bitnami/airflow/dags/dag_first_load_tables.py
[2023-03-27T19:41:48.907+0000] {processor.py:743} INFO - Processing file /opt/bitnami/airflow/dags/dag_first_load_tables.py for tasks to queue
[2023-03-27T19:41:48.911+0000] {logging_mixin.py:137} INFO - [2023-03-27T19:41:48.911+0000] {dagbag.py:532} INFO - Filling up the DagBag from /opt/bitnami/airflow/dags/dag_first_load_tables.py
[2023-03-27T19:41:49.003+0000] {processor.py:753} INFO - DAG(s) dict_keys(['first_load_tables']) retrieved from /opt/bitnami/airflow/dags/dag_first_load_tables.py
[2023-03-27T19:41:49.146+0000] {logging_mixin.py:137} INFO - [2023-03-27T19:41:49.145+0000] {dag.py:2693} INFO - Sync 1 DAGs
[2023-03-27T19:41:49.265+0000] {logging_mixin.py:137} INFO - [2023-03-27T19:41:49.264+0000] {dag.py:3440} INFO - Setting next_dagrun for first_load_tables to None, run_after=None
[2023-03-27T19:41:49.339+0000] {processor.py:175} INFO - Processing /opt/bitnami/airflow/dags/dag_first_load_tables.py took 0.443 seconds
[2023-03-27T19:42:21.888+0000] {processor.py:153} INFO - Started process (PID=342) to work on /opt/bitnami/airflow/dags/dag_first_load_tables.py
[2023-03-27T19:42:21.891+0000] {processor.py:743} INFO - Processing file /opt/bitnami/airflow/dags/dag_first_load_tables.py for tasks to queue
[2023-03-27T19:42:21.895+0000] {logging_mixin.py:137} INFO - [2023-03-27T19:42:21.894+0000] {dagbag.py:532} INFO - Filling up the DagBag from /opt/bitnami/airflow/dags/dag_first_load_tables.py
[2023-03-27T19:42:21.966+0000] {processor.py:753} INFO - DAG(s) dict_keys(['first_load_tables']) retrieved from /opt/bitnami/airflow/dags/dag_first_load_tables.py
[2023-03-27T19:42:22.106+0000] {logging_mixin.py:137} INFO - [2023-03-27T19:42:22.106+0000] {dag.py:2693} INFO - Sync 1 DAGs
[2023-03-27T19:42:22.220+0000] {logging_mixin.py:137} INFO - [2023-03-27T19:42:22.219+0000] {dag.py:3440} INFO - Setting next_dagrun for first_load_tables to None, run_after=None
[2023-03-27T19:42:22.287+0000] {processor.py:175} INFO - Processing /opt/bitnami/airflow/dags/dag_first_load_tables.py took 0.407 seconds
[2023-03-27T19:42:54.645+0000] {processor.py:153} INFO - Started process (PID=358) to work on /opt/bitnami/airflow/dags/dag_first_load_tables.py
[2023-03-27T19:42:54.648+0000] {processor.py:743} INFO - Processing file /opt/bitnami/airflow/dags/dag_first_load_tables.py for tasks to queue
[2023-03-27T19:42:54.651+0000] {logging_mixin.py:137} INFO - [2023-03-27T19:42:54.650+0000] {dagbag.py:532} INFO - Filling up the DagBag from /opt/bitnami/airflow/dags/dag_first_load_tables.py
[2023-03-27T19:42:54.723+0000] {processor.py:753} INFO - DAG(s) dict_keys(['first_load_tables']) retrieved from /opt/bitnami/airflow/dags/dag_first_load_tables.py
[2023-03-27T19:42:54.857+0000] {logging_mixin.py:137} INFO - [2023-03-27T19:42:54.856+0000] {dag.py:2693} INFO - Sync 1 DAGs
[2023-03-27T19:42:54.970+0000] {logging_mixin.py:137} INFO - [2023-03-27T19:42:54.970+0000] {dag.py:3440} INFO - Setting next_dagrun for first_load_tables to None, run_after=None
[2023-03-27T19:42:55.041+0000] {processor.py:175} INFO - Processing /opt/bitnami/airflow/dags/dag_first_load_tables.py took 0.404 seconds
[2023-03-27T19:43:27.213+0000] {processor.py:153} INFO - Started process (PID=374) to work on /opt/bitnami/airflow/dags/dag_first_load_tables.py
[2023-03-27T19:43:27.217+0000] {processor.py:743} INFO - Processing file /opt/bitnami/airflow/dags/dag_first_load_tables.py for tasks to queue
[2023-03-27T19:43:27.221+0000] {logging_mixin.py:137} INFO - [2023-03-27T19:43:27.220+0000] {dagbag.py:532} INFO - Filling up the DagBag from /opt/bitnami/airflow/dags/dag_first_load_tables.py
[2023-03-27T19:43:27.326+0000] {processor.py:753} INFO - DAG(s) dict_keys(['first_load_tables']) retrieved from /opt/bitnami/airflow/dags/dag_first_load_tables.py
[2023-03-27T19:43:27.473+0000] {logging_mixin.py:137} INFO - [2023-03-27T19:43:27.473+0000] {dag.py:2693} INFO - Sync 1 DAGs
[2023-03-27T19:43:27.589+0000] {logging_mixin.py:137} INFO - [2023-03-27T19:43:27.588+0000] {dag.py:3440} INFO - Setting next_dagrun for first_load_tables to None, run_after=None
[2023-03-27T19:43:27.663+0000] {processor.py:175} INFO - Processing /opt/bitnami/airflow/dags/dag_first_load_tables.py took 0.458 seconds
[2023-03-27T19:44:00.169+0000] {processor.py:153} INFO - Started process (PID=390) to work on /opt/bitnami/airflow/dags/dag_first_load_tables.py
[2023-03-27T19:44:00.171+0000] {processor.py:743} INFO - Processing file /opt/bitnami/airflow/dags/dag_first_load_tables.py for tasks to queue
[2023-03-27T19:44:00.174+0000] {logging_mixin.py:137} INFO - [2023-03-27T19:44:00.174+0000] {dagbag.py:532} INFO - Filling up the DagBag from /opt/bitnami/airflow/dags/dag_first_load_tables.py
[2023-03-27T19:44:00.264+0000] {processor.py:753} INFO - DAG(s) dict_keys(['first_load_tables']) retrieved from /opt/bitnami/airflow/dags/dag_first_load_tables.py
[2023-03-27T19:44:00.412+0000] {logging_mixin.py:137} INFO - [2023-03-27T19:44:00.411+0000] {dag.py:2693} INFO - Sync 1 DAGs
[2023-03-27T19:44:00.531+0000] {logging_mixin.py:137} INFO - [2023-03-27T19:44:00.530+0000] {dag.py:3440} INFO - Setting next_dagrun for first_load_tables to None, run_after=None
[2023-03-27T19:44:00.602+0000] {processor.py:175} INFO - Processing /opt/bitnami/airflow/dags/dag_first_load_tables.py took 0.440 seconds
[2023-03-27T19:44:32.625+0000] {processor.py:153} INFO - Started process (PID=406) to work on /opt/bitnami/airflow/dags/dag_first_load_tables.py
[2023-03-27T19:44:32.629+0000] {processor.py:743} INFO - Processing file /opt/bitnami/airflow/dags/dag_first_load_tables.py for tasks to queue
[2023-03-27T19:44:32.633+0000] {logging_mixin.py:137} INFO - [2023-03-27T19:44:32.632+0000] {dagbag.py:532} INFO - Filling up the DagBag from /opt/bitnami/airflow/dags/dag_first_load_tables.py
[2023-03-27T19:44:32.719+0000] {processor.py:753} INFO - DAG(s) dict_keys(['first_load_tables']) retrieved from /opt/bitnami/airflow/dags/dag_first_load_tables.py
[2023-03-27T19:44:32.873+0000] {logging_mixin.py:137} INFO - [2023-03-27T19:44:32.872+0000] {dag.py:2693} INFO - Sync 1 DAGs
[2023-03-27T19:44:32.997+0000] {logging_mixin.py:137} INFO - [2023-03-27T19:44:32.996+0000] {dag.py:3440} INFO - Setting next_dagrun for first_load_tables to None, run_after=None
[2023-03-27T19:44:33.069+0000] {processor.py:175} INFO - Processing /opt/bitnami/airflow/dags/dag_first_load_tables.py took 0.452 seconds
[2023-03-27T19:45:05.503+0000] {processor.py:153} INFO - Started process (PID=422) to work on /opt/bitnami/airflow/dags/dag_first_load_tables.py
[2023-03-27T19:45:05.505+0000] {processor.py:743} INFO - Processing file /opt/bitnami/airflow/dags/dag_first_load_tables.py for tasks to queue
[2023-03-27T19:45:05.508+0000] {logging_mixin.py:137} INFO - [2023-03-27T19:45:05.508+0000] {dagbag.py:532} INFO - Filling up the DagBag from /opt/bitnami/airflow/dags/dag_first_load_tables.py
[2023-03-27T19:45:05.595+0000] {processor.py:753} INFO - DAG(s) dict_keys(['first_load_tables']) retrieved from /opt/bitnami/airflow/dags/dag_first_load_tables.py
[2023-03-27T19:45:05.738+0000] {logging_mixin.py:137} INFO - [2023-03-27T19:45:05.737+0000] {dag.py:2693} INFO - Sync 1 DAGs
[2023-03-27T19:45:05.852+0000] {logging_mixin.py:137} INFO - [2023-03-27T19:45:05.851+0000] {dag.py:3440} INFO - Setting next_dagrun for first_load_tables to None, run_after=None
[2023-03-27T19:45:05.922+0000] {processor.py:175} INFO - Processing /opt/bitnami/airflow/dags/dag_first_load_tables.py took 0.427 seconds
[2023-03-27T19:45:38.677+0000] {processor.py:153} INFO - Started process (PID=438) to work on /opt/bitnami/airflow/dags/dag_first_load_tables.py
[2023-03-27T19:45:38.680+0000] {processor.py:743} INFO - Processing file /opt/bitnami/airflow/dags/dag_first_load_tables.py for tasks to queue
[2023-03-27T19:45:38.683+0000] {logging_mixin.py:137} INFO - [2023-03-27T19:45:38.682+0000] {dagbag.py:532} INFO - Filling up the DagBag from /opt/bitnami/airflow/dags/dag_first_load_tables.py
[2023-03-27T19:45:38.761+0000] {processor.py:753} INFO - DAG(s) dict_keys(['first_load_tables']) retrieved from /opt/bitnami/airflow/dags/dag_first_load_tables.py
[2023-03-27T19:45:38.906+0000] {logging_mixin.py:137} INFO - [2023-03-27T19:45:38.906+0000] {dag.py:2693} INFO - Sync 1 DAGs
[2023-03-27T19:45:39.028+0000] {logging_mixin.py:137} INFO - [2023-03-27T19:45:39.028+0000] {dag.py:3440} INFO - Setting next_dagrun for first_load_tables to None, run_after=None
[2023-03-27T19:45:39.101+0000] {processor.py:175} INFO - Processing /opt/bitnami/airflow/dags/dag_first_load_tables.py took 0.431 seconds
[2023-03-27T19:46:11.478+0000] {processor.py:153} INFO - Started process (PID=454) to work on /opt/bitnami/airflow/dags/dag_first_load_tables.py
[2023-03-27T19:46:11.483+0000] {processor.py:743} INFO - Processing file /opt/bitnami/airflow/dags/dag_first_load_tables.py for tasks to queue
[2023-03-27T19:46:11.486+0000] {logging_mixin.py:137} INFO - [2023-03-27T19:46:11.486+0000] {dagbag.py:532} INFO - Filling up the DagBag from /opt/bitnami/airflow/dags/dag_first_load_tables.py
[2023-03-27T19:46:11.563+0000] {processor.py:753} INFO - DAG(s) dict_keys(['first_load_tables']) retrieved from /opt/bitnami/airflow/dags/dag_first_load_tables.py
[2023-03-27T19:46:11.702+0000] {logging_mixin.py:137} INFO - [2023-03-27T19:46:11.701+0000] {dag.py:2693} INFO - Sync 1 DAGs
[2023-03-27T19:46:11.905+0000] {logging_mixin.py:137} INFO - [2023-03-27T19:46:11.904+0000] {dag.py:3440} INFO - Setting next_dagrun for first_load_tables to None, run_after=None
[2023-03-27T19:46:11.979+0000] {processor.py:175} INFO - Processing /opt/bitnami/airflow/dags/dag_first_load_tables.py took 0.510 seconds
[2023-03-27T19:46:44.234+0000] {processor.py:153} INFO - Started process (PID=470) to work on /opt/bitnami/airflow/dags/dag_first_load_tables.py
[2023-03-27T19:46:44.236+0000] {processor.py:743} INFO - Processing file /opt/bitnami/airflow/dags/dag_first_load_tables.py for tasks to queue
[2023-03-27T19:46:44.239+0000] {logging_mixin.py:137} INFO - [2023-03-27T19:46:44.239+0000] {dagbag.py:532} INFO - Filling up the DagBag from /opt/bitnami/airflow/dags/dag_first_load_tables.py
[2023-03-27T19:46:44.319+0000] {processor.py:753} INFO - DAG(s) dict_keys(['first_load_tables']) retrieved from /opt/bitnami/airflow/dags/dag_first_load_tables.py
[2023-03-27T19:46:44.454+0000] {logging_mixin.py:137} INFO - [2023-03-27T19:46:44.454+0000] {dag.py:2693} INFO - Sync 1 DAGs
[2023-03-27T19:46:44.568+0000] {logging_mixin.py:137} INFO - [2023-03-27T19:46:44.567+0000] {dag.py:3440} INFO - Setting next_dagrun for first_load_tables to None, run_after=None
[2023-03-27T19:46:44.634+0000] {processor.py:175} INFO - Processing /opt/bitnami/airflow/dags/dag_first_load_tables.py took 0.409 seconds
[2023-03-27T19:47:16.529+0000] {processor.py:153} INFO - Started process (PID=486) to work on /opt/bitnami/airflow/dags/dag_first_load_tables.py
[2023-03-27T19:47:16.532+0000] {processor.py:743} INFO - Processing file /opt/bitnami/airflow/dags/dag_first_load_tables.py for tasks to queue
[2023-03-27T19:47:16.535+0000] {logging_mixin.py:137} INFO - [2023-03-27T19:47:16.534+0000] {dagbag.py:532} INFO - Filling up the DagBag from /opt/bitnami/airflow/dags/dag_first_load_tables.py
[2023-03-27T19:47:16.612+0000] {processor.py:753} INFO - DAG(s) dict_keys(['first_load_tables']) retrieved from /opt/bitnami/airflow/dags/dag_first_load_tables.py
[2023-03-27T19:47:16.746+0000] {logging_mixin.py:137} INFO - [2023-03-27T19:47:16.745+0000] {dag.py:2693} INFO - Sync 1 DAGs
[2023-03-27T19:47:16.867+0000] {logging_mixin.py:137} INFO - [2023-03-27T19:47:16.866+0000] {dag.py:3440} INFO - Setting next_dagrun for first_load_tables to None, run_after=None
[2023-03-27T19:47:16.937+0000] {processor.py:175} INFO - Processing /opt/bitnami/airflow/dags/dag_first_load_tables.py took 0.416 seconds
[2023-03-27T19:47:48.693+0000] {processor.py:153} INFO - Started process (PID=502) to work on /opt/bitnami/airflow/dags/dag_first_load_tables.py
[2023-03-27T19:47:48.695+0000] {processor.py:743} INFO - Processing file /opt/bitnami/airflow/dags/dag_first_load_tables.py for tasks to queue
[2023-03-27T19:47:48.698+0000] {logging_mixin.py:137} INFO - [2023-03-27T19:47:48.698+0000] {dagbag.py:532} INFO - Filling up the DagBag from /opt/bitnami/airflow/dags/dag_first_load_tables.py
[2023-03-27T19:47:48.786+0000] {processor.py:753} INFO - DAG(s) dict_keys(['first_load_tables']) retrieved from /opt/bitnami/airflow/dags/dag_first_load_tables.py
[2023-03-27T19:47:48.933+0000] {logging_mixin.py:137} INFO - [2023-03-27T19:47:48.933+0000] {dag.py:2693} INFO - Sync 1 DAGs
[2023-03-27T19:47:49.051+0000] {logging_mixin.py:137} INFO - [2023-03-27T19:47:49.050+0000] {dag.py:3440} INFO - Setting next_dagrun for first_load_tables to None, run_after=None
[2023-03-27T19:47:49.118+0000] {processor.py:175} INFO - Processing /opt/bitnami/airflow/dags/dag_first_load_tables.py took 0.433 seconds
[2023-03-27T19:48:21.468+0000] {processor.py:153} INFO - Started process (PID=518) to work on /opt/bitnami/airflow/dags/dag_first_load_tables.py
[2023-03-27T19:48:21.471+0000] {processor.py:743} INFO - Processing file /opt/bitnami/airflow/dags/dag_first_load_tables.py for tasks to queue
[2023-03-27T19:48:21.475+0000] {logging_mixin.py:137} INFO - [2023-03-27T19:48:21.474+0000] {dagbag.py:532} INFO - Filling up the DagBag from /opt/bitnami/airflow/dags/dag_first_load_tables.py
[2023-03-27T19:48:21.554+0000] {processor.py:753} INFO - DAG(s) dict_keys(['first_load_tables']) retrieved from /opt/bitnami/airflow/dags/dag_first_load_tables.py
[2023-03-27T19:48:21.692+0000] {logging_mixin.py:137} INFO - [2023-03-27T19:48:21.691+0000] {dag.py:2693} INFO - Sync 1 DAGs
[2023-03-27T19:48:21.807+0000] {logging_mixin.py:137} INFO - [2023-03-27T19:48:21.806+0000] {dag.py:3440} INFO - Setting next_dagrun for first_load_tables to None, run_after=None
[2023-03-27T19:48:21.879+0000] {processor.py:175} INFO - Processing /opt/bitnami/airflow/dags/dag_first_load_tables.py took 0.419 seconds
[2023-03-27T19:48:53.777+0000] {processor.py:153} INFO - Started process (PID=534) to work on /opt/bitnami/airflow/dags/dag_first_load_tables.py
[2023-03-27T19:48:53.781+0000] {processor.py:743} INFO - Processing file /opt/bitnami/airflow/dags/dag_first_load_tables.py for tasks to queue
[2023-03-27T19:48:53.788+0000] {logging_mixin.py:137} INFO - [2023-03-27T19:48:53.786+0000] {dagbag.py:532} INFO - Filling up the DagBag from /opt/bitnami/airflow/dags/dag_first_load_tables.py
[2023-03-27T19:48:53.880+0000] {processor.py:753} INFO - DAG(s) dict_keys(['first_load_tables']) retrieved from /opt/bitnami/airflow/dags/dag_first_load_tables.py
[2023-03-27T19:48:54.023+0000] {logging_mixin.py:137} INFO - [2023-03-27T19:48:54.023+0000] {dag.py:2693} INFO - Sync 1 DAGs
[2023-03-27T19:48:54.144+0000] {logging_mixin.py:137} INFO - [2023-03-27T19:48:54.143+0000] {dag.py:3440} INFO - Setting next_dagrun for first_load_tables to None, run_after=None
[2023-03-27T19:48:54.212+0000] {processor.py:175} INFO - Processing /opt/bitnami/airflow/dags/dag_first_load_tables.py took 0.445 seconds
[2023-03-27T19:49:26.462+0000] {processor.py:153} INFO - Started process (PID=550) to work on /opt/bitnami/airflow/dags/dag_first_load_tables.py
[2023-03-27T19:49:26.465+0000] {processor.py:743} INFO - Processing file /opt/bitnami/airflow/dags/dag_first_load_tables.py for tasks to queue
[2023-03-27T19:49:26.469+0000] {logging_mixin.py:137} INFO - [2023-03-27T19:49:26.468+0000] {dagbag.py:532} INFO - Filling up the DagBag from /opt/bitnami/airflow/dags/dag_first_load_tables.py
[2023-03-27T19:49:26.554+0000] {processor.py:753} INFO - DAG(s) dict_keys(['first_load_tables']) retrieved from /opt/bitnami/airflow/dags/dag_first_load_tables.py
[2023-03-27T19:49:26.703+0000] {logging_mixin.py:137} INFO - [2023-03-27T19:49:26.703+0000] {dag.py:2693} INFO - Sync 1 DAGs
[2023-03-27T19:49:26.820+0000] {logging_mixin.py:137} INFO - [2023-03-27T19:49:26.819+0000] {dag.py:3440} INFO - Setting next_dagrun for first_load_tables to None, run_after=None
[2023-03-27T19:49:26.895+0000] {processor.py:175} INFO - Processing /opt/bitnami/airflow/dags/dag_first_load_tables.py took 0.441 seconds
[2023-03-27T19:49:58.820+0000] {processor.py:153} INFO - Started process (PID=566) to work on /opt/bitnami/airflow/dags/dag_first_load_tables.py
[2023-03-27T19:49:58.824+0000] {processor.py:743} INFO - Processing file /opt/bitnami/airflow/dags/dag_first_load_tables.py for tasks to queue
[2023-03-27T19:49:58.828+0000] {logging_mixin.py:137} INFO - [2023-03-27T19:49:58.827+0000] {dagbag.py:532} INFO - Filling up the DagBag from /opt/bitnami/airflow/dags/dag_first_load_tables.py
[2023-03-27T19:49:58.913+0000] {processor.py:753} INFO - DAG(s) dict_keys(['first_load_tables']) retrieved from /opt/bitnami/airflow/dags/dag_first_load_tables.py
[2023-03-27T19:49:59.067+0000] {logging_mixin.py:137} INFO - [2023-03-27T19:49:59.066+0000] {dag.py:2693} INFO - Sync 1 DAGs
[2023-03-27T19:49:59.189+0000] {logging_mixin.py:137} INFO - [2023-03-27T19:49:59.189+0000] {dag.py:3440} INFO - Setting next_dagrun for first_load_tables to None, run_after=None
[2023-03-27T19:49:59.258+0000] {processor.py:175} INFO - Processing /opt/bitnami/airflow/dags/dag_first_load_tables.py took 0.447 seconds
[2023-03-27T19:50:31.267+0000] {processor.py:153} INFO - Started process (PID=582) to work on /opt/bitnami/airflow/dags/dag_first_load_tables.py
[2023-03-27T19:50:31.270+0000] {processor.py:743} INFO - Processing file /opt/bitnami/airflow/dags/dag_first_load_tables.py for tasks to queue
[2023-03-27T19:50:31.273+0000] {logging_mixin.py:137} INFO - [2023-03-27T19:50:31.272+0000] {dagbag.py:532} INFO - Filling up the DagBag from /opt/bitnami/airflow/dags/dag_first_load_tables.py
[2023-03-27T19:50:31.348+0000] {processor.py:753} INFO - DAG(s) dict_keys(['first_load_tables']) retrieved from /opt/bitnami/airflow/dags/dag_first_load_tables.py
[2023-03-27T19:50:31.490+0000] {logging_mixin.py:137} INFO - [2023-03-27T19:50:31.490+0000] {dag.py:2693} INFO - Sync 1 DAGs
[2023-03-27T19:50:31.606+0000] {logging_mixin.py:137} INFO - [2023-03-27T19:50:31.605+0000] {dag.py:3440} INFO - Setting next_dagrun for first_load_tables to None, run_after=None
[2023-03-27T19:50:31.685+0000] {processor.py:175} INFO - Processing /opt/bitnami/airflow/dags/dag_first_load_tables.py took 0.425 seconds
[2023-03-27T19:51:03.972+0000] {processor.py:153} INFO - Started process (PID=598) to work on /opt/bitnami/airflow/dags/dag_first_load_tables.py
[2023-03-27T19:51:03.975+0000] {processor.py:743} INFO - Processing file /opt/bitnami/airflow/dags/dag_first_load_tables.py for tasks to queue
[2023-03-27T19:51:03.977+0000] {logging_mixin.py:137} INFO - [2023-03-27T19:51:03.977+0000] {dagbag.py:532} INFO - Filling up the DagBag from /opt/bitnami/airflow/dags/dag_first_load_tables.py
[2023-03-27T19:51:04.051+0000] {processor.py:753} INFO - DAG(s) dict_keys(['first_load_tables']) retrieved from /opt/bitnami/airflow/dags/dag_first_load_tables.py
[2023-03-27T19:51:04.186+0000] {logging_mixin.py:137} INFO - [2023-03-27T19:51:04.185+0000] {dag.py:2693} INFO - Sync 1 DAGs
[2023-03-27T19:51:04.301+0000] {logging_mixin.py:137} INFO - [2023-03-27T19:51:04.300+0000] {dag.py:3440} INFO - Setting next_dagrun for first_load_tables to None, run_after=None
[2023-03-27T19:51:04.374+0000] {processor.py:175} INFO - Processing /opt/bitnami/airflow/dags/dag_first_load_tables.py took 0.410 seconds
[2023-03-27T19:51:36.327+0000] {processor.py:153} INFO - Started process (PID=614) to work on /opt/bitnami/airflow/dags/dag_first_load_tables.py
[2023-03-27T19:51:36.330+0000] {processor.py:743} INFO - Processing file /opt/bitnami/airflow/dags/dag_first_load_tables.py for tasks to queue
[2023-03-27T19:51:36.333+0000] {logging_mixin.py:137} INFO - [2023-03-27T19:51:36.332+0000] {dagbag.py:532} INFO - Filling up the DagBag from /opt/bitnami/airflow/dags/dag_first_load_tables.py
[2023-03-27T19:51:36.417+0000] {processor.py:753} INFO - DAG(s) dict_keys(['first_load_tables']) retrieved from /opt/bitnami/airflow/dags/dag_first_load_tables.py
[2023-03-27T19:51:36.560+0000] {logging_mixin.py:137} INFO - [2023-03-27T19:51:36.559+0000] {dag.py:2693} INFO - Sync 1 DAGs
[2023-03-27T19:51:36.680+0000] {logging_mixin.py:137} INFO - [2023-03-27T19:51:36.680+0000] {dag.py:3440} INFO - Setting next_dagrun for first_load_tables to None, run_after=None
[2023-03-27T19:51:36.764+0000] {processor.py:175} INFO - Processing /opt/bitnami/airflow/dags/dag_first_load_tables.py took 0.445 seconds
[2023-03-27T19:52:10.275+0000] {processor.py:153} INFO - Started process (PID=630) to work on /opt/bitnami/airflow/dags/dag_first_load_tables.py
[2023-03-27T19:52:10.289+0000] {processor.py:743} INFO - Processing file /opt/bitnami/airflow/dags/dag_first_load_tables.py for tasks to queue
[2023-03-27T19:52:10.295+0000] {logging_mixin.py:137} INFO - [2023-03-27T19:52:10.294+0000] {dagbag.py:532} INFO - Filling up the DagBag from /opt/bitnami/airflow/dags/dag_first_load_tables.py
[2023-03-27T19:52:10.388+0000] {processor.py:753} INFO - DAG(s) dict_keys(['first_load_tables']) retrieved from /opt/bitnami/airflow/dags/dag_first_load_tables.py
[2023-03-27T19:52:10.550+0000] {logging_mixin.py:137} INFO - [2023-03-27T19:52:10.549+0000] {dag.py:2693} INFO - Sync 1 DAGs
[2023-03-27T19:52:10.682+0000] {logging_mixin.py:137} INFO - [2023-03-27T19:52:10.682+0000] {dag.py:3440} INFO - Setting next_dagrun for first_load_tables to None, run_after=None
[2023-03-27T19:52:10.750+0000] {processor.py:175} INFO - Processing /opt/bitnami/airflow/dags/dag_first_load_tables.py took 0.503 seconds
[2023-03-27T19:52:43.392+0000] {processor.py:153} INFO - Started process (PID=646) to work on /opt/bitnami/airflow/dags/dag_first_load_tables.py
[2023-03-27T19:52:43.395+0000] {processor.py:743} INFO - Processing file /opt/bitnami/airflow/dags/dag_first_load_tables.py for tasks to queue
[2023-03-27T19:52:43.398+0000] {logging_mixin.py:137} INFO - [2023-03-27T19:52:43.398+0000] {dagbag.py:532} INFO - Filling up the DagBag from /opt/bitnami/airflow/dags/dag_first_load_tables.py
[2023-03-27T19:52:43.480+0000] {processor.py:753} INFO - DAG(s) dict_keys(['first_load_tables']) retrieved from /opt/bitnami/airflow/dags/dag_first_load_tables.py
[2023-03-27T19:52:43.620+0000] {logging_mixin.py:137} INFO - [2023-03-27T19:52:43.619+0000] {dag.py:2693} INFO - Sync 1 DAGs
[2023-03-27T19:52:43.745+0000] {logging_mixin.py:137} INFO - [2023-03-27T19:52:43.744+0000] {dag.py:3440} INFO - Setting next_dagrun for first_load_tables to None, run_after=None
[2023-03-27T19:52:43.822+0000] {processor.py:175} INFO - Processing /opt/bitnami/airflow/dags/dag_first_load_tables.py took 0.441 seconds
[2023-03-27T19:53:16.492+0000] {processor.py:153} INFO - Started process (PID=662) to work on /opt/bitnami/airflow/dags/dag_first_load_tables.py
[2023-03-27T19:53:16.495+0000] {processor.py:743} INFO - Processing file /opt/bitnami/airflow/dags/dag_first_load_tables.py for tasks to queue
[2023-03-27T19:53:16.498+0000] {logging_mixin.py:137} INFO - [2023-03-27T19:53:16.498+0000] {dagbag.py:532} INFO - Filling up the DagBag from /opt/bitnami/airflow/dags/dag_first_load_tables.py
[2023-03-27T19:53:16.589+0000] {processor.py:753} INFO - DAG(s) dict_keys(['first_load_tables']) retrieved from /opt/bitnami/airflow/dags/dag_first_load_tables.py
[2023-03-27T19:53:16.725+0000] {logging_mixin.py:137} INFO - [2023-03-27T19:53:16.724+0000] {dag.py:2693} INFO - Sync 1 DAGs
[2023-03-27T19:53:16.843+0000] {logging_mixin.py:137} INFO - [2023-03-27T19:53:16.843+0000] {dag.py:3440} INFO - Setting next_dagrun for first_load_tables to None, run_after=None
[2023-03-27T19:53:16.913+0000] {processor.py:175} INFO - Processing /opt/bitnami/airflow/dags/dag_first_load_tables.py took 0.429 seconds
[2023-03-27T19:53:49.541+0000] {processor.py:153} INFO - Started process (PID=681) to work on /opt/bitnami/airflow/dags/dag_first_load_tables.py
[2023-03-27T19:53:49.544+0000] {processor.py:743} INFO - Processing file /opt/bitnami/airflow/dags/dag_first_load_tables.py for tasks to queue
[2023-03-27T19:53:49.548+0000] {logging_mixin.py:137} INFO - [2023-03-27T19:53:49.547+0000] {dagbag.py:532} INFO - Filling up the DagBag from /opt/bitnami/airflow/dags/dag_first_load_tables.py
[2023-03-27T19:53:49.628+0000] {processor.py:753} INFO - DAG(s) dict_keys(['first_load_tables']) retrieved from /opt/bitnami/airflow/dags/dag_first_load_tables.py
[2023-03-27T19:53:49.764+0000] {logging_mixin.py:137} INFO - [2023-03-27T19:53:49.763+0000] {dag.py:2693} INFO - Sync 1 DAGs
[2023-03-27T19:53:49.883+0000] {logging_mixin.py:137} INFO - [2023-03-27T19:53:49.882+0000] {dag.py:3440} INFO - Setting next_dagrun for first_load_tables to None, run_after=None
[2023-03-27T19:53:50.104+0000] {processor.py:175} INFO - Processing /opt/bitnami/airflow/dags/dag_first_load_tables.py took 0.572 seconds
[2023-03-27T19:54:22.025+0000] {processor.py:153} INFO - Started process (PID=697) to work on /opt/bitnami/airflow/dags/dag_first_load_tables.py
[2023-03-27T19:54:22.027+0000] {processor.py:743} INFO - Processing file /opt/bitnami/airflow/dags/dag_first_load_tables.py for tasks to queue
[2023-03-27T19:54:22.030+0000] {logging_mixin.py:137} INFO - [2023-03-27T19:54:22.030+0000] {dagbag.py:532} INFO - Filling up the DagBag from /opt/bitnami/airflow/dags/dag_first_load_tables.py
[2023-03-27T19:54:22.105+0000] {processor.py:753} INFO - DAG(s) dict_keys(['first_load_tables']) retrieved from /opt/bitnami/airflow/dags/dag_first_load_tables.py
[2023-03-27T19:54:22.248+0000] {logging_mixin.py:137} INFO - [2023-03-27T19:54:22.247+0000] {dag.py:2693} INFO - Sync 1 DAGs
[2023-03-27T19:54:22.369+0000] {logging_mixin.py:137} INFO - [2023-03-27T19:54:22.368+0000] {dag.py:3440} INFO - Setting next_dagrun for first_load_tables to None, run_after=None
[2023-03-27T19:54:22.439+0000] {processor.py:175} INFO - Processing /opt/bitnami/airflow/dags/dag_first_load_tables.py took 0.422 seconds
[2023-03-27T19:54:54.484+0000] {processor.py:153} INFO - Started process (PID=713) to work on /opt/bitnami/airflow/dags/dag_first_load_tables.py
[2023-03-27T19:54:54.487+0000] {processor.py:743} INFO - Processing file /opt/bitnami/airflow/dags/dag_first_load_tables.py for tasks to queue
[2023-03-27T19:54:54.489+0000] {logging_mixin.py:137} INFO - [2023-03-27T19:54:54.489+0000] {dagbag.py:532} INFO - Filling up the DagBag from /opt/bitnami/airflow/dags/dag_first_load_tables.py
[2023-03-27T19:54:54.564+0000] {processor.py:753} INFO - DAG(s) dict_keys(['first_load_tables']) retrieved from /opt/bitnami/airflow/dags/dag_first_load_tables.py
[2023-03-27T19:54:54.699+0000] {logging_mixin.py:137} INFO - [2023-03-27T19:54:54.699+0000] {dag.py:2693} INFO - Sync 1 DAGs
[2023-03-27T19:54:54.812+0000] {logging_mixin.py:137} INFO - [2023-03-27T19:54:54.811+0000] {dag.py:3440} INFO - Setting next_dagrun for first_load_tables to None, run_after=None
[2023-03-27T19:54:54.880+0000] {processor.py:175} INFO - Processing /opt/bitnami/airflow/dags/dag_first_load_tables.py took 0.403 seconds
[2023-03-27T19:55:26.909+0000] {processor.py:153} INFO - Started process (PID=729) to work on /opt/bitnami/airflow/dags/dag_first_load_tables.py
[2023-03-27T19:55:26.912+0000] {processor.py:743} INFO - Processing file /opt/bitnami/airflow/dags/dag_first_load_tables.py for tasks to queue
[2023-03-27T19:55:26.915+0000] {logging_mixin.py:137} INFO - [2023-03-27T19:55:26.914+0000] {dagbag.py:532} INFO - Filling up the DagBag from /opt/bitnami/airflow/dags/dag_first_load_tables.py
[2023-03-27T19:55:26.997+0000] {processor.py:753} INFO - DAG(s) dict_keys(['first_load_tables']) retrieved from /opt/bitnami/airflow/dags/dag_first_load_tables.py
[2023-03-27T19:55:27.147+0000] {logging_mixin.py:137} INFO - [2023-03-27T19:55:27.146+0000] {dag.py:2693} INFO - Sync 1 DAGs
[2023-03-27T19:55:27.260+0000] {logging_mixin.py:137} INFO - [2023-03-27T19:55:27.260+0000] {dag.py:3440} INFO - Setting next_dagrun for first_load_tables to None, run_after=None
[2023-03-27T19:55:27.330+0000] {processor.py:175} INFO - Processing /opt/bitnami/airflow/dags/dag_first_load_tables.py took 0.429 seconds
[2023-03-27T19:55:59.316+0000] {processor.py:153} INFO - Started process (PID=745) to work on /opt/bitnami/airflow/dags/dag_first_load_tables.py
[2023-03-27T19:55:59.319+0000] {processor.py:743} INFO - Processing file /opt/bitnami/airflow/dags/dag_first_load_tables.py for tasks to queue
[2023-03-27T19:55:59.322+0000] {logging_mixin.py:137} INFO - [2023-03-27T19:55:59.321+0000] {dagbag.py:532} INFO - Filling up the DagBag from /opt/bitnami/airflow/dags/dag_first_load_tables.py
[2023-03-27T19:55:59.394+0000] {processor.py:753} INFO - DAG(s) dict_keys(['first_load_tables']) retrieved from /opt/bitnami/airflow/dags/dag_first_load_tables.py
[2023-03-27T19:55:59.531+0000] {logging_mixin.py:137} INFO - [2023-03-27T19:55:59.530+0000] {dag.py:2693} INFO - Sync 1 DAGs
[2023-03-27T19:55:59.648+0000] {logging_mixin.py:137} INFO - [2023-03-27T19:55:59.647+0000] {dag.py:3440} INFO - Setting next_dagrun for first_load_tables to None, run_after=None
[2023-03-27T19:55:59.870+0000] {processor.py:175} INFO - Processing /opt/bitnami/airflow/dags/dag_first_load_tables.py took 0.563 seconds
[2023-03-27T19:56:31.713+0000] {processor.py:153} INFO - Started process (PID=761) to work on /opt/bitnami/airflow/dags/dag_first_load_tables.py
[2023-03-27T19:56:31.716+0000] {processor.py:743} INFO - Processing file /opt/bitnami/airflow/dags/dag_first_load_tables.py for tasks to queue
[2023-03-27T19:56:31.720+0000] {logging_mixin.py:137} INFO - [2023-03-27T19:56:31.719+0000] {dagbag.py:532} INFO - Filling up the DagBag from /opt/bitnami/airflow/dags/dag_first_load_tables.py
[2023-03-27T19:56:31.799+0000] {processor.py:753} INFO - DAG(s) dict_keys(['first_load_tables']) retrieved from /opt/bitnami/airflow/dags/dag_first_load_tables.py
[2023-03-27T19:56:31.962+0000] {logging_mixin.py:137} INFO - [2023-03-27T19:56:31.961+0000] {dag.py:2693} INFO - Sync 1 DAGs
[2023-03-27T19:56:32.092+0000] {logging_mixin.py:137} INFO - [2023-03-27T19:56:32.091+0000] {dag.py:3440} INFO - Setting next_dagrun for first_load_tables to None, run_after=None
[2023-03-27T19:56:32.161+0000] {processor.py:175} INFO - Processing /opt/bitnami/airflow/dags/dag_first_load_tables.py took 0.455 seconds
[2023-03-27T19:57:04.017+0000] {processor.py:153} INFO - Started process (PID=777) to work on /opt/bitnami/airflow/dags/dag_first_load_tables.py
[2023-03-27T19:57:04.019+0000] {processor.py:743} INFO - Processing file /opt/bitnami/airflow/dags/dag_first_load_tables.py for tasks to queue
[2023-03-27T19:57:04.023+0000] {logging_mixin.py:137} INFO - [2023-03-27T19:57:04.022+0000] {dagbag.py:532} INFO - Filling up the DagBag from /opt/bitnami/airflow/dags/dag_first_load_tables.py
[2023-03-27T19:57:04.097+0000] {processor.py:753} INFO - DAG(s) dict_keys(['first_load_tables']) retrieved from /opt/bitnami/airflow/dags/dag_first_load_tables.py
[2023-03-27T19:57:04.232+0000] {logging_mixin.py:137} INFO - [2023-03-27T19:57:04.231+0000] {dag.py:2693} INFO - Sync 1 DAGs
[2023-03-27T19:57:04.345+0000] {logging_mixin.py:137} INFO - [2023-03-27T19:57:04.344+0000] {dag.py:3440} INFO - Setting next_dagrun for first_load_tables to None, run_after=None
[2023-03-27T19:57:04.412+0000] {processor.py:175} INFO - Processing /opt/bitnami/airflow/dags/dag_first_load_tables.py took 0.404 seconds
[2023-03-27T19:57:36.739+0000] {processor.py:153} INFO - Started process (PID=802) to work on /opt/bitnami/airflow/dags/dag_first_load_tables.py
[2023-03-27T19:57:36.743+0000] {processor.py:743} INFO - Processing file /opt/bitnami/airflow/dags/dag_first_load_tables.py for tasks to queue
[2023-03-27T19:57:36.747+0000] {logging_mixin.py:137} INFO - [2023-03-27T19:57:36.746+0000] {dagbag.py:532} INFO - Filling up the DagBag from /opt/bitnami/airflow/dags/dag_first_load_tables.py
[2023-03-27T19:57:36.878+0000] {processor.py:753} INFO - DAG(s) dict_keys(['first_load_tables']) retrieved from /opt/bitnami/airflow/dags/dag_first_load_tables.py
[2023-03-27T19:57:37.081+0000] {logging_mixin.py:137} INFO - [2023-03-27T19:57:37.081+0000] {dag.py:2693} INFO - Sync 1 DAGs
[2023-03-27T19:57:37.198+0000] {logging_mixin.py:137} INFO - [2023-03-27T19:57:37.197+0000] {dag.py:3440} INFO - Setting next_dagrun for first_load_tables to None, run_after=None
[2023-03-27T19:57:37.267+0000] {processor.py:175} INFO - Processing /opt/bitnami/airflow/dags/dag_first_load_tables.py took 0.538 seconds
