[2023-03-27T19:40:09.788+0000] {processor.py:153} INFO - Started process (PID=276) to work on /opt/bitnami/airflow/dags/scripts/first_load_tables.py
[2023-03-27T19:40:09.797+0000] {processor.py:743} INFO - Processing file /opt/bitnami/airflow/dags/scripts/first_load_tables.py for tasks to queue
[2023-03-27T19:40:09.811+0000] {logging_mixin.py:137} INFO - [2023-03-27T19:40:09.810+0000] {dagbag.py:532} INFO - Filling up the DagBag from /opt/bitnami/airflow/dags/scripts/first_load_tables.py
[2023-03-27T19:40:09.946+0000] {processor.py:755} WARNING - No viable dags retrieved from /opt/bitnami/airflow/dags/scripts/first_load_tables.py
[2023-03-27T19:40:10.092+0000] {processor.py:175} INFO - Processing /opt/bitnami/airflow/dags/scripts/first_load_tables.py took 0.332 seconds
[2023-03-27T19:40:42.803+0000] {processor.py:153} INFO - Started process (PID=292) to work on /opt/bitnami/airflow/dags/scripts/first_load_tables.py
[2023-03-27T19:40:42.806+0000] {processor.py:743} INFO - Processing file /opt/bitnami/airflow/dags/scripts/first_load_tables.py for tasks to queue
[2023-03-27T19:40:42.809+0000] {logging_mixin.py:137} INFO - [2023-03-27T19:40:42.808+0000] {dagbag.py:532} INFO - Filling up the DagBag from /opt/bitnami/airflow/dags/scripts/first_load_tables.py
[2023-03-27T19:40:42.831+0000] {processor.py:755} WARNING - No viable dags retrieved from /opt/bitnami/airflow/dags/scripts/first_load_tables.py
[2023-03-27T19:40:42.927+0000] {processor.py:175} INFO - Processing /opt/bitnami/airflow/dags/scripts/first_load_tables.py took 0.131 seconds
[2023-03-27T19:41:15.847+0000] {processor.py:153} INFO - Started process (PID=308) to work on /opt/bitnami/airflow/dags/scripts/first_load_tables.py
[2023-03-27T19:41:15.850+0000] {processor.py:743} INFO - Processing file /opt/bitnami/airflow/dags/scripts/first_load_tables.py for tasks to queue
[2023-03-27T19:41:15.853+0000] {logging_mixin.py:137} INFO - [2023-03-27T19:41:15.853+0000] {dagbag.py:532} INFO - Filling up the DagBag from /opt/bitnami/airflow/dags/scripts/first_load_tables.py
[2023-03-27T19:41:15.873+0000] {processor.py:755} WARNING - No viable dags retrieved from /opt/bitnami/airflow/dags/scripts/first_load_tables.py
[2023-03-27T19:41:15.983+0000] {processor.py:175} INFO - Processing /opt/bitnami/airflow/dags/scripts/first_load_tables.py took 0.144 seconds
[2023-03-27T19:41:48.834+0000] {processor.py:153} INFO - Started process (PID=324) to work on /opt/bitnami/airflow/dags/scripts/first_load_tables.py
[2023-03-27T19:41:48.837+0000] {processor.py:743} INFO - Processing file /opt/bitnami/airflow/dags/scripts/first_load_tables.py for tasks to queue
[2023-03-27T19:41:48.840+0000] {logging_mixin.py:137} INFO - [2023-03-27T19:41:48.840+0000] {dagbag.py:532} INFO - Filling up the DagBag from /opt/bitnami/airflow/dags/scripts/first_load_tables.py
[2023-03-27T19:41:48.872+0000] {processor.py:755} WARNING - No viable dags retrieved from /opt/bitnami/airflow/dags/scripts/first_load_tables.py
[2023-03-27T19:41:48.977+0000] {processor.py:175} INFO - Processing /opt/bitnami/airflow/dags/scripts/first_load_tables.py took 0.152 seconds
[2023-03-27T19:42:21.735+0000] {processor.py:153} INFO - Started process (PID=340) to work on /opt/bitnami/airflow/dags/scripts/first_load_tables.py
[2023-03-27T19:42:21.739+0000] {processor.py:743} INFO - Processing file /opt/bitnami/airflow/dags/scripts/first_load_tables.py for tasks to queue
[2023-03-27T19:42:21.742+0000] {logging_mixin.py:137} INFO - [2023-03-27T19:42:21.741+0000] {dagbag.py:532} INFO - Filling up the DagBag from /opt/bitnami/airflow/dags/scripts/first_load_tables.py
[2023-03-27T19:42:21.760+0000] {processor.py:755} WARNING - No viable dags retrieved from /opt/bitnami/airflow/dags/scripts/first_load_tables.py
[2023-03-27T19:42:21.848+0000] {processor.py:175} INFO - Processing /opt/bitnami/airflow/dags/scripts/first_load_tables.py took 0.121 seconds
[2023-03-27T19:42:54.498+0000] {processor.py:153} INFO - Started process (PID=356) to work on /opt/bitnami/airflow/dags/scripts/first_load_tables.py
[2023-03-27T19:42:54.500+0000] {processor.py:743} INFO - Processing file /opt/bitnami/airflow/dags/scripts/first_load_tables.py for tasks to queue
[2023-03-27T19:42:54.504+0000] {logging_mixin.py:137} INFO - [2023-03-27T19:42:54.503+0000] {dagbag.py:532} INFO - Filling up the DagBag from /opt/bitnami/airflow/dags/scripts/first_load_tables.py
[2023-03-27T19:42:54.521+0000] {processor.py:755} WARNING - No viable dags retrieved from /opt/bitnami/airflow/dags/scripts/first_load_tables.py
[2023-03-27T19:42:54.606+0000] {processor.py:175} INFO - Processing /opt/bitnami/airflow/dags/scripts/first_load_tables.py took 0.116 seconds
[2023-03-27T19:43:27.212+0000] {processor.py:153} INFO - Started process (PID=372) to work on /opt/bitnami/airflow/dags/scripts/first_load_tables.py
[2023-03-27T19:43:27.215+0000] {processor.py:743} INFO - Processing file /opt/bitnami/airflow/dags/scripts/first_load_tables.py for tasks to queue
[2023-03-27T19:43:27.219+0000] {logging_mixin.py:137} INFO - [2023-03-27T19:43:27.218+0000] {dagbag.py:532} INFO - Filling up the DagBag from /opt/bitnami/airflow/dags/scripts/first_load_tables.py
[2023-03-27T19:43:27.246+0000] {processor.py:755} WARNING - No viable dags retrieved from /opt/bitnami/airflow/dags/scripts/first_load_tables.py
[2023-03-27T19:43:27.349+0000] {processor.py:175} INFO - Processing /opt/bitnami/airflow/dags/scripts/first_load_tables.py took 0.145 seconds
[2023-03-27T19:44:00.167+0000] {processor.py:153} INFO - Started process (PID=388) to work on /opt/bitnami/airflow/dags/scripts/first_load_tables.py
[2023-03-27T19:44:00.170+0000] {processor.py:743} INFO - Processing file /opt/bitnami/airflow/dags/scripts/first_load_tables.py for tasks to queue
[2023-03-27T19:44:00.174+0000] {logging_mixin.py:137} INFO - [2023-03-27T19:44:00.173+0000] {dagbag.py:532} INFO - Filling up the DagBag from /opt/bitnami/airflow/dags/scripts/first_load_tables.py
[2023-03-27T19:44:00.196+0000] {processor.py:755} WARNING - No viable dags retrieved from /opt/bitnami/airflow/dags/scripts/first_load_tables.py
[2023-03-27T19:44:00.295+0000] {processor.py:175} INFO - Processing /opt/bitnami/airflow/dags/scripts/first_load_tables.py took 0.137 seconds
[2023-03-27T19:44:32.472+0000] {processor.py:153} INFO - Started process (PID=404) to work on /opt/bitnami/airflow/dags/scripts/first_load_tables.py
[2023-03-27T19:44:32.474+0000] {processor.py:743} INFO - Processing file /opt/bitnami/airflow/dags/scripts/first_load_tables.py for tasks to queue
[2023-03-27T19:44:32.477+0000] {logging_mixin.py:137} INFO - [2023-03-27T19:44:32.477+0000] {dagbag.py:532} INFO - Filling up the DagBag from /opt/bitnami/airflow/dags/scripts/first_load_tables.py
[2023-03-27T19:44:32.494+0000] {processor.py:755} WARNING - No viable dags retrieved from /opt/bitnami/airflow/dags/scripts/first_load_tables.py
[2023-03-27T19:44:32.579+0000] {processor.py:175} INFO - Processing /opt/bitnami/airflow/dags/scripts/first_load_tables.py took 0.115 seconds
[2023-03-27T19:45:05.501+0000] {processor.py:153} INFO - Started process (PID=420) to work on /opt/bitnami/airflow/dags/scripts/first_load_tables.py
[2023-03-27T19:45:05.505+0000] {processor.py:743} INFO - Processing file /opt/bitnami/airflow/dags/scripts/first_load_tables.py for tasks to queue
[2023-03-27T19:45:05.508+0000] {logging_mixin.py:137} INFO - [2023-03-27T19:45:05.507+0000] {dagbag.py:532} INFO - Filling up the DagBag from /opt/bitnami/airflow/dags/scripts/first_load_tables.py
[2023-03-27T19:45:05.527+0000] {processor.py:755} WARNING - No viable dags retrieved from /opt/bitnami/airflow/dags/scripts/first_load_tables.py
[2023-03-27T19:45:05.622+0000] {processor.py:175} INFO - Processing /opt/bitnami/airflow/dags/scripts/first_load_tables.py took 0.129 seconds
[2023-03-27T19:45:38.495+0000] {processor.py:153} INFO - Started process (PID=436) to work on /opt/bitnami/airflow/dags/scripts/first_load_tables.py
[2023-03-27T19:45:38.497+0000] {processor.py:743} INFO - Processing file /opt/bitnami/airflow/dags/scripts/first_load_tables.py for tasks to queue
[2023-03-27T19:45:38.501+0000] {logging_mixin.py:137} INFO - [2023-03-27T19:45:38.500+0000] {dagbag.py:532} INFO - Filling up the DagBag from /opt/bitnami/airflow/dags/scripts/first_load_tables.py
[2023-03-27T19:45:38.543+0000] {processor.py:755} WARNING - No viable dags retrieved from /opt/bitnami/airflow/dags/scripts/first_load_tables.py
[2023-03-27T19:45:38.633+0000] {processor.py:175} INFO - Processing /opt/bitnami/airflow/dags/scripts/first_load_tables.py took 0.146 seconds
[2023-03-27T19:46:11.305+0000] {processor.py:153} INFO - Started process (PID=452) to work on /opt/bitnami/airflow/dags/scripts/first_load_tables.py
[2023-03-27T19:46:11.308+0000] {processor.py:743} INFO - Processing file /opt/bitnami/airflow/dags/scripts/first_load_tables.py for tasks to queue
[2023-03-27T19:46:11.311+0000] {logging_mixin.py:137} INFO - [2023-03-27T19:46:11.310+0000] {dagbag.py:532} INFO - Filling up the DagBag from /opt/bitnami/airflow/dags/scripts/first_load_tables.py
[2023-03-27T19:46:11.329+0000] {processor.py:755} WARNING - No viable dags retrieved from /opt/bitnami/airflow/dags/scripts/first_load_tables.py
[2023-03-27T19:46:11.422+0000] {processor.py:175} INFO - Processing /opt/bitnami/airflow/dags/scripts/first_load_tables.py took 0.124 seconds
[2023-03-27T19:46:44.080+0000] {processor.py:153} INFO - Started process (PID=468) to work on /opt/bitnami/airflow/dags/scripts/first_load_tables.py
[2023-03-27T19:46:44.082+0000] {processor.py:743} INFO - Processing file /opt/bitnami/airflow/dags/scripts/first_load_tables.py for tasks to queue
[2023-03-27T19:46:44.085+0000] {logging_mixin.py:137} INFO - [2023-03-27T19:46:44.084+0000] {dagbag.py:532} INFO - Filling up the DagBag from /opt/bitnami/airflow/dags/scripts/first_load_tables.py
[2023-03-27T19:46:44.105+0000] {processor.py:755} WARNING - No viable dags retrieved from /opt/bitnami/airflow/dags/scripts/first_load_tables.py
[2023-03-27T19:46:44.190+0000] {processor.py:175} INFO - Processing /opt/bitnami/airflow/dags/scripts/first_load_tables.py took 0.117 seconds
[2023-03-27T19:47:16.381+0000] {processor.py:153} INFO - Started process (PID=484) to work on /opt/bitnami/airflow/dags/scripts/first_load_tables.py
[2023-03-27T19:47:16.384+0000] {processor.py:743} INFO - Processing file /opt/bitnami/airflow/dags/scripts/first_load_tables.py for tasks to queue
[2023-03-27T19:47:16.386+0000] {logging_mixin.py:137} INFO - [2023-03-27T19:47:16.386+0000] {dagbag.py:532} INFO - Filling up the DagBag from /opt/bitnami/airflow/dags/scripts/first_load_tables.py
[2023-03-27T19:47:16.404+0000] {processor.py:755} WARNING - No viable dags retrieved from /opt/bitnami/airflow/dags/scripts/first_load_tables.py
[2023-03-27T19:47:16.487+0000] {processor.py:175} INFO - Processing /opt/bitnami/airflow/dags/scripts/first_load_tables.py took 0.113 seconds
[2023-03-27T19:47:48.544+0000] {processor.py:153} INFO - Started process (PID=500) to work on /opt/bitnami/airflow/dags/scripts/first_load_tables.py
[2023-03-27T19:47:48.547+0000] {processor.py:743} INFO - Processing file /opt/bitnami/airflow/dags/scripts/first_load_tables.py for tasks to queue
[2023-03-27T19:47:48.550+0000] {logging_mixin.py:137} INFO - [2023-03-27T19:47:48.549+0000] {dagbag.py:532} INFO - Filling up the DagBag from /opt/bitnami/airflow/dags/scripts/first_load_tables.py
[2023-03-27T19:47:48.566+0000] {processor.py:755} WARNING - No viable dags retrieved from /opt/bitnami/airflow/dags/scripts/first_load_tables.py
[2023-03-27T19:47:48.653+0000] {processor.py:175} INFO - Processing /opt/bitnami/airflow/dags/scripts/first_load_tables.py took 0.117 seconds
[2023-03-27T19:48:21.314+0000] {processor.py:153} INFO - Started process (PID=516) to work on /opt/bitnami/airflow/dags/scripts/first_load_tables.py
[2023-03-27T19:48:21.316+0000] {processor.py:743} INFO - Processing file /opt/bitnami/airflow/dags/scripts/first_load_tables.py for tasks to queue
[2023-03-27T19:48:21.319+0000] {logging_mixin.py:137} INFO - [2023-03-27T19:48:21.319+0000] {dagbag.py:532} INFO - Filling up the DagBag from /opt/bitnami/airflow/dags/scripts/first_load_tables.py
[2023-03-27T19:48:21.339+0000] {processor.py:755} WARNING - No viable dags retrieved from /opt/bitnami/airflow/dags/scripts/first_load_tables.py
[2023-03-27T19:48:21.422+0000] {processor.py:175} INFO - Processing /opt/bitnami/airflow/dags/scripts/first_load_tables.py took 0.116 seconds
[2023-03-27T19:48:53.622+0000] {processor.py:153} INFO - Started process (PID=532) to work on /opt/bitnami/airflow/dags/scripts/first_load_tables.py
[2023-03-27T19:48:53.625+0000] {processor.py:743} INFO - Processing file /opt/bitnami/airflow/dags/scripts/first_load_tables.py for tasks to queue
[2023-03-27T19:48:53.628+0000] {logging_mixin.py:137} INFO - [2023-03-27T19:48:53.627+0000] {dagbag.py:532} INFO - Filling up the DagBag from /opt/bitnami/airflow/dags/scripts/first_load_tables.py
[2023-03-27T19:48:53.644+0000] {processor.py:755} WARNING - No viable dags retrieved from /opt/bitnami/airflow/dags/scripts/first_load_tables.py
[2023-03-27T19:48:53.725+0000] {processor.py:175} INFO - Processing /opt/bitnami/airflow/dags/scripts/first_load_tables.py took 0.110 seconds
[2023-03-27T19:49:26.310+0000] {processor.py:153} INFO - Started process (PID=548) to work on /opt/bitnami/airflow/dags/scripts/first_load_tables.py
[2023-03-27T19:49:26.313+0000] {processor.py:743} INFO - Processing file /opt/bitnami/airflow/dags/scripts/first_load_tables.py for tasks to queue
[2023-03-27T19:49:26.317+0000] {logging_mixin.py:137} INFO - [2023-03-27T19:49:26.316+0000] {dagbag.py:532} INFO - Filling up the DagBag from /opt/bitnami/airflow/dags/scripts/first_load_tables.py
[2023-03-27T19:49:26.339+0000] {processor.py:755} WARNING - No viable dags retrieved from /opt/bitnami/airflow/dags/scripts/first_load_tables.py
[2023-03-27T19:49:26.421+0000] {processor.py:175} INFO - Processing /opt/bitnami/airflow/dags/scripts/first_load_tables.py took 0.120 seconds
[2023-03-27T19:49:58.652+0000] {processor.py:153} INFO - Started process (PID=564) to work on /opt/bitnami/airflow/dags/scripts/first_load_tables.py
[2023-03-27T19:49:58.656+0000] {processor.py:743} INFO - Processing file /opt/bitnami/airflow/dags/scripts/first_load_tables.py for tasks to queue
[2023-03-27T19:49:58.659+0000] {logging_mixin.py:137} INFO - [2023-03-27T19:49:58.658+0000] {dagbag.py:532} INFO - Filling up the DagBag from /opt/bitnami/airflow/dags/scripts/first_load_tables.py
[2023-03-27T19:49:58.678+0000] {processor.py:755} WARNING - No viable dags retrieved from /opt/bitnami/airflow/dags/scripts/first_load_tables.py
[2023-03-27T19:49:58.774+0000] {processor.py:175} INFO - Processing /opt/bitnami/airflow/dags/scripts/first_load_tables.py took 0.129 seconds
[2023-03-27T19:50:31.115+0000] {processor.py:153} INFO - Started process (PID=580) to work on /opt/bitnami/airflow/dags/scripts/first_load_tables.py
[2023-03-27T19:50:31.118+0000] {processor.py:743} INFO - Processing file /opt/bitnami/airflow/dags/scripts/first_load_tables.py for tasks to queue
[2023-03-27T19:50:31.122+0000] {logging_mixin.py:137} INFO - [2023-03-27T19:50:31.122+0000] {dagbag.py:532} INFO - Filling up the DagBag from /opt/bitnami/airflow/dags/scripts/first_load_tables.py
[2023-03-27T19:50:31.141+0000] {processor.py:755} WARNING - No viable dags retrieved from /opt/bitnami/airflow/dags/scripts/first_load_tables.py
[2023-03-27T19:50:31.226+0000] {processor.py:175} INFO - Processing /opt/bitnami/airflow/dags/scripts/first_load_tables.py took 0.120 seconds
[2023-03-27T19:51:03.823+0000] {processor.py:153} INFO - Started process (PID=596) to work on /opt/bitnami/airflow/dags/scripts/first_load_tables.py
[2023-03-27T19:51:03.826+0000] {processor.py:743} INFO - Processing file /opt/bitnami/airflow/dags/scripts/first_load_tables.py for tasks to queue
[2023-03-27T19:51:03.830+0000] {logging_mixin.py:137} INFO - [2023-03-27T19:51:03.829+0000] {dagbag.py:532} INFO - Filling up the DagBag from /opt/bitnami/airflow/dags/scripts/first_load_tables.py
[2023-03-27T19:51:03.847+0000] {processor.py:755} WARNING - No viable dags retrieved from /opt/bitnami/airflow/dags/scripts/first_load_tables.py
[2023-03-27T19:51:03.931+0000] {processor.py:175} INFO - Processing /opt/bitnami/airflow/dags/scripts/first_load_tables.py took 0.116 seconds
[2023-03-27T19:51:36.177+0000] {processor.py:153} INFO - Started process (PID=612) to work on /opt/bitnami/airflow/dags/scripts/first_load_tables.py
[2023-03-27T19:51:36.180+0000] {processor.py:743} INFO - Processing file /opt/bitnami/airflow/dags/scripts/first_load_tables.py for tasks to queue
[2023-03-27T19:51:36.183+0000] {logging_mixin.py:137} INFO - [2023-03-27T19:51:36.182+0000] {dagbag.py:532} INFO - Filling up the DagBag from /opt/bitnami/airflow/dags/scripts/first_load_tables.py
[2023-03-27T19:51:36.200+0000] {processor.py:755} WARNING - No viable dags retrieved from /opt/bitnami/airflow/dags/scripts/first_load_tables.py
[2023-03-27T19:51:36.285+0000] {processor.py:175} INFO - Processing /opt/bitnami/airflow/dags/scripts/first_load_tables.py took 0.116 seconds
[2023-03-27T19:52:10.035+0000] {processor.py:153} INFO - Started process (PID=628) to work on /opt/bitnami/airflow/dags/scripts/first_load_tables.py
[2023-03-27T19:52:10.039+0000] {processor.py:743} INFO - Processing file /opt/bitnami/airflow/dags/scripts/first_load_tables.py for tasks to queue
[2023-03-27T19:52:10.046+0000] {logging_mixin.py:137} INFO - [2023-03-27T19:52:10.044+0000] {dagbag.py:532} INFO - Filling up the DagBag from /opt/bitnami/airflow/dags/scripts/first_load_tables.py
[2023-03-27T19:52:10.095+0000] {processor.py:755} WARNING - No viable dags retrieved from /opt/bitnami/airflow/dags/scripts/first_load_tables.py
[2023-03-27T19:52:10.201+0000] {processor.py:175} INFO - Processing /opt/bitnami/airflow/dags/scripts/first_load_tables.py took 0.176 seconds
[2023-03-27T19:52:43.203+0000] {processor.py:153} INFO - Started process (PID=644) to work on /opt/bitnami/airflow/dags/scripts/first_load_tables.py
[2023-03-27T19:52:43.207+0000] {processor.py:743} INFO - Processing file /opt/bitnami/airflow/dags/scripts/first_load_tables.py for tasks to queue
[2023-03-27T19:52:43.214+0000] {logging_mixin.py:137} INFO - [2023-03-27T19:52:43.213+0000] {dagbag.py:532} INFO - Filling up the DagBag from /opt/bitnami/airflow/dags/scripts/first_load_tables.py
[2023-03-27T19:52:43.244+0000] {processor.py:755} WARNING - No viable dags retrieved from /opt/bitnami/airflow/dags/scripts/first_load_tables.py
[2023-03-27T19:52:43.340+0000] {processor.py:175} INFO - Processing /opt/bitnami/airflow/dags/scripts/first_load_tables.py took 0.147 seconds
[2023-03-27T19:53:16.330+0000] {processor.py:153} INFO - Started process (PID=660) to work on /opt/bitnami/airflow/dags/scripts/first_load_tables.py
[2023-03-27T19:53:16.334+0000] {processor.py:743} INFO - Processing file /opt/bitnami/airflow/dags/scripts/first_load_tables.py for tasks to queue
[2023-03-27T19:53:16.337+0000] {logging_mixin.py:137} INFO - [2023-03-27T19:53:16.336+0000] {dagbag.py:532} INFO - Filling up the DagBag from /opt/bitnami/airflow/dags/scripts/first_load_tables.py
[2023-03-27T19:53:16.354+0000] {processor.py:755} WARNING - No viable dags retrieved from /opt/bitnami/airflow/dags/scripts/first_load_tables.py
[2023-03-27T19:53:16.446+0000] {processor.py:175} INFO - Processing /opt/bitnami/airflow/dags/scripts/first_load_tables.py took 0.123 seconds
[2023-03-27T19:53:49.344+0000] {processor.py:153} INFO - Started process (PID=679) to work on /opt/bitnami/airflow/dags/scripts/first_load_tables.py
[2023-03-27T19:53:49.351+0000] {processor.py:743} INFO - Processing file /opt/bitnami/airflow/dags/scripts/first_load_tables.py for tasks to queue
[2023-03-27T19:53:49.356+0000] {logging_mixin.py:137} INFO - [2023-03-27T19:53:49.355+0000] {dagbag.py:532} INFO - Filling up the DagBag from /opt/bitnami/airflow/dags/scripts/first_load_tables.py
[2023-03-27T19:53:49.396+0000] {processor.py:755} WARNING - No viable dags retrieved from /opt/bitnami/airflow/dags/scripts/first_load_tables.py
[2023-03-27T19:53:49.493+0000] {processor.py:175} INFO - Processing /opt/bitnami/airflow/dags/scripts/first_load_tables.py took 0.160 seconds
[2023-03-27T19:54:21.872+0000] {processor.py:153} INFO - Started process (PID=695) to work on /opt/bitnami/airflow/dags/scripts/first_load_tables.py
[2023-03-27T19:54:21.874+0000] {processor.py:743} INFO - Processing file /opt/bitnami/airflow/dags/scripts/first_load_tables.py for tasks to queue
[2023-03-27T19:54:21.880+0000] {logging_mixin.py:137} INFO - [2023-03-27T19:54:21.879+0000] {dagbag.py:532} INFO - Filling up the DagBag from /opt/bitnami/airflow/dags/scripts/first_load_tables.py
[2023-03-27T19:54:21.899+0000] {processor.py:755} WARNING - No viable dags retrieved from /opt/bitnami/airflow/dags/scripts/first_load_tables.py
[2023-03-27T19:54:21.983+0000] {processor.py:175} INFO - Processing /opt/bitnami/airflow/dags/scripts/first_load_tables.py took 0.119 seconds
[2023-03-27T19:54:54.292+0000] {processor.py:153} INFO - Started process (PID=711) to work on /opt/bitnami/airflow/dags/scripts/first_load_tables.py
[2023-03-27T19:54:54.328+0000] {processor.py:743} INFO - Processing file /opt/bitnami/airflow/dags/scripts/first_load_tables.py for tasks to queue
[2023-03-27T19:54:54.332+0000] {logging_mixin.py:137} INFO - [2023-03-27T19:54:54.331+0000] {dagbag.py:532} INFO - Filling up the DagBag from /opt/bitnami/airflow/dags/scripts/first_load_tables.py
[2023-03-27T19:54:54.351+0000] {processor.py:755} WARNING - No viable dags retrieved from /opt/bitnami/airflow/dags/scripts/first_load_tables.py
[2023-03-27T19:54:54.442+0000] {processor.py:175} INFO - Processing /opt/bitnami/airflow/dags/scripts/first_load_tables.py took 0.157 seconds
[2023-03-27T19:55:26.754+0000] {processor.py:153} INFO - Started process (PID=727) to work on /opt/bitnami/airflow/dags/scripts/first_load_tables.py
[2023-03-27T19:55:26.757+0000] {processor.py:743} INFO - Processing file /opt/bitnami/airflow/dags/scripts/first_load_tables.py for tasks to queue
[2023-03-27T19:55:26.760+0000] {logging_mixin.py:137} INFO - [2023-03-27T19:55:26.759+0000] {dagbag.py:532} INFO - Filling up the DagBag from /opt/bitnami/airflow/dags/scripts/first_load_tables.py
[2023-03-27T19:55:26.778+0000] {processor.py:755} WARNING - No viable dags retrieved from /opt/bitnami/airflow/dags/scripts/first_load_tables.py
[2023-03-27T19:55:26.865+0000] {processor.py:175} INFO - Processing /opt/bitnami/airflow/dags/scripts/first_load_tables.py took 0.119 seconds
[2023-03-27T19:55:59.135+0000] {processor.py:153} INFO - Started process (PID=743) to work on /opt/bitnami/airflow/dags/scripts/first_load_tables.py
[2023-03-27T19:55:59.139+0000] {processor.py:743} INFO - Processing file /opt/bitnami/airflow/dags/scripts/first_load_tables.py for tasks to queue
[2023-03-27T19:55:59.143+0000] {logging_mixin.py:137} INFO - [2023-03-27T19:55:59.142+0000] {dagbag.py:532} INFO - Filling up the DagBag from /opt/bitnami/airflow/dags/scripts/first_load_tables.py
[2023-03-27T19:55:59.173+0000] {processor.py:755} WARNING - No viable dags retrieved from /opt/bitnami/airflow/dags/scripts/first_load_tables.py
[2023-03-27T19:55:59.273+0000] {processor.py:175} INFO - Processing /opt/bitnami/airflow/dags/scripts/first_load_tables.py took 0.146 seconds
[2023-03-27T19:56:31.563+0000] {processor.py:153} INFO - Started process (PID=759) to work on /opt/bitnami/airflow/dags/scripts/first_load_tables.py
[2023-03-27T19:56:31.565+0000] {processor.py:743} INFO - Processing file /opt/bitnami/airflow/dags/scripts/first_load_tables.py for tasks to queue
[2023-03-27T19:56:31.568+0000] {logging_mixin.py:137} INFO - [2023-03-27T19:56:31.568+0000] {dagbag.py:532} INFO - Filling up the DagBag from /opt/bitnami/airflow/dags/scripts/first_load_tables.py
[2023-03-27T19:56:31.586+0000] {processor.py:755} WARNING - No viable dags retrieved from /opt/bitnami/airflow/dags/scripts/first_load_tables.py
[2023-03-27T19:56:31.672+0000] {processor.py:175} INFO - Processing /opt/bitnami/airflow/dags/scripts/first_load_tables.py took 0.117 seconds
[2023-03-27T19:57:03.851+0000] {processor.py:153} INFO - Started process (PID=775) to work on /opt/bitnami/airflow/dags/scripts/first_load_tables.py
[2023-03-27T19:57:03.853+0000] {processor.py:743} INFO - Processing file /opt/bitnami/airflow/dags/scripts/first_load_tables.py for tasks to queue
[2023-03-27T19:57:03.857+0000] {logging_mixin.py:137} INFO - [2023-03-27T19:57:03.856+0000] {dagbag.py:532} INFO - Filling up the DagBag from /opt/bitnami/airflow/dags/scripts/first_load_tables.py
[2023-03-27T19:57:03.877+0000] {processor.py:755} WARNING - No viable dags retrieved from /opt/bitnami/airflow/dags/scripts/first_load_tables.py
[2023-03-27T19:57:03.971+0000] {processor.py:175} INFO - Processing /opt/bitnami/airflow/dags/scripts/first_load_tables.py took 0.129 seconds
[2023-03-27T19:57:36.717+0000] {processor.py:153} INFO - Started process (PID=800) to work on /opt/bitnami/airflow/dags/scripts/first_load_tables.py
[2023-03-27T19:57:36.720+0000] {processor.py:743} INFO - Processing file /opt/bitnami/airflow/dags/scripts/first_load_tables.py for tasks to queue
[2023-03-27T19:57:36.724+0000] {logging_mixin.py:137} INFO - [2023-03-27T19:57:36.723+0000] {dagbag.py:532} INFO - Filling up the DagBag from /opt/bitnami/airflow/dags/scripts/first_load_tables.py
[2023-03-27T19:57:36.753+0000] {processor.py:755} WARNING - No viable dags retrieved from /opt/bitnami/airflow/dags/scripts/first_load_tables.py
[2023-03-27T19:57:36.877+0000] {processor.py:175} INFO - Processing /opt/bitnami/airflow/dags/scripts/first_load_tables.py took 0.169 seconds
