[2023-03-27T19:40:05.096+0000] {processor.py:153} INFO - Started process (PID=272) to work on /opt/bitnami/airflow/dags/scripts/podcast.py
[2023-03-27T19:40:05.100+0000] {processor.py:743} INFO - Processing file /opt/bitnami/airflow/dags/scripts/podcast.py for tasks to queue
[2023-03-27T19:40:05.107+0000] {logging_mixin.py:137} INFO - [2023-03-27T19:40:05.106+0000] {dagbag.py:532} INFO - Filling up the DagBag from /opt/bitnami/airflow/dags/scripts/podcast.py
[2023-03-27T19:40:09.389+0000] {processor.py:755} WARNING - No viable dags retrieved from /opt/bitnami/airflow/dags/scripts/podcast.py
[2023-03-27T19:40:09.611+0000] {processor.py:175} INFO - Processing /opt/bitnami/airflow/dags/scripts/podcast.py took 4.527 seconds
[2023-03-27T19:40:40.510+0000] {processor.py:153} INFO - Started process (PID=288) to work on /opt/bitnami/airflow/dags/scripts/podcast.py
[2023-03-27T19:40:40.514+0000] {processor.py:743} INFO - Processing file /opt/bitnami/airflow/dags/scripts/podcast.py for tasks to queue
[2023-03-27T19:40:40.518+0000] {logging_mixin.py:137} INFO - [2023-03-27T19:40:40.517+0000] {dagbag.py:532} INFO - Filling up the DagBag from /opt/bitnami/airflow/dags/scripts/podcast.py
[2023-03-27T19:40:42.648+0000] {processor.py:755} WARNING - No viable dags retrieved from /opt/bitnami/airflow/dags/scripts/podcast.py
[2023-03-27T19:40:42.740+0000] {processor.py:175} INFO - Processing /opt/bitnami/airflow/dags/scripts/podcast.py took 2.239 seconds
[2023-03-27T19:41:13.713+0000] {processor.py:153} INFO - Started process (PID=304) to work on /opt/bitnami/airflow/dags/scripts/podcast.py
[2023-03-27T19:41:13.716+0000] {processor.py:743} INFO - Processing file /opt/bitnami/airflow/dags/scripts/podcast.py for tasks to queue
[2023-03-27T19:41:13.722+0000] {logging_mixin.py:137} INFO - [2023-03-27T19:41:13.721+0000] {dagbag.py:532} INFO - Filling up the DagBag from /opt/bitnami/airflow/dags/scripts/podcast.py
[2023-03-27T19:41:15.703+0000] {processor.py:755} WARNING - No viable dags retrieved from /opt/bitnami/airflow/dags/scripts/podcast.py
[2023-03-27T19:41:15.794+0000] {processor.py:175} INFO - Processing /opt/bitnami/airflow/dags/scripts/podcast.py took 2.092 seconds
[2023-03-27T19:41:46.541+0000] {processor.py:153} INFO - Started process (PID=320) to work on /opt/bitnami/airflow/dags/scripts/podcast.py
[2023-03-27T19:41:46.544+0000] {processor.py:743} INFO - Processing file /opt/bitnami/airflow/dags/scripts/podcast.py for tasks to queue
[2023-03-27T19:41:46.548+0000] {logging_mixin.py:137} INFO - [2023-03-27T19:41:46.547+0000] {dagbag.py:532} INFO - Filling up the DagBag from /opt/bitnami/airflow/dags/scripts/podcast.py
[2023-03-27T19:41:48.725+0000] {processor.py:755} WARNING - No viable dags retrieved from /opt/bitnami/airflow/dags/scripts/podcast.py
[2023-03-27T19:41:48.839+0000] {processor.py:175} INFO - Processing /opt/bitnami/airflow/dags/scripts/podcast.py took 2.311 seconds
[2023-03-27T19:42:19.630+0000] {processor.py:153} INFO - Started process (PID=336) to work on /opt/bitnami/airflow/dags/scripts/podcast.py
[2023-03-27T19:42:19.633+0000] {processor.py:743} INFO - Processing file /opt/bitnami/airflow/dags/scripts/podcast.py for tasks to queue
[2023-03-27T19:42:19.636+0000] {logging_mixin.py:137} INFO - [2023-03-27T19:42:19.635+0000] {dagbag.py:532} INFO - Filling up the DagBag from /opt/bitnami/airflow/dags/scripts/podcast.py
[2023-03-27T19:42:21.587+0000] {processor.py:755} WARNING - No viable dags retrieved from /opt/bitnami/airflow/dags/scripts/podcast.py
[2023-03-27T19:42:21.678+0000] {processor.py:175} INFO - Processing /opt/bitnami/airflow/dags/scripts/podcast.py took 2.056 seconds
[2023-03-27T19:42:52.389+0000] {processor.py:153} INFO - Started process (PID=352) to work on /opt/bitnami/airflow/dags/scripts/podcast.py
[2023-03-27T19:42:52.393+0000] {processor.py:743} INFO - Processing file /opt/bitnami/airflow/dags/scripts/podcast.py for tasks to queue
[2023-03-27T19:42:52.396+0000] {logging_mixin.py:137} INFO - [2023-03-27T19:42:52.395+0000] {dagbag.py:532} INFO - Filling up the DagBag from /opt/bitnami/airflow/dags/scripts/podcast.py
[2023-03-27T19:42:54.351+0000] {processor.py:755} WARNING - No viable dags retrieved from /opt/bitnami/airflow/dags/scripts/podcast.py
[2023-03-27T19:42:54.444+0000] {processor.py:175} INFO - Processing /opt/bitnami/airflow/dags/scripts/podcast.py took 2.062 seconds
[2023-03-27T19:43:25.124+0000] {processor.py:153} INFO - Started process (PID=368) to work on /opt/bitnami/airflow/dags/scripts/podcast.py
[2023-03-27T19:43:25.127+0000] {processor.py:743} INFO - Processing file /opt/bitnami/airflow/dags/scripts/podcast.py for tasks to queue
[2023-03-27T19:43:25.131+0000] {logging_mixin.py:137} INFO - [2023-03-27T19:43:25.131+0000] {dagbag.py:532} INFO - Filling up the DagBag from /opt/bitnami/airflow/dags/scripts/podcast.py
[2023-03-27T19:43:27.059+0000] {processor.py:755} WARNING - No viable dags retrieved from /opt/bitnami/airflow/dags/scripts/podcast.py
[2023-03-27T19:43:27.154+0000] {processor.py:175} INFO - Processing /opt/bitnami/airflow/dags/scripts/podcast.py took 2.039 seconds
[2023-03-27T19:43:58.002+0000] {processor.py:153} INFO - Started process (PID=384) to work on /opt/bitnami/airflow/dags/scripts/podcast.py
[2023-03-27T19:43:58.005+0000] {processor.py:743} INFO - Processing file /opt/bitnami/airflow/dags/scripts/podcast.py for tasks to queue
[2023-03-27T19:43:58.008+0000] {logging_mixin.py:137} INFO - [2023-03-27T19:43:58.007+0000] {dagbag.py:532} INFO - Filling up the DagBag from /opt/bitnami/airflow/dags/scripts/podcast.py
[2023-03-27T19:44:00.016+0000] {processor.py:755} WARNING - No viable dags retrieved from /opt/bitnami/airflow/dags/scripts/podcast.py
[2023-03-27T19:44:00.109+0000] {processor.py:175} INFO - Processing /opt/bitnami/airflow/dags/scripts/podcast.py took 2.115 seconds
[2023-03-27T19:44:30.324+0000] {processor.py:153} INFO - Started process (PID=400) to work on /opt/bitnami/airflow/dags/scripts/podcast.py
[2023-03-27T19:44:30.328+0000] {processor.py:743} INFO - Processing file /opt/bitnami/airflow/dags/scripts/podcast.py for tasks to queue
[2023-03-27T19:44:30.332+0000] {logging_mixin.py:137} INFO - [2023-03-27T19:44:30.331+0000] {dagbag.py:532} INFO - Filling up the DagBag from /opt/bitnami/airflow/dags/scripts/podcast.py
[2023-03-27T19:44:32.324+0000] {processor.py:755} WARNING - No viable dags retrieved from /opt/bitnami/airflow/dags/scripts/podcast.py
[2023-03-27T19:44:32.416+0000] {processor.py:175} INFO - Processing /opt/bitnami/airflow/dags/scripts/podcast.py took 2.103 seconds
[2023-03-27T19:45:03.331+0000] {processor.py:153} INFO - Started process (PID=416) to work on /opt/bitnami/airflow/dags/scripts/podcast.py
[2023-03-27T19:45:03.334+0000] {processor.py:743} INFO - Processing file /opt/bitnami/airflow/dags/scripts/podcast.py for tasks to queue
[2023-03-27T19:45:03.337+0000] {logging_mixin.py:137} INFO - [2023-03-27T19:45:03.336+0000] {dagbag.py:532} INFO - Filling up the DagBag from /opt/bitnami/airflow/dags/scripts/podcast.py
[2023-03-27T19:45:05.279+0000] {processor.py:755} WARNING - No viable dags retrieved from /opt/bitnami/airflow/dags/scripts/podcast.py
[2023-03-27T19:45:05.383+0000] {processor.py:175} INFO - Processing /opt/bitnami/airflow/dags/scripts/podcast.py took 2.059 seconds
[2023-03-27T19:45:36.393+0000] {processor.py:153} INFO - Started process (PID=432) to work on /opt/bitnami/airflow/dags/scripts/podcast.py
[2023-03-27T19:45:36.396+0000] {processor.py:743} INFO - Processing file /opt/bitnami/airflow/dags/scripts/podcast.py for tasks to queue
[2023-03-27T19:45:36.399+0000] {logging_mixin.py:137} INFO - [2023-03-27T19:45:36.399+0000] {dagbag.py:532} INFO - Filling up the DagBag from /opt/bitnami/airflow/dags/scripts/podcast.py
[2023-03-27T19:45:38.338+0000] {processor.py:755} WARNING - No viable dags retrieved from /opt/bitnami/airflow/dags/scripts/podcast.py
[2023-03-27T19:45:38.439+0000] {processor.py:175} INFO - Processing /opt/bitnami/airflow/dags/scripts/podcast.py took 2.054 seconds
[2023-03-27T19:46:09.130+0000] {processor.py:153} INFO - Started process (PID=448) to work on /opt/bitnami/airflow/dags/scripts/podcast.py
[2023-03-27T19:46:09.134+0000] {processor.py:743} INFO - Processing file /opt/bitnami/airflow/dags/scripts/podcast.py for tasks to queue
[2023-03-27T19:46:09.141+0000] {logging_mixin.py:137} INFO - [2023-03-27T19:46:09.141+0000] {dagbag.py:532} INFO - Filling up the DagBag from /opt/bitnami/airflow/dags/scripts/podcast.py
[2023-03-27T19:46:11.151+0000] {processor.py:755} WARNING - No viable dags retrieved from /opt/bitnami/airflow/dags/scripts/podcast.py
[2023-03-27T19:46:11.247+0000] {processor.py:175} INFO - Processing /opt/bitnami/airflow/dags/scripts/podcast.py took 2.129 seconds
[2023-03-27T19:46:41.979+0000] {processor.py:153} INFO - Started process (PID=464) to work on /opt/bitnami/airflow/dags/scripts/podcast.py
[2023-03-27T19:46:41.982+0000] {processor.py:743} INFO - Processing file /opt/bitnami/airflow/dags/scripts/podcast.py for tasks to queue
[2023-03-27T19:46:41.987+0000] {logging_mixin.py:137} INFO - [2023-03-27T19:46:41.986+0000] {dagbag.py:532} INFO - Filling up the DagBag from /opt/bitnami/airflow/dags/scripts/podcast.py
[2023-03-27T19:46:43.929+0000] {processor.py:755} WARNING - No viable dags retrieved from /opt/bitnami/airflow/dags/scripts/podcast.py
[2023-03-27T19:46:44.027+0000] {processor.py:175} INFO - Processing /opt/bitnami/airflow/dags/scripts/podcast.py took 2.056 seconds
[2023-03-27T19:47:14.329+0000] {processor.py:153} INFO - Started process (PID=480) to work on /opt/bitnami/airflow/dags/scripts/podcast.py
[2023-03-27T19:47:14.331+0000] {processor.py:743} INFO - Processing file /opt/bitnami/airflow/dags/scripts/podcast.py for tasks to queue
[2023-03-27T19:47:14.335+0000] {logging_mixin.py:137} INFO - [2023-03-27T19:47:14.334+0000] {dagbag.py:532} INFO - Filling up the DagBag from /opt/bitnami/airflow/dags/scripts/podcast.py
[2023-03-27T19:47:16.235+0000] {processor.py:755} WARNING - No viable dags retrieved from /opt/bitnami/airflow/dags/scripts/podcast.py
[2023-03-27T19:47:16.327+0000] {processor.py:175} INFO - Processing /opt/bitnami/airflow/dags/scripts/podcast.py took 2.008 seconds
[2023-03-27T19:47:46.461+0000] {processor.py:153} INFO - Started process (PID=496) to work on /opt/bitnami/airflow/dags/scripts/podcast.py
[2023-03-27T19:47:46.465+0000] {processor.py:743} INFO - Processing file /opt/bitnami/airflow/dags/scripts/podcast.py for tasks to queue
[2023-03-27T19:47:46.468+0000] {logging_mixin.py:137} INFO - [2023-03-27T19:47:46.468+0000] {dagbag.py:532} INFO - Filling up the DagBag from /opt/bitnami/airflow/dags/scripts/podcast.py
[2023-03-27T19:47:48.396+0000] {processor.py:755} WARNING - No viable dags retrieved from /opt/bitnami/airflow/dags/scripts/podcast.py
[2023-03-27T19:47:48.490+0000] {processor.py:175} INFO - Processing /opt/bitnami/airflow/dags/scripts/podcast.py took 2.040 seconds
[2023-03-27T19:48:19.132+0000] {processor.py:153} INFO - Started process (PID=512) to work on /opt/bitnami/airflow/dags/scripts/podcast.py
[2023-03-27T19:48:19.137+0000] {processor.py:743} INFO - Processing file /opt/bitnami/airflow/dags/scripts/podcast.py for tasks to queue
[2023-03-27T19:48:19.143+0000] {logging_mixin.py:137} INFO - [2023-03-27T19:48:19.141+0000] {dagbag.py:532} INFO - Filling up the DagBag from /opt/bitnami/airflow/dags/scripts/podcast.py
[2023-03-27T19:48:21.107+0000] {processor.py:755} WARNING - No viable dags retrieved from /opt/bitnami/airflow/dags/scripts/podcast.py
[2023-03-27T19:48:21.230+0000] {processor.py:175} INFO - Processing /opt/bitnami/airflow/dags/scripts/podcast.py took 2.119 seconds
[2023-03-27T19:48:51.505+0000] {processor.py:153} INFO - Started process (PID=528) to work on /opt/bitnami/airflow/dags/scripts/podcast.py
[2023-03-27T19:48:51.508+0000] {processor.py:743} INFO - Processing file /opt/bitnami/airflow/dags/scripts/podcast.py for tasks to queue
[2023-03-27T19:48:51.511+0000] {logging_mixin.py:137} INFO - [2023-03-27T19:48:51.511+0000] {dagbag.py:532} INFO - Filling up the DagBag from /opt/bitnami/airflow/dags/scripts/podcast.py
[2023-03-27T19:48:53.469+0000] {processor.py:755} WARNING - No viable dags retrieved from /opt/bitnami/airflow/dags/scripts/podcast.py
[2023-03-27T19:48:53.567+0000] {processor.py:175} INFO - Processing /opt/bitnami/airflow/dags/scripts/podcast.py took 2.070 seconds
[2023-03-27T19:49:24.166+0000] {processor.py:153} INFO - Started process (PID=544) to work on /opt/bitnami/airflow/dags/scripts/podcast.py
[2023-03-27T19:49:24.168+0000] {processor.py:743} INFO - Processing file /opt/bitnami/airflow/dags/scripts/podcast.py for tasks to queue
[2023-03-27T19:49:24.171+0000] {logging_mixin.py:137} INFO - [2023-03-27T19:49:24.170+0000] {dagbag.py:532} INFO - Filling up the DagBag from /opt/bitnami/airflow/dags/scripts/podcast.py
[2023-03-27T19:49:26.166+0000] {processor.py:755} WARNING - No viable dags retrieved from /opt/bitnami/airflow/dags/scripts/podcast.py
[2023-03-27T19:49:26.256+0000] {processor.py:175} INFO - Processing /opt/bitnami/airflow/dags/scripts/podcast.py took 2.098 seconds
[2023-03-27T19:49:56.484+0000] {processor.py:153} INFO - Started process (PID=560) to work on /opt/bitnami/airflow/dags/scripts/podcast.py
[2023-03-27T19:49:56.487+0000] {processor.py:743} INFO - Processing file /opt/bitnami/airflow/dags/scripts/podcast.py for tasks to queue
[2023-03-27T19:49:56.490+0000] {logging_mixin.py:137} INFO - [2023-03-27T19:49:56.489+0000] {dagbag.py:532} INFO - Filling up the DagBag from /opt/bitnami/airflow/dags/scripts/podcast.py
[2023-03-27T19:49:58.500+0000] {processor.py:755} WARNING - No viable dags retrieved from /opt/bitnami/airflow/dags/scripts/podcast.py
[2023-03-27T19:49:58.594+0000] {processor.py:175} INFO - Processing /opt/bitnami/airflow/dags/scripts/podcast.py took 2.118 seconds
[2023-03-27T19:50:29.019+0000] {processor.py:153} INFO - Started process (PID=576) to work on /opt/bitnami/airflow/dags/scripts/podcast.py
[2023-03-27T19:50:29.023+0000] {processor.py:743} INFO - Processing file /opt/bitnami/airflow/dags/scripts/podcast.py for tasks to queue
[2023-03-27T19:50:29.029+0000] {logging_mixin.py:137} INFO - [2023-03-27T19:50:29.028+0000] {dagbag.py:532} INFO - Filling up the DagBag from /opt/bitnami/airflow/dags/scripts/podcast.py
[2023-03-27T19:50:30.963+0000] {processor.py:755} WARNING - No viable dags retrieved from /opt/bitnami/airflow/dags/scripts/podcast.py
[2023-03-27T19:50:31.055+0000] {processor.py:175} INFO - Processing /opt/bitnami/airflow/dags/scripts/podcast.py took 2.048 seconds
[2023-03-27T19:51:01.739+0000] {processor.py:153} INFO - Started process (PID=592) to work on /opt/bitnami/airflow/dags/scripts/podcast.py
[2023-03-27T19:51:01.743+0000] {processor.py:743} INFO - Processing file /opt/bitnami/airflow/dags/scripts/podcast.py for tasks to queue
[2023-03-27T19:51:01.747+0000] {logging_mixin.py:137} INFO - [2023-03-27T19:51:01.746+0000] {dagbag.py:532} INFO - Filling up the DagBag from /opt/bitnami/airflow/dags/scripts/podcast.py
[2023-03-27T19:51:03.677+0000] {processor.py:755} WARNING - No viable dags retrieved from /opt/bitnami/airflow/dags/scripts/podcast.py
[2023-03-27T19:51:03.769+0000] {processor.py:175} INFO - Processing /opt/bitnami/airflow/dags/scripts/podcast.py took 2.037 seconds
[2023-03-27T19:51:33.959+0000] {processor.py:153} INFO - Started process (PID=608) to work on /opt/bitnami/airflow/dags/scripts/podcast.py
[2023-03-27T19:51:33.962+0000] {processor.py:743} INFO - Processing file /opt/bitnami/airflow/dags/scripts/podcast.py for tasks to queue
[2023-03-27T19:51:33.966+0000] {logging_mixin.py:137} INFO - [2023-03-27T19:51:33.965+0000] {dagbag.py:532} INFO - Filling up the DagBag from /opt/bitnami/airflow/dags/scripts/podcast.py
[2023-03-27T19:51:36.018+0000] {processor.py:755} WARNING - No viable dags retrieved from /opt/bitnami/airflow/dags/scripts/podcast.py
[2023-03-27T19:51:36.122+0000] {processor.py:175} INFO - Processing /opt/bitnami/airflow/dags/scripts/podcast.py took 2.173 seconds
[2023-03-27T19:52:07.046+0000] {processor.py:153} INFO - Started process (PID=624) to work on /opt/bitnami/airflow/dags/scripts/podcast.py
[2023-03-27T19:52:07.051+0000] {processor.py:743} INFO - Processing file /opt/bitnami/airflow/dags/scripts/podcast.py for tasks to queue
[2023-03-27T19:52:07.058+0000] {logging_mixin.py:137} INFO - [2023-03-27T19:52:07.057+0000] {dagbag.py:532} INFO - Filling up the DagBag from /opt/bitnami/airflow/dags/scripts/podcast.py
[2023-03-27T19:52:09.844+0000] {processor.py:755} WARNING - No viable dags retrieved from /opt/bitnami/airflow/dags/scripts/podcast.py
[2023-03-27T19:52:09.972+0000] {processor.py:175} INFO - Processing /opt/bitnami/airflow/dags/scripts/podcast.py took 2.941 seconds
[2023-03-27T19:52:40.678+0000] {processor.py:153} INFO - Started process (PID=640) to work on /opt/bitnami/airflow/dags/scripts/podcast.py
[2023-03-27T19:52:40.681+0000] {processor.py:743} INFO - Processing file /opt/bitnami/airflow/dags/scripts/podcast.py for tasks to queue
[2023-03-27T19:52:40.685+0000] {logging_mixin.py:137} INFO - [2023-03-27T19:52:40.684+0000] {dagbag.py:532} INFO - Filling up the DagBag from /opt/bitnami/airflow/dags/scripts/podcast.py
[2023-03-27T19:52:42.998+0000] {processor.py:755} WARNING - No viable dags retrieved from /opt/bitnami/airflow/dags/scripts/podcast.py
[2023-03-27T19:52:43.126+0000] {processor.py:175} INFO - Processing /opt/bitnami/airflow/dags/scripts/podcast.py took 2.459 seconds
[2023-03-27T19:53:13.887+0000] {processor.py:153} INFO - Started process (PID=656) to work on /opt/bitnami/airflow/dags/scripts/podcast.py
[2023-03-27T19:53:13.890+0000] {processor.py:743} INFO - Processing file /opt/bitnami/airflow/dags/scripts/podcast.py for tasks to queue
[2023-03-27T19:53:13.893+0000] {logging_mixin.py:137} INFO - [2023-03-27T19:53:13.893+0000] {dagbag.py:532} INFO - Filling up the DagBag from /opt/bitnami/airflow/dags/scripts/podcast.py
[2023-03-27T19:53:16.185+0000] {processor.py:755} WARNING - No viable dags retrieved from /opt/bitnami/airflow/dags/scripts/podcast.py
[2023-03-27T19:53:16.277+0000] {processor.py:175} INFO - Processing /opt/bitnami/airflow/dags/scripts/podcast.py took 2.401 seconds
[2023-03-27T19:53:46.830+0000] {processor.py:153} INFO - Started process (PID=675) to work on /opt/bitnami/airflow/dags/scripts/podcast.py
[2023-03-27T19:53:46.833+0000] {processor.py:743} INFO - Processing file /opt/bitnami/airflow/dags/scripts/podcast.py for tasks to queue
[2023-03-27T19:53:46.836+0000] {logging_mixin.py:137} INFO - [2023-03-27T19:53:46.835+0000] {dagbag.py:532} INFO - Filling up the DagBag from /opt/bitnami/airflow/dags/scripts/podcast.py
[2023-03-27T19:53:49.075+0000] {processor.py:755} WARNING - No viable dags retrieved from /opt/bitnami/airflow/dags/scripts/podcast.py
[2023-03-27T19:53:49.241+0000] {processor.py:175} INFO - Processing /opt/bitnami/airflow/dags/scripts/podcast.py took 2.417 seconds
[2023-03-27T19:54:19.629+0000] {processor.py:153} INFO - Started process (PID=691) to work on /opt/bitnami/airflow/dags/scripts/podcast.py
[2023-03-27T19:54:19.632+0000] {processor.py:743} INFO - Processing file /opt/bitnami/airflow/dags/scripts/podcast.py for tasks to queue
[2023-03-27T19:54:19.635+0000] {logging_mixin.py:137} INFO - [2023-03-27T19:54:19.635+0000] {dagbag.py:532} INFO - Filling up the DagBag from /opt/bitnami/airflow/dags/scripts/podcast.py
[2023-03-27T19:54:21.702+0000] {processor.py:755} WARNING - No viable dags retrieved from /opt/bitnami/airflow/dags/scripts/podcast.py
[2023-03-27T19:54:21.791+0000] {processor.py:175} INFO - Processing /opt/bitnami/airflow/dags/scripts/podcast.py took 2.172 seconds
[2023-03-27T19:54:52.077+0000] {processor.py:153} INFO - Started process (PID=707) to work on /opt/bitnami/airflow/dags/scripts/podcast.py
[2023-03-27T19:54:52.080+0000] {processor.py:743} INFO - Processing file /opt/bitnami/airflow/dags/scripts/podcast.py for tasks to queue
[2023-03-27T19:54:52.085+0000] {logging_mixin.py:137} INFO - [2023-03-27T19:54:52.084+0000] {dagbag.py:532} INFO - Filling up the DagBag from /opt/bitnami/airflow/dags/scripts/podcast.py
[2023-03-27T19:54:54.080+0000] {processor.py:755} WARNING - No viable dags retrieved from /opt/bitnami/airflow/dags/scripts/podcast.py
[2023-03-27T19:54:54.199+0000] {processor.py:175} INFO - Processing /opt/bitnami/airflow/dags/scripts/podcast.py took 2.132 seconds
[2023-03-27T19:55:24.614+0000] {processor.py:153} INFO - Started process (PID=723) to work on /opt/bitnami/airflow/dags/scripts/podcast.py
[2023-03-27T19:55:24.618+0000] {processor.py:743} INFO - Processing file /opt/bitnami/airflow/dags/scripts/podcast.py for tasks to queue
[2023-03-27T19:55:24.622+0000] {logging_mixin.py:137} INFO - [2023-03-27T19:55:24.622+0000] {dagbag.py:532} INFO - Filling up the DagBag from /opt/bitnami/airflow/dags/scripts/podcast.py
[2023-03-27T19:55:26.610+0000] {processor.py:755} WARNING - No viable dags retrieved from /opt/bitnami/airflow/dags/scripts/podcast.py
[2023-03-27T19:55:26.700+0000] {processor.py:175} INFO - Processing /opt/bitnami/airflow/dags/scripts/podcast.py took 2.093 seconds
[2023-03-27T19:55:56.995+0000] {processor.py:153} INFO - Started process (PID=739) to work on /opt/bitnami/airflow/dags/scripts/podcast.py
[2023-03-27T19:55:56.999+0000] {processor.py:743} INFO - Processing file /opt/bitnami/airflow/dags/scripts/podcast.py for tasks to queue
[2023-03-27T19:55:57.002+0000] {logging_mixin.py:137} INFO - [2023-03-27T19:55:57.002+0000] {dagbag.py:532} INFO - Filling up the DagBag from /opt/bitnami/airflow/dags/scripts/podcast.py
[2023-03-27T19:55:58.954+0000] {processor.py:755} WARNING - No viable dags retrieved from /opt/bitnami/airflow/dags/scripts/podcast.py
[2023-03-27T19:55:59.067+0000] {processor.py:175} INFO - Processing /opt/bitnami/airflow/dags/scripts/podcast.py took 2.079 seconds
[2023-03-27T19:56:29.421+0000] {processor.py:153} INFO - Started process (PID=755) to work on /opt/bitnami/airflow/dags/scripts/podcast.py
[2023-03-27T19:56:29.424+0000] {processor.py:743} INFO - Processing file /opt/bitnami/airflow/dags/scripts/podcast.py for tasks to queue
[2023-03-27T19:56:29.430+0000] {logging_mixin.py:137} INFO - [2023-03-27T19:56:29.429+0000] {dagbag.py:532} INFO - Filling up the DagBag from /opt/bitnami/airflow/dags/scripts/podcast.py
[2023-03-27T19:56:31.416+0000] {processor.py:755} WARNING - No viable dags retrieved from /opt/bitnami/airflow/dags/scripts/podcast.py
[2023-03-27T19:56:31.511+0000] {processor.py:175} INFO - Processing /opt/bitnami/airflow/dags/scripts/podcast.py took 2.099 seconds
[2023-03-27T19:57:01.718+0000] {processor.py:153} INFO - Started process (PID=771) to work on /opt/bitnami/airflow/dags/scripts/podcast.py
[2023-03-27T19:57:01.720+0000] {processor.py:743} INFO - Processing file /opt/bitnami/airflow/dags/scripts/podcast.py for tasks to queue
[2023-03-27T19:57:01.724+0000] {logging_mixin.py:137} INFO - [2023-03-27T19:57:01.723+0000] {dagbag.py:532} INFO - Filling up the DagBag from /opt/bitnami/airflow/dags/scripts/podcast.py
[2023-03-27T19:57:03.695+0000] {processor.py:755} WARNING - No viable dags retrieved from /opt/bitnami/airflow/dags/scripts/podcast.py
[2023-03-27T19:57:03.792+0000] {processor.py:175} INFO - Processing /opt/bitnami/airflow/dags/scripts/podcast.py took 2.082 seconds
[2023-03-27T19:57:34.542+0000] {processor.py:153} INFO - Started process (PID=796) to work on /opt/bitnami/airflow/dags/scripts/podcast.py
[2023-03-27T19:57:34.545+0000] {processor.py:743} INFO - Processing file /opt/bitnami/airflow/dags/scripts/podcast.py for tasks to queue
[2023-03-27T19:57:34.548+0000] {logging_mixin.py:137} INFO - [2023-03-27T19:57:34.547+0000] {dagbag.py:532} INFO - Filling up the DagBag from /opt/bitnami/airflow/dags/scripts/podcast.py
[2023-03-27T19:57:36.568+0000] {processor.py:755} WARNING - No viable dags retrieved from /opt/bitnami/airflow/dags/scripts/podcast.py
[2023-03-27T19:57:36.662+0000] {processor.py:175} INFO - Processing /opt/bitnami/airflow/dags/scripts/podcast.py took 2.129 seconds
