[2023-03-27T19:40:04.243+0000] {manager.py:483} INFO - Processing files using up to 2 processes at a time 
[2023-03-27T19:40:04.254+0000] {manager.py:484} INFO - Process each file at most once every 30 seconds
[2023-03-27T19:40:04.261+0000] {manager.py:485} INFO - Checking for new files in /opt/bitnami/airflow/dags every 10 seconds
[2023-03-27T19:40:04.271+0000] {manager.py:726} INFO - Searching for files in /opt/bitnami/airflow/dags
[2023-03-27T19:40:04.829+0000] {manager.py:729} INFO - There are 6 files in /opt/bitnami/airflow/dags
[2023-03-27T19:40:05.203+0000] {manager.py:854} INFO - 
================================================================================
DAG File Processing Stats

File Path                                                 PID  Runtime      # DAGs    # Errors  Last Runtime    Last Run
------------------------------------------------------  -----  ---------  --------  ----------  --------------  ----------
/opt/bitnami/airflow/dags/dag_extraction_podcast.py                              0           0
/opt/bitnami/airflow/dags/dag_extraction_tables_gb.py                            0           0
/opt/bitnami/airflow/dags/dag_first_load_tables.py                               0           0
/opt/bitnami/airflow/dags/scripts/first_load_tables.py                           0           0
/opt/bitnami/airflow/dags/scripts/podcast.py              272  0.15s             0           0
/opt/bitnami/airflow/dags/scripts/tables.py               270  0.16s             0           0
================================================================================
[2023-03-27T19:40:14.383+0000] {manager.py:726} INFO - Searching for files in /opt/bitnami/airflow/dags
[2023-03-27T19:40:14.528+0000] {manager.py:729} INFO - There are 6 files in /opt/bitnami/airflow/dags
[2023-03-27T19:40:24.805+0000] {manager.py:726} INFO - Searching for files in /opt/bitnami/airflow/dags
[2023-03-27T19:40:24.988+0000] {manager.py:729} INFO - There are 6 files in /opt/bitnami/airflow/dags
[2023-03-27T19:40:35.234+0000] {manager.py:726} INFO - Searching for files in /opt/bitnami/airflow/dags
[2023-03-27T19:40:35.317+0000] {manager.py:729} INFO - There are 6 files in /opt/bitnami/airflow/dags
[2023-03-27T19:40:35.351+0000] {manager.py:854} INFO - 
================================================================================
DAG File Processing Stats

File Path                                               PID    Runtime      # DAGs    # Errors  Last Runtime    Last Run
------------------------------------------------------  -----  ---------  --------  ----------  --------------  -------------------
/opt/bitnami/airflow/dags/scripts/first_load_tables.py                           0           0  0.44s           2023-03-27T19:40:10
/opt/bitnami/airflow/dags/scripts/podcast.py                                     0           0  4.66s           2023-03-27T19:40:09
/opt/bitnami/airflow/dags/scripts/tables.py                                      0           0  4.64s           2023-03-27T19:40:09
/opt/bitnami/airflow/dags/dag_extraction_podcast.py                              1           0  3.35s           2023-03-27T19:40:14
/opt/bitnami/airflow/dags/dag_extraction_tables_gb.py                            1           0  3.20s           2023-03-27T19:40:13
/opt/bitnami/airflow/dags/dag_first_load_tables.py                               1           0  1.31s           2023-03-27T19:40:11
================================================================================
[2023-03-27T19:40:45.538+0000] {manager.py:726} INFO - Searching for files in /opt/bitnami/airflow/dags
[2023-03-27T19:40:45.944+0000] {manager.py:729} INFO - There are 6 files in /opt/bitnami/airflow/dags
[2023-03-27T19:40:55.914+0000] {manager.py:726} INFO - Searching for files in /opt/bitnami/airflow/dags
[2023-03-27T19:40:56.018+0000] {manager.py:729} INFO - There are 6 files in /opt/bitnami/airflow/dags
[2023-03-27T19:41:05.612+0000] {manager.py:854} INFO - 
================================================================================
DAG File Processing Stats

File Path                                               PID    Runtime      # DAGs    # Errors  Last Runtime    Last Run
------------------------------------------------------  -----  ---------  --------  ----------  --------------  -------------------
/opt/bitnami/airflow/dags/scripts/first_load_tables.py                           0           0  0.16s           2023-03-27T19:40:42
/opt/bitnami/airflow/dags/scripts/podcast.py                                     0           0  2.29s           2023-03-27T19:40:42
/opt/bitnami/airflow/dags/scripts/tables.py                                      0           0  2.31s           2023-03-27T19:40:42
/opt/bitnami/airflow/dags/dag_extraction_podcast.py                              1           0  3.73s           2023-03-27T19:40:48
/opt/bitnami/airflow/dags/dag_extraction_tables_gb.py                            1           0  3.80s           2023-03-27T19:40:47
/opt/bitnami/airflow/dags/dag_first_load_tables.py                               1           0  0.50s           2023-03-27T19:40:43
================================================================================
[2023-03-27T19:41:06.331+0000] {manager.py:726} INFO - Searching for files in /opt/bitnami/airflow/dags
[2023-03-27T19:41:06.447+0000] {manager.py:729} INFO - There are 6 files in /opt/bitnami/airflow/dags
[2023-03-27T19:41:16.522+0000] {manager.py:726} INFO - Searching for files in /opt/bitnami/airflow/dags
[2023-03-27T19:41:16.632+0000] {manager.py:729} INFO - There are 6 files in /opt/bitnami/airflow/dags
[2023-03-27T19:41:26.754+0000] {manager.py:726} INFO - Searching for files in /opt/bitnami/airflow/dags
[2023-03-27T19:41:26.870+0000] {manager.py:729} INFO - There are 6 files in /opt/bitnami/airflow/dags
[2023-03-27T19:41:36.160+0000] {manager.py:854} INFO - 
================================================================================
DAG File Processing Stats

File Path                                               PID    Runtime      # DAGs    # Errors  Last Runtime    Last Run
------------------------------------------------------  -----  ---------  --------  ----------  --------------  -------------------
/opt/bitnami/airflow/dags/scripts/first_load_tables.py                           0           0  0.17s           2023-03-27T19:41:15
/opt/bitnami/airflow/dags/scripts/podcast.py                                     0           0  2.14s           2023-03-27T19:41:15
/opt/bitnami/airflow/dags/scripts/tables.py                                      0           0  2.16s           2023-03-27T19:41:15
/opt/bitnami/airflow/dags/dag_extraction_podcast.py                              1           0  3.11s           2023-03-27T19:41:21
/opt/bitnami/airflow/dags/dag_extraction_tables_gb.py                            1           0  2.90s           2023-03-27T19:41:20
/opt/bitnami/airflow/dags/dag_first_load_tables.py                               1           0  0.50s           2023-03-27T19:41:16
================================================================================
[2023-03-27T19:41:37.179+0000] {manager.py:726} INFO - Searching for files in /opt/bitnami/airflow/dags
[2023-03-27T19:41:37.259+0000] {manager.py:729} INFO - There are 6 files in /opt/bitnami/airflow/dags
[2023-03-27T19:41:47.520+0000] {manager.py:726} INFO - Searching for files in /opt/bitnami/airflow/dags
[2023-03-27T19:41:47.663+0000] {manager.py:729} INFO - There are 6 files in /opt/bitnami/airflow/dags
[2023-03-27T19:41:57.885+0000] {manager.py:726} INFO - Searching for files in /opt/bitnami/airflow/dags
[2023-03-27T19:41:57.966+0000] {manager.py:729} INFO - There are 6 files in /opt/bitnami/airflow/dags
[2023-03-27T19:42:06.343+0000] {manager.py:854} INFO - 
================================================================================
DAG File Processing Stats

File Path                                               PID    Runtime      # DAGs    # Errors  Last Runtime    Last Run
------------------------------------------------------  -----  ---------  --------  ----------  --------------  -------------------
/opt/bitnami/airflow/dags/scripts/first_load_tables.py                           0           0  0.18s           2023-03-27T19:41:48
/opt/bitnami/airflow/dags/scripts/podcast.py                                     0           0  2.36s           2023-03-27T19:41:48
/opt/bitnami/airflow/dags/scripts/tables.py                                      0           0  2.31s           2023-03-27T19:41:48
/opt/bitnami/airflow/dags/dag_extraction_podcast.py                              1           0  3.08s           2023-03-27T19:41:55
/opt/bitnami/airflow/dags/dag_extraction_tables_gb.py                            1           0  2.75s           2023-03-27T19:41:53
/opt/bitnami/airflow/dags/dag_first_load_tables.py                               1           0  0.47s           2023-03-27T19:41:49
================================================================================
[2023-03-27T19:42:08.196+0000] {manager.py:726} INFO - Searching for files in /opt/bitnami/airflow/dags
[2023-03-27T19:42:08.278+0000] {manager.py:729} INFO - There are 6 files in /opt/bitnami/airflow/dags
[2023-03-27T19:42:18.478+0000] {manager.py:726} INFO - Searching for files in /opt/bitnami/airflow/dags
[2023-03-27T19:42:18.560+0000] {manager.py:729} INFO - There are 6 files in /opt/bitnami/airflow/dags
[2023-03-27T19:42:29.339+0000] {manager.py:726} INFO - Searching for files in /opt/bitnami/airflow/dags
[2023-03-27T19:42:29.436+0000] {manager.py:729} INFO - There are 6 files in /opt/bitnami/airflow/dags
[2023-03-27T19:42:36.680+0000] {manager.py:854} INFO - 
================================================================================
DAG File Processing Stats

File Path                                               PID    Runtime      # DAGs    # Errors  Last Runtime    Last Run
------------------------------------------------------  -----  ---------  --------  ----------  --------------  -------------------
/opt/bitnami/airflow/dags/scripts/first_load_tables.py                           0           0  0.14s           2023-03-27T19:42:21
/opt/bitnami/airflow/dags/scripts/podcast.py                                     0           0  2.10s           2023-03-27T19:42:21
/opt/bitnami/airflow/dags/scripts/tables.py                                      0           0  2.12s           2023-03-27T19:42:21
/opt/bitnami/airflow/dags/dag_extraction_podcast.py                              1           0  2.94s           2023-03-27T19:42:28
/opt/bitnami/airflow/dags/dag_extraction_tables_gb.py                            1           0  2.49s           2023-03-27T19:42:26
/opt/bitnami/airflow/dags/dag_first_load_tables.py                               1           0  0.43s           2023-03-27T19:42:22
================================================================================
[2023-03-27T19:42:39.780+0000] {manager.py:726} INFO - Searching for files in /opt/bitnami/airflow/dags
[2023-03-27T19:42:39.887+0000] {manager.py:729} INFO - There are 6 files in /opt/bitnami/airflow/dags
[2023-03-27T19:42:50.188+0000] {manager.py:726} INFO - Searching for files in /opt/bitnami/airflow/dags
[2023-03-27T19:42:50.286+0000] {manager.py:729} INFO - There are 6 files in /opt/bitnami/airflow/dags
[2023-03-27T19:43:00.711+0000] {manager.py:726} INFO - Searching for files in /opt/bitnami/airflow/dags
[2023-03-27T19:43:00.791+0000] {manager.py:729} INFO - There are 6 files in /opt/bitnami/airflow/dags
[2023-03-27T19:43:07.300+0000] {manager.py:854} INFO - 
================================================================================
DAG File Processing Stats

File Path                                               PID    Runtime      # DAGs    # Errors  Last Runtime    Last Run
------------------------------------------------------  -----  ---------  --------  ----------  --------------  -------------------
/opt/bitnami/airflow/dags/scripts/first_load_tables.py                           0           0  0.14s           2023-03-27T19:42:54
/opt/bitnami/airflow/dags/scripts/podcast.py                                     0           0  2.10s           2023-03-27T19:42:54
/opt/bitnami/airflow/dags/scripts/tables.py                                      0           0  2.12s           2023-03-27T19:42:54
/opt/bitnami/airflow/dags/dag_extraction_podcast.py                              1           0  2.74s           2023-03-27T19:43:01
/opt/bitnami/airflow/dags/dag_extraction_tables_gb.py                            1           0  2.47s           2023-03-27T19:42:59
/opt/bitnami/airflow/dags/dag_first_load_tables.py                               1           0  0.43s           2023-03-27T19:42:55
================================================================================
[2023-03-27T19:43:11.374+0000] {manager.py:726} INFO - Searching for files in /opt/bitnami/airflow/dags
[2023-03-27T19:43:11.499+0000] {manager.py:729} INFO - There are 6 files in /opt/bitnami/airflow/dags
[2023-03-27T19:43:21.878+0000] {manager.py:726} INFO - Searching for files in /opt/bitnami/airflow/dags
[2023-03-27T19:43:21.978+0000] {manager.py:729} INFO - There are 6 files in /opt/bitnami/airflow/dags
[2023-03-27T19:43:31.991+0000] {manager.py:726} INFO - Searching for files in /opt/bitnami/airflow/dags
[2023-03-27T19:43:32.101+0000] {manager.py:729} INFO - There are 6 files in /opt/bitnami/airflow/dags
[2023-03-27T19:43:37.382+0000] {manager.py:854} INFO - 
================================================================================
DAG File Processing Stats

File Path                                               PID    Runtime      # DAGs    # Errors  Last Runtime    Last Run
------------------------------------------------------  -----  ---------  --------  ----------  --------------  -------------------
/opt/bitnami/airflow/dags/scripts/first_load_tables.py                           0           0  0.17s           2023-03-27T19:43:27
/opt/bitnami/airflow/dags/scripts/podcast.py                                     0           0  2.08s           2023-03-27T19:43:27
/opt/bitnami/airflow/dags/scripts/tables.py                                      0           0  2.09s           2023-03-27T19:43:27
/opt/bitnami/airflow/dags/dag_extraction_podcast.py                              1           0  2.84s           2023-03-27T19:43:34
/opt/bitnami/airflow/dags/dag_extraction_tables_gb.py                            1           0  2.56s           2023-03-27T19:43:31
/opt/bitnami/airflow/dags/dag_first_load_tables.py                               1           0  0.49s           2023-03-27T19:43:27
================================================================================
[2023-03-27T19:43:42.385+0000] {manager.py:726} INFO - Searching for files in /opt/bitnami/airflow/dags
[2023-03-27T19:43:42.491+0000] {manager.py:729} INFO - There are 6 files in /opt/bitnami/airflow/dags
[2023-03-27T19:43:52.737+0000] {manager.py:726} INFO - Searching for files in /opt/bitnami/airflow/dags
[2023-03-27T19:43:52.809+0000] {manager.py:729} INFO - There are 6 files in /opt/bitnami/airflow/dags
[2023-03-27T19:44:03.361+0000] {manager.py:726} INFO - Searching for files in /opt/bitnami/airflow/dags
[2023-03-27T19:44:03.508+0000] {manager.py:729} INFO - There are 6 files in /opt/bitnami/airflow/dags
[2023-03-27T19:44:07.618+0000] {manager.py:854} INFO - 
================================================================================
DAG File Processing Stats

File Path                                               PID    Runtime      # DAGs    # Errors  Last Runtime    Last Run
------------------------------------------------------  -----  ---------  --------  ----------  --------------  -------------------
/opt/bitnami/airflow/dags/scripts/first_load_tables.py                           0           0  0.16s           2023-03-27T19:44:00
/opt/bitnami/airflow/dags/scripts/podcast.py                                     0           0  2.16s           2023-03-27T19:44:00
/opt/bitnami/airflow/dags/scripts/tables.py                                      0           0  2.17s           2023-03-27T19:44:00
/opt/bitnami/airflow/dags/dag_extraction_podcast.py                              1           0  3.05s           2023-03-27T19:44:07
/opt/bitnami/airflow/dags/dag_extraction_tables_gb.py                            1           0  2.66s           2023-03-27T19:44:05
/opt/bitnami/airflow/dags/dag_first_load_tables.py                               1           0  0.47s           2023-03-27T19:44:00
================================================================================
[2023-03-27T19:44:13.729+0000] {manager.py:726} INFO - Searching for files in /opt/bitnami/airflow/dags
[2023-03-27T19:44:13.814+0000] {manager.py:729} INFO - There are 6 files in /opt/bitnami/airflow/dags
[2023-03-27T19:44:24.027+0000] {manager.py:726} INFO - Searching for files in /opt/bitnami/airflow/dags
[2023-03-27T19:44:24.118+0000] {manager.py:729} INFO - There are 6 files in /opt/bitnami/airflow/dags
[2023-03-27T19:44:34.121+0000] {manager.py:726} INFO - Searching for files in /opt/bitnami/airflow/dags
[2023-03-27T19:44:34.235+0000] {manager.py:729} INFO - There are 6 files in /opt/bitnami/airflow/dags
[2023-03-27T19:44:37.711+0000] {manager.py:854} INFO - 
================================================================================
DAG File Processing Stats

File Path                                                 PID  Runtime      # DAGs    # Errors  Last Runtime    Last Run
------------------------------------------------------  -----  ---------  --------  ----------  --------------  -------------------
/opt/bitnami/airflow/dags/scripts/first_load_tables.py                           0           0  0.14s           2023-03-27T19:44:32
/opt/bitnami/airflow/dags/scripts/podcast.py                                     0           0  2.17s           2023-03-27T19:44:32
/opt/bitnami/airflow/dags/scripts/tables.py                                      0           0  2.16s           2023-03-27T19:44:32
/opt/bitnami/airflow/dags/dag_extraction_podcast.py       411  0.00s             1           0  3.05s           2023-03-27T19:44:07
/opt/bitnami/airflow/dags/dag_extraction_tables_gb.py     408  2.40s             1           0  2.66s           2023-03-27T19:44:05
/opt/bitnami/airflow/dags/dag_first_load_tables.py                               1           0  0.48s           2023-03-27T19:44:33
================================================================================
[2023-03-27T19:44:44.596+0000] {manager.py:726} INFO - Searching for files in /opt/bitnami/airflow/dags
[2023-03-27T19:44:44.707+0000] {manager.py:729} INFO - There are 6 files in /opt/bitnami/airflow/dags
[2023-03-27T19:44:54.976+0000] {manager.py:726} INFO - Searching for files in /opt/bitnami/airflow/dags
[2023-03-27T19:44:55.069+0000] {manager.py:729} INFO - There are 6 files in /opt/bitnami/airflow/dags
[2023-03-27T19:45:05.333+0000] {manager.py:726} INFO - Searching for files in /opt/bitnami/airflow/dags
[2023-03-27T19:45:05.443+0000] {manager.py:729} INFO - There are 6 files in /opt/bitnami/airflow/dags
[2023-03-27T19:45:08.046+0000] {manager.py:854} INFO - 
================================================================================
DAG File Processing Stats

File Path                                                 PID  Runtime      # DAGs    # Errors  Last Runtime    Last Run
------------------------------------------------------  -----  ---------  --------  ----------  --------------  -------------------
/opt/bitnami/airflow/dags/scripts/first_load_tables.py                           0           0  0.16s           2023-03-27T19:45:05
/opt/bitnami/airflow/dags/scripts/podcast.py                                     0           0  2.16s           2023-03-27T19:45:05
/opt/bitnami/airflow/dags/scripts/tables.py                                      0           0  2.17s           2023-03-27T19:45:05
/opt/bitnami/airflow/dags/dag_extraction_podcast.py                              1           0  2.83s           2023-03-27T19:44:40
/opt/bitnami/airflow/dags/dag_extraction_tables_gb.py     424  0.01s             1           0  2.44s           2023-03-27T19:44:37
/opt/bitnami/airflow/dags/dag_first_load_tables.py                               1           0  0.45s           2023-03-27T19:45:05
================================================================================
[2023-03-27T19:45:15.552+0000] {manager.py:726} INFO - Searching for files in /opt/bitnami/airflow/dags
[2023-03-27T19:45:15.654+0000] {manager.py:729} INFO - There are 6 files in /opt/bitnami/airflow/dags
[2023-03-27T19:45:25.903+0000] {manager.py:726} INFO - Searching for files in /opt/bitnami/airflow/dags
[2023-03-27T19:45:26.005+0000] {manager.py:729} INFO - There are 6 files in /opt/bitnami/airflow/dags
[2023-03-27T19:45:36.250+0000] {manager.py:726} INFO - Searching for files in /opt/bitnami/airflow/dags
[2023-03-27T19:45:36.339+0000] {manager.py:729} INFO - There are 6 files in /opt/bitnami/airflow/dags
[2023-03-27T19:45:38.403+0000] {manager.py:854} INFO - 
================================================================================
DAG File Processing Stats

File Path                                                 PID  Runtime      # DAGs    # Errors  Last Runtime    Last Run
------------------------------------------------------  -----  ---------  --------  ----------  --------------  -------------------
/opt/bitnami/airflow/dags/scripts/first_load_tables.py                           0           0  0.16s           2023-03-27T19:45:05
/opt/bitnami/airflow/dags/scripts/podcast.py              432  2.02s             0           0  2.16s           2023-03-27T19:45:05
/opt/bitnami/airflow/dags/scripts/tables.py               430  2.03s             0           0  2.17s           2023-03-27T19:45:05
/opt/bitnami/airflow/dags/dag_extraction_podcast.py                              1           0  2.72s           2023-03-27T19:45:13
/opt/bitnami/airflow/dags/dag_extraction_tables_gb.py                            1           0  2.45s           2023-03-27T19:45:10
/opt/bitnami/airflow/dags/dag_first_load_tables.py                               1           0  0.45s           2023-03-27T19:45:05
================================================================================
[2023-03-27T19:45:46.374+0000] {manager.py:726} INFO - Searching for files in /opt/bitnami/airflow/dags
[2023-03-27T19:45:46.478+0000] {manager.py:729} INFO - There are 6 files in /opt/bitnami/airflow/dags
[2023-03-27T19:45:56.487+0000] {manager.py:726} INFO - Searching for files in /opt/bitnami/airflow/dags
[2023-03-27T19:45:56.586+0000] {manager.py:729} INFO - There are 6 files in /opt/bitnami/airflow/dags
[2023-03-27T19:46:06.902+0000] {manager.py:726} INFO - Searching for files in /opt/bitnami/airflow/dags
[2023-03-27T19:46:06.992+0000] {manager.py:729} INFO - There are 6 files in /opt/bitnami/airflow/dags
[2023-03-27T19:46:09.118+0000] {manager.py:854} INFO - 
================================================================================
DAG File Processing Stats

File Path                                                 PID  Runtime      # DAGs    # Errors  Last Runtime    Last Run
------------------------------------------------------  -----  ---------  --------  ----------  --------------  -------------------
/opt/bitnami/airflow/dags/scripts/first_load_tables.py                           0           0  0.17s           2023-03-27T19:45:38
/opt/bitnami/airflow/dags/scripts/podcast.py              448  0.00s             0           0  2.11s           2023-03-27T19:45:38
/opt/bitnami/airflow/dags/scripts/tables.py               446  0.01s             0           0  2.10s           2023-03-27T19:45:38
/opt/bitnami/airflow/dags/dag_extraction_podcast.py                              1           0  3.03s           2023-03-27T19:45:47
/opt/bitnami/airflow/dags/dag_extraction_tables_gb.py                            1           0  2.62s           2023-03-27T19:45:43
/opt/bitnami/airflow/dags/dag_first_load_tables.py                               1           0  0.46s           2023-03-27T19:45:39
================================================================================
[2023-03-27T19:46:17.018+0000] {manager.py:726} INFO - Searching for files in /opt/bitnami/airflow/dags
[2023-03-27T19:46:17.131+0000] {manager.py:729} INFO - There are 6 files in /opt/bitnami/airflow/dags
[2023-03-27T19:46:27.399+0000] {manager.py:726} INFO - Searching for files in /opt/bitnami/airflow/dags
[2023-03-27T19:46:27.502+0000] {manager.py:729} INFO - There are 6 files in /opt/bitnami/airflow/dags
[2023-03-27T19:46:37.737+0000] {manager.py:726} INFO - Searching for files in /opt/bitnami/airflow/dags
[2023-03-27T19:46:37.825+0000] {manager.py:729} INFO - There are 6 files in /opt/bitnami/airflow/dags
[2023-03-27T19:46:39.902+0000] {manager.py:854} INFO - 
================================================================================
DAG File Processing Stats

File Path                                               PID    Runtime      # DAGs    # Errors  Last Runtime    Last Run
------------------------------------------------------  -----  ---------  --------  ----------  --------------  -------------------
/opt/bitnami/airflow/dags/scripts/first_load_tables.py                           0           0  0.15s           2023-03-27T19:46:11
/opt/bitnami/airflow/dags/scripts/podcast.py                                     0           0  2.18s           2023-03-27T19:46:11
/opt/bitnami/airflow/dags/scripts/tables.py                                      0           0  2.18s           2023-03-27T19:46:11
/opt/bitnami/airflow/dags/dag_extraction_podcast.py                              1           0  2.87s           2023-03-27T19:46:20
/opt/bitnami/airflow/dags/dag_extraction_tables_gb.py                            1           0  2.50s           2023-03-27T19:46:15
/opt/bitnami/airflow/dags/dag_first_load_tables.py                               1           0  0.54s           2023-03-27T19:46:11
================================================================================
[2023-03-27T19:46:48.277+0000] {manager.py:726} INFO - Searching for files in /opt/bitnami/airflow/dags
[2023-03-27T19:46:48.380+0000] {manager.py:729} INFO - There are 6 files in /opt/bitnami/airflow/dags
[2023-03-27T19:46:58.708+0000] {manager.py:726} INFO - Searching for files in /opt/bitnami/airflow/dags
[2023-03-27T19:46:58.787+0000] {manager.py:729} INFO - There are 6 files in /opt/bitnami/airflow/dags
[2023-03-27T19:47:09.027+0000] {manager.py:726} INFO - Searching for files in /opt/bitnami/airflow/dags
[2023-03-27T19:47:09.140+0000] {manager.py:729} INFO - There are 6 files in /opt/bitnami/airflow/dags
[2023-03-27T19:47:10.188+0000] {manager.py:854} INFO - 
================================================================================
DAG File Processing Stats

File Path                                               PID    Runtime      # DAGs    # Errors  Last Runtime    Last Run
------------------------------------------------------  -----  ---------  --------  ----------  --------------  -------------------
/opt/bitnami/airflow/dags/scripts/first_load_tables.py                           0           0  0.14s           2023-03-27T19:46:44
/opt/bitnami/airflow/dags/scripts/podcast.py                                     0           0  2.10s           2023-03-27T19:46:44
/opt/bitnami/airflow/dags/scripts/tables.py                                      0           0  2.12s           2023-03-27T19:46:44
/opt/bitnami/airflow/dags/dag_extraction_podcast.py                              1           0  2.78s           2023-03-27T19:46:53
/opt/bitnami/airflow/dags/dag_extraction_tables_gb.py                            1           0  2.47s           2023-03-27T19:46:48
/opt/bitnami/airflow/dags/dag_first_load_tables.py                               1           0  0.44s           2023-03-27T19:46:44
================================================================================
[2023-03-27T19:47:19.588+0000] {manager.py:726} INFO - Searching for files in /opt/bitnami/airflow/dags
[2023-03-27T19:47:19.684+0000] {manager.py:729} INFO - There are 6 files in /opt/bitnami/airflow/dags
[2023-03-27T19:47:29.677+0000] {manager.py:726} INFO - Searching for files in /opt/bitnami/airflow/dags
[2023-03-27T19:47:29.763+0000] {manager.py:729} INFO - There are 6 files in /opt/bitnami/airflow/dags
[2023-03-27T19:47:40.058+0000] {manager.py:726} INFO - Searching for files in /opt/bitnami/airflow/dags
[2023-03-27T19:47:40.164+0000] {manager.py:729} INFO - There are 6 files in /opt/bitnami/airflow/dags
[2023-03-27T19:47:40.203+0000] {manager.py:854} INFO - 
================================================================================
DAG File Processing Stats

File Path                                               PID    Runtime      # DAGs    # Errors  Last Runtime    Last Run
------------------------------------------------------  -----  ---------  --------  ----------  --------------  -------------------
/opt/bitnami/airflow/dags/scripts/first_load_tables.py                           0           0  0.14s           2023-03-27T19:47:16
/opt/bitnami/airflow/dags/scripts/podcast.py                                     0           0  2.06s           2023-03-27T19:47:16
/opt/bitnami/airflow/dags/scripts/tables.py                                      0           0  2.07s           2023-03-27T19:47:16
/opt/bitnami/airflow/dags/dag_extraction_podcast.py                              1           0  2.73s           2023-03-27T19:47:26
/opt/bitnami/airflow/dags/dag_extraction_tables_gb.py                            1           0  2.47s           2023-03-27T19:47:21
/opt/bitnami/airflow/dags/dag_first_load_tables.py                               1           0  0.44s           2023-03-27T19:47:16
================================================================================
[2023-03-27T19:47:50.156+0000] {manager.py:726} INFO - Searching for files in /opt/bitnami/airflow/dags
[2023-03-27T19:47:50.250+0000] {manager.py:729} INFO - There are 6 files in /opt/bitnami/airflow/dags
[2023-03-27T19:48:00.262+0000] {manager.py:726} INFO - Searching for files in /opt/bitnami/airflow/dags
[2023-03-27T19:48:00.363+0000] {manager.py:729} INFO - There are 6 files in /opt/bitnami/airflow/dags
[2023-03-27T19:48:10.674+0000] {manager.py:726} INFO - Searching for files in /opt/bitnami/airflow/dags
[2023-03-27T19:48:10.792+0000] {manager.py:729} INFO - There are 6 files in /opt/bitnami/airflow/dags
[2023-03-27T19:48:10.830+0000] {manager.py:854} INFO - 
================================================================================
DAG File Processing Stats

File Path                                               PID    Runtime      # DAGs    # Errors  Last Runtime    Last Run
------------------------------------------------------  -----  ---------  --------  ----------  --------------  -------------------
/opt/bitnami/airflow/dags/scripts/first_load_tables.py                           0           0  0.14s           2023-03-27T19:47:48
/opt/bitnami/airflow/dags/scripts/podcast.py                                     0           0  2.10s           2023-03-27T19:47:48
/opt/bitnami/airflow/dags/scripts/tables.py                                      0           0  2.10s           2023-03-27T19:47:48
/opt/bitnami/airflow/dags/dag_extraction_podcast.py                              1           0  3.18s           2023-03-27T19:48:00
/opt/bitnami/airflow/dags/dag_extraction_tables_gb.py                            1           0  2.41s           2023-03-27T19:47:54
/opt/bitnami/airflow/dags/dag_first_load_tables.py                               1           0  0.46s           2023-03-27T19:47:49
================================================================================
[2023-03-27T19:48:21.107+0000] {manager.py:726} INFO - Searching for files in /opt/bitnami/airflow/dags
[2023-03-27T19:48:21.247+0000] {manager.py:729} INFO - There are 6 files in /opt/bitnami/airflow/dags
[2023-03-27T19:48:31.683+0000] {manager.py:726} INFO - Searching for files in /opt/bitnami/airflow/dags
[2023-03-27T19:48:31.785+0000] {manager.py:729} INFO - There are 6 files in /opt/bitnami/airflow/dags
[2023-03-27T19:48:41.225+0000] {manager.py:854} INFO - 
================================================================================
DAG File Processing Stats

File Path                                               PID    Runtime      # DAGs    # Errors  Last Runtime    Last Run
------------------------------------------------------  -----  ---------  --------  ----------  --------------  -------------------
/opt/bitnami/airflow/dags/scripts/first_load_tables.py                           0           0  0.14s           2023-03-27T19:48:21
/opt/bitnami/airflow/dags/scripts/podcast.py                                     0           0  2.22s           2023-03-27T19:48:21
/opt/bitnami/airflow/dags/scripts/tables.py                                      0           0  2.23s           2023-03-27T19:48:21
/opt/bitnami/airflow/dags/dag_extraction_podcast.py                              1           0  2.87s           2023-03-27T19:48:33
/opt/bitnami/airflow/dags/dag_extraction_tables_gb.py                            1           0  2.46s           2023-03-27T19:48:26
/opt/bitnami/airflow/dags/dag_first_load_tables.py                               1           0  0.44s           2023-03-27T19:48:21
================================================================================
[2023-03-27T19:48:41.715+0000] {manager.py:726} INFO - Searching for files in /opt/bitnami/airflow/dags
[2023-03-27T19:48:41.818+0000] {manager.py:729} INFO - There are 6 files in /opt/bitnami/airflow/dags
[2023-03-27T19:48:52.133+0000] {manager.py:726} INFO - Searching for files in /opt/bitnami/airflow/dags
[2023-03-27T19:48:52.279+0000] {manager.py:729} INFO - There are 6 files in /opt/bitnami/airflow/dags
[2023-03-27T19:49:02.471+0000] {manager.py:726} INFO - Searching for files in /opt/bitnami/airflow/dags
[2023-03-27T19:49:02.585+0000] {manager.py:729} INFO - There are 6 files in /opt/bitnami/airflow/dags
[2023-03-27T19:49:11.602+0000] {manager.py:854} INFO - 
================================================================================
DAG File Processing Stats

File Path                                               PID    Runtime      # DAGs    # Errors  Last Runtime    Last Run
------------------------------------------------------  -----  ---------  --------  ----------  --------------  -------------------
/opt/bitnami/airflow/dags/scripts/first_load_tables.py                           0           0  0.14s           2023-03-27T19:48:53
/opt/bitnami/airflow/dags/scripts/podcast.py                                     0           0  2.11s           2023-03-27T19:48:53
/opt/bitnami/airflow/dags/scripts/tables.py                                      0           0  2.12s           2023-03-27T19:48:53
/opt/bitnami/airflow/dags/dag_extraction_podcast.py                              1           0  2.75s           2023-03-27T19:49:06
/opt/bitnami/airflow/dags/dag_extraction_tables_gb.py                            1           0  2.45s           2023-03-27T19:48:59
/opt/bitnami/airflow/dags/dag_first_load_tables.py                               1           0  0.47s           2023-03-27T19:48:54
================================================================================
[2023-03-27T19:49:12.639+0000] {manager.py:726} INFO - Searching for files in /opt/bitnami/airflow/dags
[2023-03-27T19:49:12.737+0000] {manager.py:729} INFO - There are 6 files in /opt/bitnami/airflow/dags
[2023-03-27T19:49:23.017+0000] {manager.py:726} INFO - Searching for files in /opt/bitnami/airflow/dags
[2023-03-27T19:49:23.098+0000] {manager.py:729} INFO - There are 6 files in /opt/bitnami/airflow/dags
[2023-03-27T19:49:33.393+0000] {manager.py:726} INFO - Searching for files in /opt/bitnami/airflow/dags
[2023-03-27T19:49:33.488+0000] {manager.py:729} INFO - There are 6 files in /opt/bitnami/airflow/dags
[2023-03-27T19:49:42.175+0000] {manager.py:854} INFO - 
================================================================================
DAG File Processing Stats

File Path                                               PID    Runtime      # DAGs    # Errors  Last Runtime    Last Run
------------------------------------------------------  -----  ---------  --------  ----------  --------------  -------------------
/opt/bitnami/airflow/dags/scripts/first_load_tables.py                           0           0  0.14s           2023-03-27T19:49:26
/opt/bitnami/airflow/dags/scripts/podcast.py                                     0           0  2.15s           2023-03-27T19:49:26
/opt/bitnami/airflow/dags/scripts/tables.py                                      0           0  2.14s           2023-03-27T19:49:26
/opt/bitnami/airflow/dags/dag_extraction_podcast.py                              1           0  2.76s           2023-03-27T19:49:39
/opt/bitnami/airflow/dags/dag_extraction_tables_gb.py                            1           0  2.40s           2023-03-27T19:49:32
/opt/bitnami/airflow/dags/dag_first_load_tables.py                               1           0  0.47s           2023-03-27T19:49:26
================================================================================
[2023-03-27T19:49:43.441+0000] {manager.py:726} INFO - Searching for files in /opt/bitnami/airflow/dags
[2023-03-27T19:49:43.534+0000] {manager.py:729} INFO - There are 6 files in /opt/bitnami/airflow/dags
[2023-03-27T19:49:53.780+0000] {manager.py:726} INFO - Searching for files in /opt/bitnami/airflow/dags
[2023-03-27T19:49:53.884+0000] {manager.py:729} INFO - There are 6 files in /opt/bitnami/airflow/dags
[2023-03-27T19:50:03.950+0000] {manager.py:726} INFO - Searching for files in /opt/bitnami/airflow/dags
[2023-03-27T19:50:04.051+0000] {manager.py:729} INFO - There are 6 files in /opt/bitnami/airflow/dags
[2023-03-27T19:50:12.340+0000] {manager.py:854} INFO - 
================================================================================
DAG File Processing Stats

File Path                                               PID    Runtime      # DAGs    # Errors  Last Runtime    Last Run
------------------------------------------------------  -----  ---------  --------  ----------  --------------  -------------------
/opt/bitnami/airflow/dags/scripts/first_load_tables.py                           0           0  0.16s           2023-03-27T19:49:58
/opt/bitnami/airflow/dags/scripts/podcast.py                                     0           0  2.16s           2023-03-27T19:49:58
/opt/bitnami/airflow/dags/scripts/tables.py                                      0           0  2.18s           2023-03-27T19:49:58
/opt/bitnami/airflow/dags/dag_extraction_podcast.py                              1           0  2.82s           2023-03-27T19:50:12
/opt/bitnami/airflow/dags/dag_extraction_tables_gb.py                            1           0  2.61s           2023-03-27T19:50:05
/opt/bitnami/airflow/dags/dag_first_load_tables.py                               1           0  0.47s           2023-03-27T19:49:59
================================================================================
[2023-03-27T19:50:14.410+0000] {manager.py:726} INFO - Searching for files in /opt/bitnami/airflow/dags
[2023-03-27T19:50:14.507+0000] {manager.py:729} INFO - There are 6 files in /opt/bitnami/airflow/dags
[2023-03-27T19:50:24.765+0000] {manager.py:726} INFO - Searching for files in /opt/bitnami/airflow/dags
[2023-03-27T19:50:24.850+0000] {manager.py:729} INFO - There are 6 files in /opt/bitnami/airflow/dags
[2023-03-27T19:50:34.766+0000] {manager.py:726} INFO - Searching for files in /opt/bitnami/airflow/dags
[2023-03-27T19:50:34.865+0000] {manager.py:729} INFO - There are 6 files in /opt/bitnami/airflow/dags
[2023-03-27T19:50:42.535+0000] {manager.py:854} INFO - 
================================================================================
DAG File Processing Stats

File Path                                                 PID  Runtime      # DAGs    # Errors  Last Runtime    Last Run
------------------------------------------------------  -----  ---------  --------  ----------  --------------  -------------------
/opt/bitnami/airflow/dags/scripts/first_load_tables.py                           0           0  0.15s           2023-03-27T19:50:31
/opt/bitnami/airflow/dags/scripts/podcast.py                                     0           0  2.10s           2023-03-27T19:50:31
/opt/bitnami/airflow/dags/scripts/tables.py                                      0           0  2.12s           2023-03-27T19:50:31
/opt/bitnami/airflow/dags/dag_extraction_podcast.py       587  0.00s             1           0  2.82s           2023-03-27T19:50:12
/opt/bitnami/airflow/dags/dag_extraction_tables_gb.py                            1           0  2.48s           2023-03-27T19:50:38
/opt/bitnami/airflow/dags/dag_first_load_tables.py                               1           0  0.45s           2023-03-27T19:50:31
================================================================================
[2023-03-27T19:50:45.062+0000] {manager.py:726} INFO - Searching for files in /opt/bitnami/airflow/dags
[2023-03-27T19:50:45.157+0000] {manager.py:729} INFO - There are 6 files in /opt/bitnami/airflow/dags
[2023-03-27T19:50:55.426+0000] {manager.py:726} INFO - Searching for files in /opt/bitnami/airflow/dags
[2023-03-27T19:50:55.527+0000] {manager.py:729} INFO - There are 6 files in /opt/bitnami/airflow/dags
[2023-03-27T19:51:06.014+0000] {manager.py:726} INFO - Searching for files in /opt/bitnami/airflow/dags
[2023-03-27T19:51:06.116+0000] {manager.py:729} INFO - There are 6 files in /opt/bitnami/airflow/dags
[2023-03-27T19:51:12.556+0000] {manager.py:854} INFO - 
================================================================================
DAG File Processing Stats

File Path                                               PID    Runtime      # DAGs    # Errors  Last Runtime    Last Run
------------------------------------------------------  -----  ---------  --------  ----------  --------------  -------------------
/opt/bitnami/airflow/dags/scripts/first_load_tables.py                           0           0  0.14s           2023-03-27T19:51:03
/opt/bitnami/airflow/dags/scripts/podcast.py                                     0           0  2.09s           2023-03-27T19:51:03
/opt/bitnami/airflow/dags/scripts/tables.py                                      0           0  2.08s           2023-03-27T19:51:03
/opt/bitnami/airflow/dags/dag_extraction_podcast.py                              1           0  2.84s           2023-03-27T19:50:45
/opt/bitnami/airflow/dags/dag_extraction_tables_gb.py                            1           0  2.45s           2023-03-27T19:51:10
/opt/bitnami/airflow/dags/dag_first_load_tables.py                               1           0  0.43s           2023-03-27T19:51:04
================================================================================
[2023-03-27T19:51:16.051+0000] {manager.py:726} INFO - Searching for files in /opt/bitnami/airflow/dags
[2023-03-27T19:51:16.150+0000] {manager.py:729} INFO - There are 6 files in /opt/bitnami/airflow/dags
[2023-03-27T19:51:26.354+0000] {manager.py:726} INFO - Searching for files in /opt/bitnami/airflow/dags
[2023-03-27T19:51:26.448+0000] {manager.py:729} INFO - There are 6 files in /opt/bitnami/airflow/dags
[2023-03-27T19:51:36.785+0000] {manager.py:726} INFO - Searching for files in /opt/bitnami/airflow/dags
[2023-03-27T19:51:36.890+0000] {manager.py:729} INFO - There are 6 files in /opt/bitnami/airflow/dags
[2023-03-27T19:51:43.012+0000] {manager.py:854} INFO - 
================================================================================
DAG File Processing Stats

File Path                                                 PID  Runtime      # DAGs    # Errors  Last Runtime    Last Run
------------------------------------------------------  -----  ---------  --------  ----------  --------------  -------------------
/opt/bitnami/airflow/dags/scripts/first_load_tables.py                           0           0  0.14s           2023-03-27T19:51:36
/opt/bitnami/airflow/dags/scripts/podcast.py                                     0           0  2.23s           2023-03-27T19:51:36
/opt/bitnami/airflow/dags/scripts/tables.py                                      0           0  2.23s           2023-03-27T19:51:36
/opt/bitnami/airflow/dags/dag_extraction_podcast.py                              1           0  2.93s           2023-03-27T19:51:18
/opt/bitnami/airflow/dags/dag_extraction_tables_gb.py     616  2.03s             1           0  2.45s           2023-03-27T19:51:10
/opt/bitnami/airflow/dags/dag_first_load_tables.py                               1           0  0.47s           2023-03-27T19:51:36
================================================================================
[2023-03-27T19:51:47.071+0000] {manager.py:726} INFO - Searching for files in /opt/bitnami/airflow/dags
[2023-03-27T19:51:47.173+0000] {manager.py:729} INFO - There are 6 files in /opt/bitnami/airflow/dags
[2023-03-27T19:51:57.650+0000] {manager.py:726} INFO - Searching for files in /opt/bitnami/airflow/dags
[2023-03-27T19:51:57.740+0000] {manager.py:729} INFO - There are 6 files in /opt/bitnami/airflow/dags
[2023-03-27T19:52:08.022+0000] {manager.py:726} INFO - Searching for files in /opt/bitnami/airflow/dags
[2023-03-27T19:52:08.227+0000] {manager.py:729} INFO - There are 6 files in /opt/bitnami/airflow/dags
[2023-03-27T19:52:13.300+0000] {manager.py:854} INFO - 
================================================================================
DAG File Processing Stats

File Path                                                 PID  Runtime      # DAGs    # Errors  Last Runtime    Last Run
------------------------------------------------------  -----  ---------  --------  ----------  --------------  -------------------
/opt/bitnami/airflow/dags/scripts/first_load_tables.py                           0           0  0.21s           2023-03-27T19:52:10
/opt/bitnami/airflow/dags/scripts/podcast.py                                     0           0  3.01s           2023-03-27T19:52:10
/opt/bitnami/airflow/dags/scripts/tables.py                                      0           0  3.00s           2023-03-27T19:52:09
/opt/bitnami/airflow/dags/dag_extraction_podcast.py                              1           0  3.48s           2023-03-27T19:51:52
/opt/bitnami/airflow/dags/dag_extraction_tables_gb.py     632  1.02s             1           0  3.03s           2023-03-27T19:51:43
/opt/bitnami/airflow/dags/dag_first_load_tables.py                               1           0  0.54s           2023-03-27T19:52:10
================================================================================
[2023-03-27T19:52:18.905+0000] {manager.py:726} INFO - Searching for files in /opt/bitnami/airflow/dags
[2023-03-27T19:52:19.011+0000] {manager.py:729} INFO - There are 6 files in /opt/bitnami/airflow/dags
[2023-03-27T19:52:29.134+0000] {manager.py:726} INFO - Searching for files in /opt/bitnami/airflow/dags
[2023-03-27T19:52:29.234+0000] {manager.py:729} INFO - There are 6 files in /opt/bitnami/airflow/dags
[2023-03-27T19:52:39.495+0000] {manager.py:726} INFO - Searching for files in /opt/bitnami/airflow/dags
[2023-03-27T19:52:39.581+0000] {manager.py:729} INFO - There are 6 files in /opt/bitnami/airflow/dags
[2023-03-27T19:52:43.380+0000] {manager.py:854} INFO - 
================================================================================
DAG File Processing Stats

File Path                                                 PID  Runtime      # DAGs    # Errors  Last Runtime    Last Run
------------------------------------------------------  -----  ---------  --------  ----------  --------------  -------------------
/opt/bitnami/airflow/dags/scripts/first_load_tables.py                           0           0  0.18s           2023-03-27T19:52:43
/opt/bitnami/airflow/dags/scripts/podcast.py                                     0           0  2.51s           2023-03-27T19:52:43
/opt/bitnami/airflow/dags/scripts/tables.py                                      0           0  2.54s           2023-03-27T19:52:43
/opt/bitnami/airflow/dags/dag_extraction_podcast.py                              1           0  2.92s           2023-03-27T19:52:26
/opt/bitnami/airflow/dags/dag_extraction_tables_gb.py                            1           0  2.62s           2023-03-27T19:52:14
/opt/bitnami/airflow/dags/dag_first_load_tables.py        646  0.00s             1           0  0.54s           2023-03-27T19:52:10
================================================================================
[2023-03-27T19:52:49.939+0000] {manager.py:726} INFO - Searching for files in /opt/bitnami/airflow/dags
[2023-03-27T19:52:50.106+0000] {manager.py:729} INFO - There are 6 files in /opt/bitnami/airflow/dags
[2023-03-27T19:53:00.341+0000] {manager.py:726} INFO - Searching for files in /opt/bitnami/airflow/dags
[2023-03-27T19:53:00.456+0000] {manager.py:729} INFO - There are 6 files in /opt/bitnami/airflow/dags
[2023-03-27T19:53:10.677+0000] {manager.py:726} INFO - Searching for files in /opt/bitnami/airflow/dags
[2023-03-27T19:53:10.776+0000] {manager.py:729} INFO - There are 6 files in /opt/bitnami/airflow/dags
[2023-03-27T19:53:13.861+0000] {manager.py:854} INFO - 
================================================================================
DAG File Processing Stats

File Path                                                 PID  Runtime      # DAGs    # Errors  Last Runtime    Last Run
------------------------------------------------------  -----  ---------  --------  ----------  --------------  -------------------
/opt/bitnami/airflow/dags/scripts/first_load_tables.py                           0           0  0.18s           2023-03-27T19:52:43
/opt/bitnami/airflow/dags/scripts/podcast.py              656  0.00s             0           0  2.51s           2023-03-27T19:52:43
/opt/bitnami/airflow/dags/scripts/tables.py               654  0.01s             0           0  2.54s           2023-03-27T19:52:43
/opt/bitnami/airflow/dags/dag_extraction_podcast.py                              1           0  3.11s           2023-03-27T19:52:59
/opt/bitnami/airflow/dags/dag_extraction_tables_gb.py                            1           0  2.53s           2023-03-27T19:52:47
/opt/bitnami/airflow/dags/dag_first_load_tables.py                               1           0  0.47s           2023-03-27T19:52:43
================================================================================
[2023-03-27T19:53:20.969+0000] {manager.py:726} INFO - Searching for files in /opt/bitnami/airflow/dags
[2023-03-27T19:53:21.048+0000] {manager.py:729} INFO - There are 6 files in /opt/bitnami/airflow/dags
[2023-03-27T19:53:31.240+0000] {manager.py:726} INFO - Searching for files in /opt/bitnami/airflow/dags
[2023-03-27T19:53:31.333+0000] {manager.py:729} INFO - There are 6 files in /opt/bitnami/airflow/dags
[2023-03-27T19:53:41.584+0000] {manager.py:726} INFO - Searching for files in /opt/bitnami/airflow/dags
[2023-03-27T19:53:41.660+0000] {manager.py:729} INFO - There are 6 files in /opt/bitnami/airflow/dags
[2023-03-27T19:53:44.737+0000] {manager.py:854} INFO - 
================================================================================
DAG File Processing Stats

File Path                                                 PID  Runtime      # DAGs    # Errors  Last Runtime    Last Run
------------------------------------------------------  -----  ---------  --------  ----------  --------------  -------------------
/opt/bitnami/airflow/dags/scripts/first_load_tables.py                           0           0  0.15s           2023-03-27T19:53:16
/opt/bitnami/airflow/dags/scripts/podcast.py                                     0           0  2.45s           2023-03-27T19:53:16
/opt/bitnami/airflow/dags/scripts/tables.py                                      0           0  2.47s           2023-03-27T19:53:16
/opt/bitnami/airflow/dags/dag_extraction_podcast.py                              1           0  2.82s           2023-03-27T19:53:32
/opt/bitnami/airflow/dags/dag_extraction_tables_gb.py     670  2.03s             1           0  2.43s           2023-03-27T19:53:20
/opt/bitnami/airflow/dags/dag_first_load_tables.py                               1           0  0.46s           2023-03-27T19:53:16
================================================================================
[2023-03-27T19:53:52.172+0000] {manager.py:726} INFO - Searching for files in /opt/bitnami/airflow/dags
[2023-03-27T19:53:52.259+0000] {manager.py:729} INFO - There are 6 files in /opt/bitnami/airflow/dags
[2023-03-27T19:54:02.527+0000] {manager.py:726} INFO - Searching for files in /opt/bitnami/airflow/dags
[2023-03-27T19:54:02.620+0000] {manager.py:729} INFO - There are 6 files in /opt/bitnami/airflow/dags
[2023-03-27T19:54:12.548+0000] {manager.py:726} INFO - Searching for files in /opt/bitnami/airflow/dags
[2023-03-27T19:54:12.682+0000] {manager.py:729} INFO - There are 6 files in /opt/bitnami/airflow/dags
[2023-03-27T19:54:14.824+0000] {manager.py:854} INFO - 
================================================================================
DAG File Processing Stats

File Path                                               PID    Runtime      # DAGs    # Errors  Last Runtime    Last Run
------------------------------------------------------  -----  ---------  --------  ----------  --------------  -------------------
/opt/bitnami/airflow/dags/dag_extraction_tables_gb.py                            0           1  2.12s           2023-03-27T19:53:44
/opt/bitnami/airflow/dags/scripts/first_load_tables.py                           0           0  0.20s           2023-03-27T19:53:49
/opt/bitnami/airflow/dags/scripts/podcast.py                                     0           0  2.51s           2023-03-27T19:53:49
/opt/bitnami/airflow/dags/scripts/tables.py                                      0           0  2.48s           2023-03-27T19:53:49
/opt/bitnami/airflow/dags/dag_extraction_podcast.py                              1           0  2.76s           2023-03-27T19:54:05
/opt/bitnami/airflow/dags/dag_first_load_tables.py                               1           0  0.60s           2023-03-27T19:53:50
================================================================================
[2023-03-27T19:54:23.018+0000] {manager.py:726} INFO - Searching for files in /opt/bitnami/airflow/dags
[2023-03-27T19:54:23.305+0000] {manager.py:729} INFO - There are 6 files in /opt/bitnami/airflow/dags
[2023-03-27T19:54:33.548+0000] {manager.py:726} INFO - Searching for files in /opt/bitnami/airflow/dags
[2023-03-27T19:54:33.660+0000] {manager.py:729} INFO - There are 6 files in /opt/bitnami/airflow/dags
[2023-03-27T19:54:43.663+0000] {manager.py:726} INFO - Searching for files in /opt/bitnami/airflow/dags
[2023-03-27T19:54:43.766+0000] {manager.py:729} INFO - There are 6 files in /opt/bitnami/airflow/dags
[2023-03-27T19:54:44.847+0000] {manager.py:854} INFO - 
================================================================================
DAG File Processing Stats

File Path                                               PID    Runtime      # DAGs    # Errors  Last Runtime    Last Run
------------------------------------------------------  -----  ---------  --------  ----------  --------------  -------------------
/opt/bitnami/airflow/dags/scripts/first_load_tables.py                           0           0  0.14s           2023-03-27T19:54:21
/opt/bitnami/airflow/dags/scripts/podcast.py                                     0           0  2.25s           2023-03-27T19:54:21
/opt/bitnami/airflow/dags/scripts/tables.py                                      0           0  2.24s           2023-03-27T19:54:21
/opt/bitnami/airflow/dags/dag_extraction_podcast.py                              1           0  2.79s           2023-03-27T19:54:38
/opt/bitnami/airflow/dags/dag_extraction_tables_gb.py                            1           0  2.51s           2023-03-27T19:54:17
/opt/bitnami/airflow/dags/dag_first_load_tables.py                               1           0  0.45s           2023-03-27T19:54:22
================================================================================
[2023-03-27T19:54:54.075+0000] {manager.py:726} INFO - Searching for files in /opt/bitnami/airflow/dags
[2023-03-27T19:54:54.215+0000] {manager.py:729} INFO - There are 6 files in /opt/bitnami/airflow/dags
[2023-03-27T19:55:04.663+0000] {manager.py:726} INFO - Searching for files in /opt/bitnami/airflow/dags
[2023-03-27T19:55:04.765+0000] {manager.py:729} INFO - There are 6 files in /opt/bitnami/airflow/dags
[2023-03-27T19:55:15.280+0000] {manager.py:726} INFO - Searching for files in /opt/bitnami/airflow/dags
[2023-03-27T19:55:15.377+0000] {manager.py:729} INFO - There are 6 files in /opt/bitnami/airflow/dags
[2023-03-27T19:55:15.416+0000] {manager.py:854} INFO - 
================================================================================
DAG File Processing Stats

File Path                                               PID    Runtime      # DAGs    # Errors  Last Runtime    Last Run
------------------------------------------------------  -----  ---------  --------  ----------  --------------  -------------------
/opt/bitnami/airflow/dags/scripts/first_load_tables.py                           0           0  0.18s           2023-03-27T19:54:54
/opt/bitnami/airflow/dags/scripts/podcast.py                                     0           0  2.21s           2023-03-27T19:54:54
/opt/bitnami/airflow/dags/scripts/tables.py                                      0           0  2.22s           2023-03-27T19:54:54
/opt/bitnami/airflow/dags/dag_extraction_podcast.py                              1           0  3.41s           2023-03-27T19:55:12
/opt/bitnami/airflow/dags/dag_extraction_tables_gb.py                            1           0  2.47s           2023-03-27T19:54:50
/opt/bitnami/airflow/dags/dag_first_load_tables.py                               1           0  0.43s           2023-03-27T19:54:54
================================================================================
[2023-03-27T19:55:25.605+0000] {manager.py:726} INFO - Searching for files in /opt/bitnami/airflow/dags
[2023-03-27T19:55:25.813+0000] {manager.py:729} INFO - There are 6 files in /opt/bitnami/airflow/dags
[2023-03-27T19:55:36.057+0000] {manager.py:726} INFO - Searching for files in /opt/bitnami/airflow/dags
[2023-03-27T19:55:36.181+0000] {manager.py:729} INFO - There are 6 files in /opt/bitnami/airflow/dags
[2023-03-27T19:55:45.636+0000] {manager.py:854} INFO - 
================================================================================
DAG File Processing Stats

File Path                                               PID    Runtime      # DAGs    # Errors  Last Runtime    Last Run
------------------------------------------------------  -----  ---------  --------  ----------  --------------  -------------------
/opt/bitnami/airflow/dags/scripts/first_load_tables.py                           0           0  0.14s           2023-03-27T19:55:26
/opt/bitnami/airflow/dags/scripts/podcast.py                                     0           0  2.14s           2023-03-27T19:55:26
/opt/bitnami/airflow/dags/scripts/tables.py                                      0           0  2.13s           2023-03-27T19:55:26
/opt/bitnami/airflow/dags/dag_extraction_podcast.py                              1           0  2.84s           2023-03-27T19:55:45
/opt/bitnami/airflow/dags/dag_extraction_tables_gb.py                            1           0  2.57s           2023-03-27T19:55:23
/opt/bitnami/airflow/dags/dag_first_load_tables.py                               1           0  0.45s           2023-03-27T19:55:27
================================================================================
[2023-03-27T19:55:46.216+0000] {manager.py:726} INFO - Searching for files in /opt/bitnami/airflow/dags
[2023-03-27T19:55:46.313+0000] {manager.py:729} INFO - There are 6 files in /opt/bitnami/airflow/dags
[2023-03-27T19:55:56.847+0000] {manager.py:726} INFO - Searching for files in /opt/bitnami/airflow/dags
[2023-03-27T19:55:56.941+0000] {manager.py:729} INFO - There are 6 files in /opt/bitnami/airflow/dags
[2023-03-27T19:56:07.066+0000] {manager.py:726} INFO - Searching for files in /opt/bitnami/airflow/dags
[2023-03-27T19:56:07.175+0000] {manager.py:729} INFO - There are 6 files in /opt/bitnami/airflow/dags
[2023-03-27T19:56:16.371+0000] {manager.py:854} INFO - 
================================================================================
DAG File Processing Stats

File Path                                                 PID  Runtime      # DAGs    # Errors  Last Runtime    Last Run
------------------------------------------------------  -----  ---------  --------  ----------  --------------  -------------------
/opt/bitnami/airflow/dags/scripts/first_load_tables.py                           0           0  0.17s           2023-03-27T19:55:59
/opt/bitnami/airflow/dags/scripts/podcast.py                                     0           0  2.12s           2023-03-27T19:55:59
/opt/bitnami/airflow/dags/scripts/tables.py                                      0           0  2.14s           2023-03-27T19:55:59
/opt/bitnami/airflow/dags/dag_extraction_podcast.py       747  1.02s             1           0  2.84s           2023-03-27T19:55:45
/opt/bitnami/airflow/dags/dag_extraction_tables_gb.py                            1           0  2.61s           2023-03-27T19:55:56
/opt/bitnami/airflow/dags/dag_first_load_tables.py                               1           0  0.59s           2023-03-27T19:55:59
================================================================================
[2023-03-27T19:56:17.386+0000] {manager.py:726} INFO - Searching for files in /opt/bitnami/airflow/dags
[2023-03-27T19:56:17.482+0000] {manager.py:729} INFO - There are 6 files in /opt/bitnami/airflow/dags
[2023-03-27T19:56:27.832+0000] {manager.py:726} INFO - Searching for files in /opt/bitnami/airflow/dags
[2023-03-27T19:56:27.930+0000] {manager.py:729} INFO - There are 6 files in /opt/bitnami/airflow/dags
[2023-03-27T19:56:38.305+0000] {manager.py:726} INFO - Searching for files in /opt/bitnami/airflow/dags
[2023-03-27T19:56:38.406+0000] {manager.py:729} INFO - There are 6 files in /opt/bitnami/airflow/dags
[2023-03-27T19:56:46.597+0000] {manager.py:854} INFO - 
================================================================================
DAG File Processing Stats

File Path                                               PID    Runtime      # DAGs    # Errors  Last Runtime    Last Run
------------------------------------------------------  -----  ---------  --------  ----------  --------------  -------------------
/opt/bitnami/airflow/dags/scripts/first_load_tables.py                           0           0  0.14s           2023-03-27T19:56:31
/opt/bitnami/airflow/dags/scripts/podcast.py                                     0           0  2.14s           2023-03-27T19:56:31
/opt/bitnami/airflow/dags/scripts/tables.py                                      0           0  2.15s           2023-03-27T19:56:31
/opt/bitnami/airflow/dags/dag_extraction_podcast.py                              1           0  2.86s           2023-03-27T19:56:18
/opt/bitnami/airflow/dags/dag_extraction_tables_gb.py                            1           0  2.51s           2023-03-27T19:56:28
/opt/bitnami/airflow/dags/dag_first_load_tables.py                               1           0  0.48s           2023-03-27T19:56:32
================================================================================
[2023-03-27T19:56:48.625+0000] {manager.py:726} INFO - Searching for files in /opt/bitnami/airflow/dags
[2023-03-27T19:56:48.703+0000] {manager.py:729} INFO - There are 6 files in /opt/bitnami/airflow/dags
[2023-03-27T19:56:58.721+0000] {manager.py:726} INFO - Searching for files in /opt/bitnami/airflow/dags
[2023-03-27T19:56:58.833+0000] {manager.py:729} INFO - There are 6 files in /opt/bitnami/airflow/dags
[2023-03-27T19:57:09.096+0000] {manager.py:726} INFO - Searching for files in /opt/bitnami/airflow/dags
[2023-03-27T19:57:09.245+0000] {manager.py:729} INFO - There are 6 files in /opt/bitnami/airflow/dags
[2023-03-27T19:57:16.635+0000] {manager.py:854} INFO - 
================================================================================
DAG File Processing Stats

File Path                                               PID    Runtime      # DAGs    # Errors  Last Runtime    Last Run
------------------------------------------------------  -----  ---------  --------  ----------  --------------  -------------------
/opt/bitnami/airflow/dags/scripts/first_load_tables.py                           0           0  0.16s           2023-03-27T19:57:03
/opt/bitnami/airflow/dags/scripts/podcast.py                                     0           0  2.14s           2023-03-27T19:57:03
/opt/bitnami/airflow/dags/scripts/tables.py                                      0           0  2.13s           2023-03-27T19:57:03
/opt/bitnami/airflow/dags/dag_extraction_podcast.py                              1           0  2.83s           2023-03-27T19:56:51
/opt/bitnami/airflow/dags/dag_extraction_tables_gb.py                            1           0  2.32s           2023-03-27T19:57:12
/opt/bitnami/airflow/dags/dag_first_load_tables.py                               1           0  0.43s           2023-03-27T19:57:04
================================================================================
[2023-03-27T19:57:19.703+0000] {manager.py:726} INFO - Searching for files in /opt/bitnami/airflow/dags
[2023-03-27T19:57:19.851+0000] {manager.py:729} INFO - There are 6 files in /opt/bitnami/airflow/dags
[2023-03-27T19:57:30.285+0000] {manager.py:726} INFO - Searching for files in /opt/bitnami/airflow/dags
[2023-03-27T19:57:30.383+0000] {manager.py:729} INFO - There are 6 files in /opt/bitnami/airflow/dags
[2023-03-27T19:57:40.324+0000] {manager.py:726} INFO - Searching for files in /opt/bitnami/airflow/dags
[2023-03-27T19:57:40.439+0000] {manager.py:729} INFO - There are 6 files in /opt/bitnami/airflow/dags
[2023-03-27T19:57:47.088+0000] {manager.py:854} INFO - 
================================================================================
DAG File Processing Stats

File Path                                                 PID  Runtime      # DAGs    # Errors  Last Runtime    Last Run
------------------------------------------------------  -----  ---------  --------  ----------  --------------  -------------------
/opt/bitnami/airflow/dags/scripts/first_load_tables.py                           0           0  0.22s           2023-03-27T19:57:36
/opt/bitnami/airflow/dags/scripts/podcast.py                                     0           0  2.17s           2023-03-27T19:57:36
/opt/bitnami/airflow/dags/scripts/tables.py                                      0           0  2.19s           2023-03-27T19:57:36
/opt/bitnami/airflow/dags/dag_extraction_podcast.py       807  2.03s             1           0  2.69s           2023-03-27T19:57:40
/opt/bitnami/airflow/dags/dag_extraction_tables_gb.py                            1           0  2.53s           2023-03-27T19:57:25
/opt/bitnami/airflow/dags/dag_first_load_tables.py                               1           0  0.57s           2023-03-27T19:57:37
================================================================================
[2023-03-27T19:57:50.719+0000] {manager.py:726} INFO - Searching for files in /opt/bitnami/airflow/dags
[2023-03-27T19:57:50.827+0000] {manager.py:729} INFO - There are 6 files in /opt/bitnami/airflow/dags
