[2023-03-27T19:51:57.740+0000] {taskinstance.py:1084} INFO - Dependencies all met for dep_context=non-requeueable deps ti=<TaskInstance: first_load_tables.first_load_tables manual__2023-03-27T19:51:48.192176+00:00 [queued]>
[2023-03-27T19:51:57.792+0000] {taskinstance.py:1084} INFO - Dependencies all met for dep_context=requeueable deps ti=<TaskInstance: first_load_tables.first_load_tables manual__2023-03-27T19:51:48.192176+00:00 [queued]>
[2023-03-27T19:51:57.794+0000] {taskinstance.py:1282} INFO - 
--------------------------------------------------------------------------------
[2023-03-27T19:51:57.796+0000] {taskinstance.py:1283} INFO - Starting attempt 1 of 2
[2023-03-27T19:51:57.797+0000] {taskinstance.py:1284} INFO - 
--------------------------------------------------------------------------------
[2023-03-27T19:51:57.893+0000] {taskinstance.py:1303} INFO - Executing <Task(PythonOperator): first_load_tables> on 2023-03-27 19:51:48.192176+00:00
[2023-03-27T19:51:57.914+0000] {standard_task_runner.py:55} INFO - Started process 301 to run task
[2023-03-27T19:51:57.922+0000] {standard_task_runner.py:82} INFO - Running: ['airflow', 'tasks', 'run', 'first_load_tables', 'first_load_tables', 'manual__2023-03-27T19:51:48.192176+00:00', '--job-id', '3', '--raw', '--subdir', 'DAGS_FOLDER/dag_first_load_tables.py', '--cfg-path', '/tmp/tmpzxn3khh3']
[2023-03-27T19:51:57.924+0000] {standard_task_runner.py:83} INFO - Job 3: Subtask first_load_tables
[2023-03-27T19:51:58.303+0000] {task_command.py:388} INFO - Running <TaskInstance: first_load_tables.first_load_tables manual__2023-03-27T19:51:48.192176+00:00 [running]> on host 9cbe97b22cd5
[2023-03-27T19:51:58.712+0000] {taskinstance.py:1509} INFO - Exporting the following env vars:
AIRFLOW_CTX_DAG_OWNER=airflow
AIRFLOW_CTX_DAG_ID=first_load_tables
AIRFLOW_CTX_TASK_ID=first_load_tables
AIRFLOW_CTX_EXECUTION_DATE=2023-03-27T19:51:48.192176+00:00
AIRFLOW_CTX_TRY_NUMBER=1
AIRFLOW_CTX_DAG_RUN_ID=manual__2023-03-27T19:51:48.192176+00:00
[2023-03-27T19:52:00.281+0000] {logging_mixin.py:137} INFO - Table base_2017 created - done!
[2023-03-27T19:54:22.581+0000] {logging_mixin.py:137} INFO - Table base_2017 data loaded - done!
[2023-03-27T19:54:22.731+0000] {logging_mixin.py:137} INFO - Table base_2018 created - done!
[2023-03-27T19:56:45.557+0000] {logging_mixin.py:137} INFO - Table base_2018 data loaded - done!
[2023-03-27T19:56:45.713+0000] {logging_mixin.py:137} INFO - Table base_2019 created - done!
